<?xml version="1.0" encoding="UTF-8"?>
<testsuite name="com.neeraj.tinyurl.controller.TinnyURLDynamicControllerTest" tests="121" skipped="0" failures="0" errors="0" timestamp="2019-11-11T04:48:03" hostname="LAPTOP-TMHEIUI3" time="1.578">
  <properties/>
  <testcase name="perform_a_recursive_test()[1]" classname="com.neeraj.tinyurl.controller.TinnyURLDynamicControllerTest" time="0.046"/>
  <testcase name="perform_a_recursive_test()[2]" classname="com.neeraj.tinyurl.controller.TinnyURLDynamicControllerTest" time="0.056"/>
  <testcase name="perform_a_recursive_test()[3]" classname="com.neeraj.tinyurl.controller.TinnyURLDynamicControllerTest" time="0.092"/>
  <testcase name="perform_a_recursive_test()[4]" classname="com.neeraj.tinyurl.controller.TinnyURLDynamicControllerTest" time="0.069"/>
  <testcase name="perform_a_recursive_test()[5]" classname="com.neeraj.tinyurl.controller.TinnyURLDynamicControllerTest" time="0.046"/>
  <testcase name="perform_a_recursive_test()[6]" classname="com.neeraj.tinyurl.controller.TinnyURLDynamicControllerTest" time="0.036"/>
  <testcase name="perform_a_recursive_test()[7]" classname="com.neeraj.tinyurl.controller.TinnyURLDynamicControllerTest" time="0.034"/>
  <testcase name="perform_a_recursive_test()[8]" classname="com.neeraj.tinyurl.controller.TinnyURLDynamicControllerTest" time="0.01"/>
  <testcase name="perform_a_recursive_test()[9]" classname="com.neeraj.tinyurl.controller.TinnyURLDynamicControllerTest" time="0.007"/>
  <testcase name="perform_a_recursive_test()[10]" classname="com.neeraj.tinyurl.controller.TinnyURLDynamicControllerTest" time="0.007"/>
  <testcase name="perform_a_recursive_test()[11]" classname="com.neeraj.tinyurl.controller.TinnyURLDynamicControllerTest" time="0.007"/>
  <testcase name="perform_a_recursive_test()[12]" classname="com.neeraj.tinyurl.controller.TinnyURLDynamicControllerTest" time="0.008"/>
  <testcase name="perform_a_recursive_test()[13]" classname="com.neeraj.tinyurl.controller.TinnyURLDynamicControllerTest" time="0.009"/>
  <testcase name="perform_a_recursive_test()[14]" classname="com.neeraj.tinyurl.controller.TinnyURLDynamicControllerTest" time="0.008"/>
  <testcase name="perform_a_recursive_test()[15]" classname="com.neeraj.tinyurl.controller.TinnyURLDynamicControllerTest" time="0.01"/>
  <testcase name="perform_a_recursive_test()[16]" classname="com.neeraj.tinyurl.controller.TinnyURLDynamicControllerTest" time="0.009"/>
  <testcase name="perform_a_recursive_test()[17]" classname="com.neeraj.tinyurl.controller.TinnyURLDynamicControllerTest" time="0.009"/>
  <testcase name="perform_a_recursive_test()[18]" classname="com.neeraj.tinyurl.controller.TinnyURLDynamicControllerTest" time="0.014"/>
  <testcase name="perform_a_recursive_test()[19]" classname="com.neeraj.tinyurl.controller.TinnyURLDynamicControllerTest" time="0.007"/>
  <testcase name="perform_a_recursive_test()[20]" classname="com.neeraj.tinyurl.controller.TinnyURLDynamicControllerTest" time="0.006"/>
  <testcase name="perform_a_recursive_test()[21]" classname="com.neeraj.tinyurl.controller.TinnyURLDynamicControllerTest" time="0.006"/>
  <testcase name="perform_a_recursive_test()[22]" classname="com.neeraj.tinyurl.controller.TinnyURLDynamicControllerTest" time="0.01"/>
  <testcase name="perform_a_recursive_test()[23]" classname="com.neeraj.tinyurl.controller.TinnyURLDynamicControllerTest" time="0.01"/>
  <testcase name="perform_a_recursive_test()[24]" classname="com.neeraj.tinyurl.controller.TinnyURLDynamicControllerTest" time="0.008"/>
  <testcase name="perform_a_recursive_test()[25]" classname="com.neeraj.tinyurl.controller.TinnyURLDynamicControllerTest" time="0.006"/>
  <testcase name="perform_a_recursive_test()[26]" classname="com.neeraj.tinyurl.controller.TinnyURLDynamicControllerTest" time="0.007"/>
  <testcase name="perform_a_recursive_test()[27]" classname="com.neeraj.tinyurl.controller.TinnyURLDynamicControllerTest" time="0.009"/>
  <testcase name="perform_a_recursive_test()[28]" classname="com.neeraj.tinyurl.controller.TinnyURLDynamicControllerTest" time="0.008"/>
  <testcase name="perform_a_recursive_test()[29]" classname="com.neeraj.tinyurl.controller.TinnyURLDynamicControllerTest" time="0.008"/>
  <testcase name="perform_a_recursive_test()[30]" classname="com.neeraj.tinyurl.controller.TinnyURLDynamicControllerTest" time="0.009"/>
  <testcase name="perform_a_recursive_test()[31]" classname="com.neeraj.tinyurl.controller.TinnyURLDynamicControllerTest" time="0.008"/>
  <testcase name="perform_a_recursive_test()[32]" classname="com.neeraj.tinyurl.controller.TinnyURLDynamicControllerTest" time="0.009"/>
  <testcase name="perform_a_recursive_test()[33]" classname="com.neeraj.tinyurl.controller.TinnyURLDynamicControllerTest" time="0.007"/>
  <testcase name="perform_a_recursive_test()[34]" classname="com.neeraj.tinyurl.controller.TinnyURLDynamicControllerTest" time="0.019"/>
  <testcase name="perform_a_recursive_test()[35]" classname="com.neeraj.tinyurl.controller.TinnyURLDynamicControllerTest" time="0.01"/>
  <testcase name="perform_a_recursive_test()[36]" classname="com.neeraj.tinyurl.controller.TinnyURLDynamicControllerTest" time="0.011"/>
  <testcase name="perform_a_recursive_test()[37]" classname="com.neeraj.tinyurl.controller.TinnyURLDynamicControllerTest" time="0.01"/>
  <testcase name="perform_a_recursive_test()[38]" classname="com.neeraj.tinyurl.controller.TinnyURLDynamicControllerTest" time="0.01"/>
  <testcase name="perform_a_recursive_test()[39]" classname="com.neeraj.tinyurl.controller.TinnyURLDynamicControllerTest" time="0.007"/>
  <testcase name="perform_a_recursive_test()[40]" classname="com.neeraj.tinyurl.controller.TinnyURLDynamicControllerTest" time="0.007"/>
  <testcase name="perform_a_recursive_test()[41]" classname="com.neeraj.tinyurl.controller.TinnyURLDynamicControllerTest" time="0.008"/>
  <testcase name="perform_a_recursive_test()[42]" classname="com.neeraj.tinyurl.controller.TinnyURLDynamicControllerTest" time="0.006"/>
  <testcase name="perform_a_recursive_test()[43]" classname="com.neeraj.tinyurl.controller.TinnyURLDynamicControllerTest" time="0.017"/>
  <testcase name="perform_a_recursive_test()[44]" classname="com.neeraj.tinyurl.controller.TinnyURLDynamicControllerTest" time="0.009"/>
  <testcase name="perform_a_recursive_test()[45]" classname="com.neeraj.tinyurl.controller.TinnyURLDynamicControllerTest" time="0.006"/>
  <testcase name="perform_a_recursive_test()[46]" classname="com.neeraj.tinyurl.controller.TinnyURLDynamicControllerTest" time="0.01"/>
  <testcase name="perform_a_recursive_test()[47]" classname="com.neeraj.tinyurl.controller.TinnyURLDynamicControllerTest" time="0.014"/>
  <testcase name="perform_a_recursive_test()[48]" classname="com.neeraj.tinyurl.controller.TinnyURLDynamicControllerTest" time="0.006"/>
  <testcase name="perform_a_recursive_test()[49]" classname="com.neeraj.tinyurl.controller.TinnyURLDynamicControllerTest" time="0.014"/>
  <testcase name="perform_a_recursive_test()[50]" classname="com.neeraj.tinyurl.controller.TinnyURLDynamicControllerTest" time="0.009"/>
  <testcase name="perform_a_recursive_test()[51]" classname="com.neeraj.tinyurl.controller.TinnyURLDynamicControllerTest" time="0.015"/>
  <testcase name="perform_a_recursive_test()[52]" classname="com.neeraj.tinyurl.controller.TinnyURLDynamicControllerTest" time="0.009"/>
  <testcase name="perform_a_recursive_test()[53]" classname="com.neeraj.tinyurl.controller.TinnyURLDynamicControllerTest" time="0.011"/>
  <testcase name="perform_a_recursive_test()[54]" classname="com.neeraj.tinyurl.controller.TinnyURLDynamicControllerTest" time="0.009"/>
  <testcase name="perform_a_recursive_test()[55]" classname="com.neeraj.tinyurl.controller.TinnyURLDynamicControllerTest" time="0.009"/>
  <testcase name="perform_a_recursive_test()[56]" classname="com.neeraj.tinyurl.controller.TinnyURLDynamicControllerTest" time="0.01"/>
  <testcase name="perform_a_recursive_test()[57]" classname="com.neeraj.tinyurl.controller.TinnyURLDynamicControllerTest" time="0.007"/>
  <testcase name="perform_a_recursive_test()[58]" classname="com.neeraj.tinyurl.controller.TinnyURLDynamicControllerTest" time="0.009"/>
  <testcase name="perform_a_recursive_test()[59]" classname="com.neeraj.tinyurl.controller.TinnyURLDynamicControllerTest" time="0.007"/>
  <testcase name="perform_a_recursive_test()[60]" classname="com.neeraj.tinyurl.controller.TinnyURLDynamicControllerTest" time="0.014"/>
  <testcase name="perform_a_recursive_test()[61]" classname="com.neeraj.tinyurl.controller.TinnyURLDynamicControllerTest" time="0.007"/>
  <testcase name="perform_a_recursive_test()[62]" classname="com.neeraj.tinyurl.controller.TinnyURLDynamicControllerTest" time="0.005"/>
  <testcase name="perform_a_recursive_test()[63]" classname="com.neeraj.tinyurl.controller.TinnyURLDynamicControllerTest" time="0.006"/>
  <testcase name="perform_a_recursive_test()[64]" classname="com.neeraj.tinyurl.controller.TinnyURLDynamicControllerTest" time="0.006"/>
  <testcase name="perform_a_recursive_test()[65]" classname="com.neeraj.tinyurl.controller.TinnyURLDynamicControllerTest" time="0.005"/>
  <testcase name="perform_a_recursive_test()[66]" classname="com.neeraj.tinyurl.controller.TinnyURLDynamicControllerTest" time="0.006"/>
  <testcase name="perform_a_recursive_test()[67]" classname="com.neeraj.tinyurl.controller.TinnyURLDynamicControllerTest" time="0.008"/>
  <testcase name="perform_a_recursive_test()[68]" classname="com.neeraj.tinyurl.controller.TinnyURLDynamicControllerTest" time="0.006"/>
  <testcase name="perform_a_recursive_test()[69]" classname="com.neeraj.tinyurl.controller.TinnyURLDynamicControllerTest" time="0.008"/>
  <testcase name="perform_a_recursive_test()[70]" classname="com.neeraj.tinyurl.controller.TinnyURLDynamicControllerTest" time="0.008"/>
  <testcase name="perform_a_recursive_test()[71]" classname="com.neeraj.tinyurl.controller.TinnyURLDynamicControllerTest" time="0.02"/>
  <testcase name="perform_a_recursive_test()[72]" classname="com.neeraj.tinyurl.controller.TinnyURLDynamicControllerTest" time="0.007"/>
  <testcase name="perform_a_recursive_test()[73]" classname="com.neeraj.tinyurl.controller.TinnyURLDynamicControllerTest" time="0.021"/>
  <testcase name="perform_a_recursive_test()[74]" classname="com.neeraj.tinyurl.controller.TinnyURLDynamicControllerTest" time="0.032"/>
  <testcase name="perform_a_recursive_test()[75]" classname="com.neeraj.tinyurl.controller.TinnyURLDynamicControllerTest" time="0.009"/>
  <testcase name="perform_a_recursive_test()[76]" classname="com.neeraj.tinyurl.controller.TinnyURLDynamicControllerTest" time="0.008"/>
  <testcase name="perform_a_recursive_test()[77]" classname="com.neeraj.tinyurl.controller.TinnyURLDynamicControllerTest" time="0.008"/>
  <testcase name="perform_a_recursive_test()[78]" classname="com.neeraj.tinyurl.controller.TinnyURLDynamicControllerTest" time="0.017"/>
  <testcase name="perform_a_recursive_test()[79]" classname="com.neeraj.tinyurl.controller.TinnyURLDynamicControllerTest" time="0.006"/>
  <testcase name="perform_a_recursive_test()[80]" classname="com.neeraj.tinyurl.controller.TinnyURLDynamicControllerTest" time="0.006"/>
  <testcase name="perform_a_recursive_test()[81]" classname="com.neeraj.tinyurl.controller.TinnyURLDynamicControllerTest" time="0.014"/>
  <testcase name="perform_a_recursive_test()[82]" classname="com.neeraj.tinyurl.controller.TinnyURLDynamicControllerTest" time="0.008"/>
  <testcase name="perform_a_recursive_test()[83]" classname="com.neeraj.tinyurl.controller.TinnyURLDynamicControllerTest" time="0.009"/>
  <testcase name="perform_a_recursive_test()[84]" classname="com.neeraj.tinyurl.controller.TinnyURLDynamicControllerTest" time="0.009"/>
  <testcase name="perform_a_recursive_test()[85]" classname="com.neeraj.tinyurl.controller.TinnyURLDynamicControllerTest" time="0.008"/>
  <testcase name="perform_a_recursive_test()[86]" classname="com.neeraj.tinyurl.controller.TinnyURLDynamicControllerTest" time="0.01"/>
  <testcase name="perform_a_recursive_test()[87]" classname="com.neeraj.tinyurl.controller.TinnyURLDynamicControllerTest" time="0.009"/>
  <testcase name="perform_a_recursive_test()[88]" classname="com.neeraj.tinyurl.controller.TinnyURLDynamicControllerTest" time="0.008"/>
  <testcase name="perform_a_recursive_test()[89]" classname="com.neeraj.tinyurl.controller.TinnyURLDynamicControllerTest" time="0.007"/>
  <testcase name="perform_a_recursive_test()[90]" classname="com.neeraj.tinyurl.controller.TinnyURLDynamicControllerTest" time="0.011"/>
  <testcase name="perform_a_recursive_test()[91]" classname="com.neeraj.tinyurl.controller.TinnyURLDynamicControllerTest" time="0.015"/>
  <testcase name="perform_a_recursive_test()[92]" classname="com.neeraj.tinyurl.controller.TinnyURLDynamicControllerTest" time="0.008"/>
  <testcase name="perform_a_recursive_test()[93]" classname="com.neeraj.tinyurl.controller.TinnyURLDynamicControllerTest" time="0.017"/>
  <testcase name="perform_a_recursive_test()[94]" classname="com.neeraj.tinyurl.controller.TinnyURLDynamicControllerTest" time="0.021"/>
  <testcase name="perform_a_recursive_test()[95]" classname="com.neeraj.tinyurl.controller.TinnyURLDynamicControllerTest" time="0.006"/>
  <testcase name="perform_a_recursive_test()[96]" classname="com.neeraj.tinyurl.controller.TinnyURLDynamicControllerTest" time="0.011"/>
  <testcase name="perform_a_recursive_test()[97]" classname="com.neeraj.tinyurl.controller.TinnyURLDynamicControllerTest" time="0.006"/>
  <testcase name="perform_a_recursive_test()[98]" classname="com.neeraj.tinyurl.controller.TinnyURLDynamicControllerTest" time="0.008"/>
  <testcase name="perform_a_recursive_test()[99]" classname="com.neeraj.tinyurl.controller.TinnyURLDynamicControllerTest" time="0.006"/>
  <testcase name="perform_a_recursive_test()[100]" classname="com.neeraj.tinyurl.controller.TinnyURLDynamicControllerTest" time="0.006"/>
  <testcase name="perform_a_recursive_test()[101]" classname="com.neeraj.tinyurl.controller.TinnyURLDynamicControllerTest" time="0.005"/>
  <testcase name="perform_a_recursive_test()[102]" classname="com.neeraj.tinyurl.controller.TinnyURLDynamicControllerTest" time="0.007"/>
  <testcase name="perform_a_recursive_test()[103]" classname="com.neeraj.tinyurl.controller.TinnyURLDynamicControllerTest" time="0.011"/>
  <testcase name="perform_a_recursive_test()[104]" classname="com.neeraj.tinyurl.controller.TinnyURLDynamicControllerTest" time="0.008"/>
  <testcase name="perform_a_recursive_test()[105]" classname="com.neeraj.tinyurl.controller.TinnyURLDynamicControllerTest" time="0.007"/>
  <testcase name="perform_a_recursive_test()[106]" classname="com.neeraj.tinyurl.controller.TinnyURLDynamicControllerTest" time="0.034"/>
  <testcase name="perform_a_recursive_test()[107]" classname="com.neeraj.tinyurl.controller.TinnyURLDynamicControllerTest" time="0.009"/>
  <testcase name="perform_a_recursive_test()[108]" classname="com.neeraj.tinyurl.controller.TinnyURLDynamicControllerTest" time="0.011"/>
  <testcase name="perform_a_recursive_test()[109]" classname="com.neeraj.tinyurl.controller.TinnyURLDynamicControllerTest" time="0.008"/>
  <testcase name="perform_a_recursive_test()[110]" classname="com.neeraj.tinyurl.controller.TinnyURLDynamicControllerTest" time="0.01"/>
  <testcase name="perform_a_recursive_test()[111]" classname="com.neeraj.tinyurl.controller.TinnyURLDynamicControllerTest" time="0.011"/>
  <testcase name="perform_a_recursive_test()[112]" classname="com.neeraj.tinyurl.controller.TinnyURLDynamicControllerTest" time="0.008"/>
  <testcase name="perform_a_recursive_test()[113]" classname="com.neeraj.tinyurl.controller.TinnyURLDynamicControllerTest" time="0.007"/>
  <testcase name="perform_a_recursive_test()[114]" classname="com.neeraj.tinyurl.controller.TinnyURLDynamicControllerTest" time="0.007"/>
  <testcase name="perform_a_recursive_test()[115]" classname="com.neeraj.tinyurl.controller.TinnyURLDynamicControllerTest" time="0.02"/>
  <testcase name="perform_a_recursive_test()[116]" classname="com.neeraj.tinyurl.controller.TinnyURLDynamicControllerTest" time="0.015"/>
  <testcase name="perform_a_recursive_test()[117]" classname="com.neeraj.tinyurl.controller.TinnyURLDynamicControllerTest" time="0.008"/>
  <testcase name="perform_a_recursive_test()[118]" classname="com.neeraj.tinyurl.controller.TinnyURLDynamicControllerTest" time="0.01"/>
  <testcase name="perform_a_recursive_test()[119]" classname="com.neeraj.tinyurl.controller.TinnyURLDynamicControllerTest" time="0.009"/>
  <testcase name="perform_a_recursive_test()[120]" classname="com.neeraj.tinyurl.controller.TinnyURLDynamicControllerTest" time="0.01"/>
  <testcase name="perform_a_recursive_test()[121]" classname="com.neeraj.tinyurl.controller.TinnyURLDynamicControllerTest" time="0.007"/>
  <system-out><![CDATA[2019-11-10 23:48:03.270  INFO 14308 --- [    Test worker] .b.t.c.SpringBootTestContextBootstrapper : Neither @ContextConfiguration nor @ContextHierarchy found for test class [com.neeraj.tinyurl.controller.TinnyURLDynamicControllerTest], using SpringBootContextLoader
2019-11-10 23:48:03.273  INFO 14308 --- [    Test worker] o.s.t.c.support.AbstractContextLoader    : Could not detect default resource locations for test class [com.neeraj.tinyurl.controller.TinnyURLDynamicControllerTest]: no resource found for suffixes {-context.xml, Context.groovy}.
2019-11-10 23:48:03.273  INFO 14308 --- [    Test worker] t.c.s.AnnotationConfigContextLoaderUtils : Could not detect default configuration classes for test class [com.neeraj.tinyurl.controller.TinnyURLDynamicControllerTest]: TinnyURLDynamicControllerTest does not declare any static, non-private, non-final, nested classes annotated with @Configuration.
2019-11-10 23:48:03.279  INFO 14308 --- [    Test worker] .b.t.c.SpringBootTestContextBootstrapper : Found @SpringBootConfiguration com.neeraj.tinyurl.TinyurlApplication for test class com.neeraj.tinyurl.controller.TinnyURLDynamicControllerTest
2019-11-10 23:48:03.284  INFO 14308 --- [    Test worker] .b.t.c.SpringBootTestContextBootstrapper : Loaded default TestExecutionListener class names from location [META-INF/spring.factories]: [org.springframework.boot.test.autoconfigure.restdocs.RestDocsTestExecutionListener, org.springframework.boot.test.autoconfigure.web.client.MockRestServiceServerResetTestExecutionListener, org.springframework.boot.test.autoconfigure.web.servlet.MockMvcPrintOnlyOnFailureTestExecutionListener, org.springframework.boot.test.autoconfigure.web.servlet.WebDriverTestExecutionListener, org.springframework.boot.test.mock.mockito.MockitoTestExecutionListener, org.springframework.boot.test.mock.mockito.ResetMocksTestExecutionListener, org.springframework.test.context.web.ServletTestExecutionListener, org.springframework.test.context.support.DirtiesContextBeforeModesTestExecutionListener, org.springframework.test.context.support.DependencyInjectionTestExecutionListener, org.springframework.test.context.support.DirtiesContextTestExecutionListener, org.springframework.test.context.transaction.TransactionalTestExecutionListener, org.springframework.test.context.jdbc.SqlScriptsTestExecutionListener, org.springframework.test.context.event.EventPublishingTestExecutionListener]
2019-11-10 23:48:03.285  INFO 14308 --- [    Test worker] .b.t.c.SpringBootTestContextBootstrapper : Using TestExecutionListeners: [org.springframework.test.context.web.ServletTestExecutionListener@318110e, org.springframework.test.context.support.DirtiesContextBeforeModesTestExecutionListener@57e184fa, org.springframework.boot.test.mock.mockito.MockitoTestExecutionListener@7ee5e053, org.springframework.boot.test.autoconfigure.SpringBootDependencyInjectionTestExecutionListener@22465021, org.springframework.test.context.support.DirtiesContextTestExecutionListener@6195b506, org.springframework.test.context.transaction.TransactionalTestExecutionListener@3a883b9a, org.springframework.test.context.jdbc.SqlScriptsTestExecutionListener@6bbea3e0, org.springframework.test.context.event.EventPublishingTestExecutionListener@7be921ee, org.springframework.boot.test.autoconfigure.restdocs.RestDocsTestExecutionListener@37989610, org.springframework.boot.test.autoconfigure.web.client.MockRestServiceServerResetTestExecutionListener@4cb72f92, org.springframework.boot.test.autoconfigure.web.servlet.MockMvcPrintOnlyOnFailureTestExecutionListener@52082447, org.springframework.boot.test.autoconfigure.web.servlet.WebDriverTestExecutionListener@60dc99b9, org.springframework.boot.test.mock.mockito.ResetMocksTestExecutionListener@1307aba4]
shortURL = SignUpRequestDto(userID=Test3, usagePlan=PREMIUM)
Hibernate: select count(userdetail0_.id) as col_0_0_ from user_details_entity userdetail0_ where userdetail0_.user_name=?
Hibernate: call next value for hibernate_sequence
Hibernate: insert into user_details_entity (access_token, no_of_requests_per_day, usage_plan, user_name, id) values (?, ?, ?, ?, ?)
shortURL = SignUpRequestDto(userID=abc123, usagePlan=PREMIUM)
Hibernate: select count(userdetail0_.id) as col_0_0_ from user_details_entity userdetail0_ where userdetail0_.user_name=?
Hibernate: call next value for hibernate_sequence
Hibernate: insert into user_details_entity (access_token, no_of_requests_per_day, usage_plan, user_name, id) values (?, ?, ?, ?, ?)
shortURL = SignUpRequestDto(userID=test3, usagePlan=PREMIUM)
Hibernate: select count(userdetail0_.id) as col_0_0_ from user_details_entity userdetail0_ where userdetail0_.user_name=?
Hibernate: call next value for hibernate_sequence
Hibernate: insert into user_details_entity (access_token, no_of_requests_per_day, usage_plan, user_name, id) values (?, ?, ?, ?, ?)
shortURL = SignUpRequestDto(userID=Abc1, usagePlan=PREMIUM)
Hibernate: select count(userdetail0_.id) as col_0_0_ from user_details_entity userdetail0_ where userdetail0_.user_name=?
Hibernate: call next value for hibernate_sequence
Hibernate: insert into user_details_entity (access_token, no_of_requests_per_day, usage_plan, user_name, id) values (?, ?, ?, ?, ?)
shortURL = SignUpRequestDto(userID=abc568, usagePlan=PREMIUM)
Hibernate: select count(userdetail0_.id) as col_0_0_ from user_details_entity userdetail0_ where userdetail0_.user_name=?
Hibernate: call next value for hibernate_sequence
Hibernate: insert into user_details_entity (access_token, no_of_requests_per_day, usage_plan, user_name, id) values (?, ?, ?, ?, ?)
shortURL = SignUpRequestDto(userID=abc234, usagePlan=PREMIUM)
Hibernate: select count(userdetail0_.id) as col_0_0_ from user_details_entity userdetail0_ where userdetail0_.user_name=?
Hibernate: call next value for hibernate_sequence
Hibernate: insert into user_details_entity (access_token, no_of_requests_per_day, usage_plan, user_name, id) values (?, ?, ?, ?, ?)
shortURL = SignUpRequestDto(userID=abc1, usagePlan=PREMIUM)
Hibernate: select count(userdetail0_.id) as col_0_0_ from user_details_entity userdetail0_ where userdetail0_.user_name=?
Hibernate: call next value for hibernate_sequence
Hibernate: insert into user_details_entity (access_token, no_of_requests_per_day, usage_plan, user_name, id) values (?, ?, ?, ?, ?)
longURL = https://www.Test3.com/search?q=junit+5+dynamic+tests+examples&safe=active&rlz=1C1SQJL_enUS807US807&sxsrf=ACYBGNQrwYwyQkGyeiAk-ntGDjR4M8mCwg:1571491152998&source=lnms&tbm=vid&sa=X&ved=0ahUKEwi-qMTftKjlAhUHh-AKHZAPClIQ_AUIEygC&biw=1536&bih=754, userID = Test3
longURL = https://www.google.com/search?q=junit+5+dynamic+tests+examples&safe=active&rlz=1C1SQJL_enUS807US807&sxsrf=ACYBGNQrwYwyQkGyeiAk-ntGDjR4M8mCwg:1571491152998&source=lnms&tbm=vid&sa=X&ved=0ahUKEwi-qMTftKjlAhUHh-AKHZAPClIQ_AUIEygC&biw=1536&bih=754, userID = abc568
longURL = https://www.test3.com/search?q=map+initialization+java+11&rlz=1C1SQJL_enUS807US807&oq=map+initialization+java+&aqs=chrome.2.69i57j0l5.5614j0j7&sourceid=chrome&ie=UTF-8, userID = test3
Hibernate: select userdetail0_.id as id1_2_, userdetail0_.access_token as access_t2_2_, userdetail0_.no_of_requests_per_day as no_of_re3_2_, userdetail0_.usage_plan as usage_pl4_2_, userdetail0_.user_name as user_nam5_2_ from user_details_entity userdetail0_ where userdetail0_.access_token=?
Hibernate: select userdetail0_.id as id1_2_, userdetail0_.access_token as access_t2_2_, userdetail0_.no_of_requests_per_day as no_of_re3_2_, userdetail0_.usage_plan as usage_pl4_2_, userdetail0_.user_name as user_nam5_2_ from user_details_entity userdetail0_ where userdetail0_.access_token=?
Hibernate: select lastaccess0_.user_name as user_nam4_1_0_, lastaccess0_.id as id1_1_0_, lastaccess0_.id as id1_1_1_, lastaccess0_.accessed_date as accessed2_1_1_, lastaccess0_.no_of_times_accessed as no_of_ti3_1_1_ from user_details_accessed_entity lastaccess0_ where lastaccess0_.user_name=?
Hibernate: select userdetail0_.id as id1_2_, userdetail0_.access_token as access_t2_2_, userdetail0_.no_of_requests_per_day as no_of_re3_2_, userdetail0_.usage_plan as usage_pl4_2_, userdetail0_.user_name as user_nam5_2_ from user_details_entity userdetail0_ where userdetail0_.access_token=?
Hibernate: select lastaccess0_.user_name as user_nam4_1_0_, lastaccess0_.id as id1_1_0_, lastaccess0_.id as id1_1_1_, lastaccess0_.accessed_date as accessed2_1_1_, lastaccess0_.no_of_times_accessed as no_of_ti3_1_1_ from user_details_accessed_entity lastaccess0_ where lastaccess0_.user_name=?
Hibernate: select userdetail0_.id as id1_2_1_, userdetail0_.access_token as access_t2_2_1_, userdetail0_.no_of_requests_per_day as no_of_re3_2_1_, userdetail0_.usage_plan as usage_pl4_2_1_, userdetail0_.user_name as user_nam5_2_1_, lastaccess1_.user_name as user_nam4_1_3_, lastaccess1_.id as id1_1_3_, lastaccess1_.id as id1_1_0_, lastaccess1_.accessed_date as accessed2_1_0_, lastaccess1_.no_of_times_accessed as no_of_ti3_1_0_ from user_details_entity userdetail0_ left outer join user_details_accessed_entity lastaccess1_ on userdetail0_.user_name=lastaccess1_.user_name where userdetail0_.id=?
Hibernate: call next value for hibernate_sequence
Hibernate: insert into user_details_accessed_entity (accessed_date, no_of_times_accessed, id) values (?, ?, ?)
Hibernate: select lastaccess0_.user_name as user_nam4_1_0_, lastaccess0_.id as id1_1_0_, lastaccess0_.id as id1_1_1_, lastaccess0_.accessed_date as accessed2_1_1_, lastaccess0_.no_of_times_accessed as no_of_ti3_1_1_ from user_details_accessed_entity lastaccess0_ where lastaccess0_.user_name=?
Hibernate: select userdetail0_.id as id1_2_1_, userdetail0_.access_token as access_t2_2_1_, userdetail0_.no_of_requests_per_day as no_of_re3_2_1_, userdetail0_.usage_plan as usage_pl4_2_1_, userdetail0_.user_name as user_nam5_2_1_, lastaccess1_.user_name as user_nam4_1_3_, lastaccess1_.id as id1_1_3_, lastaccess1_.id as id1_1_0_, lastaccess1_.accessed_date as accessed2_1_0_, lastaccess1_.no_of_times_accessed as no_of_ti3_1_0_ from user_details_entity userdetail0_ left outer join user_details_accessed_entity lastaccess1_ on userdetail0_.user_name=lastaccess1_.user_name where userdetail0_.id=?
Hibernate: call next value for hibernate_sequence
Hibernate: insert into user_details_accessed_entity (accessed_date, no_of_times_accessed, id) values (?, ?, ?)
Hibernate: select userdetail0_.id as id1_2_1_, userdetail0_.access_token as access_t2_2_1_, userdetail0_.no_of_requests_per_day as no_of_re3_2_1_, userdetail0_.usage_plan as usage_pl4_2_1_, userdetail0_.user_name as user_nam5_2_1_, lastaccess1_.user_name as user_nam4_1_3_, lastaccess1_.id as id1_1_3_, lastaccess1_.id as id1_1_0_, lastaccess1_.accessed_date as accessed2_1_0_, lastaccess1_.no_of_times_accessed as no_of_ti3_1_0_ from user_details_entity userdetail0_ left outer join user_details_accessed_entity lastaccess1_ on userdetail0_.user_name=lastaccess1_.user_name where userdetail0_.id=?
Hibernate: update user_details_accessed_entity set user_name=? where id=?
Hibernate: update user_details_accessed_entity set user_name=? where id=?
Hibernate: select userdetail0_.id as id1_2_, userdetail0_.access_token as access_t2_2_, userdetail0_.no_of_requests_per_day as no_of_re3_2_, userdetail0_.usage_plan as usage_pl4_2_, userdetail0_.user_name as user_nam5_2_ from user_details_entity userdetail0_ where userdetail0_.access_token=?
Hibernate: select lastaccess0_.user_name as user_nam4_1_0_, lastaccess0_.id as id1_1_0_, lastaccess0_.id as id1_1_1_, lastaccess0_.accessed_date as accessed2_1_1_, lastaccess0_.no_of_times_accessed as no_of_ti3_1_1_ from user_details_accessed_entity lastaccess0_ where lastaccess0_.user_name=?
Hibernate: select userdetail0_.id as id1_2_1_, userdetail0_.access_token as access_t2_2_1_, userdetail0_.no_of_requests_per_day as no_of_re3_2_1_, userdetail0_.usage_plan as usage_pl4_2_1_, userdetail0_.user_name as user_nam5_2_1_, lastaccess1_.user_name as user_nam4_1_3_, lastaccess1_.id as id1_1_3_, lastaccess1_.id as id1_1_0_, lastaccess1_.accessed_date as accessed2_1_0_, lastaccess1_.no_of_times_accessed as no_of_ti3_1_0_ from user_details_entity userdetail0_ left outer join user_details_accessed_entity lastaccess1_ on userdetail0_.user_name=lastaccess1_.user_name where userdetail0_.id=?
Hibernate: select userdetail0_.id as id1_2_, userdetail0_.access_token as access_t2_2_, userdetail0_.no_of_requests_per_day as no_of_re3_2_, userdetail0_.usage_plan as usage_pl4_2_, userdetail0_.user_name as user_nam5_2_ from user_details_entity userdetail0_ where userdetail0_.access_token=?
Hibernate: call next value for hibernate_sequence
Hibernate: insert into user_details_accessed_entity (accessed_date, no_of_times_accessed, id) values (?, ?, ?)
Hibernate: update user_details_accessed_entity set user_name=? where id=?
Hibernate: select lastaccess0_.user_name as user_nam4_1_0_, lastaccess0_.id as id1_1_0_, lastaccess0_.id as id1_1_1_, lastaccess0_.accessed_date as accessed2_1_1_, lastaccess0_.no_of_times_accessed as no_of_ti3_1_1_ from user_details_accessed_entity lastaccess0_ where lastaccess0_.user_name=?
Hibernate: select userdetail0_.id as id1_2_1_, userdetail0_.access_token as access_t2_2_1_, userdetail0_.no_of_requests_per_day as no_of_re3_2_1_, userdetail0_.usage_plan as usage_pl4_2_1_, userdetail0_.user_name as user_nam5_2_1_, lastaccess1_.user_name as user_nam4_1_3_, lastaccess1_.id as id1_1_3_, lastaccess1_.id as id1_1_0_, lastaccess1_.accessed_date as accessed2_1_0_, lastaccess1_.no_of_times_accessed as no_of_ti3_1_0_ from user_details_entity userdetail0_ left outer join user_details_accessed_entity lastaccess1_ on userdetail0_.user_name=lastaccess1_.user_name where userdetail0_.id=?
Hibernate: call next value for hibernate_sequence
Hibernate: select tinyurlent0_.id as id1_0_, tinyurlent0_.created_at as created_2_0_, tinyurlent0_.expiring_on as expiring3_0_, tinyurlent0_.longurl as longurl4_0_, tinyurlent0_.no_of_times_accessed as no_of_ti5_0_, tinyurlent0_.shorturl as shorturl6_0_, tinyurlent0_.userid as userid7_0_ from tinyurlentity tinyurlent0_ where tinyurlent0_.shorturl=?
Hibernate: call next value for hibernate_sequence
Hibernate: insert into tinyurlentity (created_at, expiring_on, longurl, no_of_times_accessed, shorturl, userid, id) values (?, ?, ?, ?, ?, ?, ?)
Hibernate: call next value for hibernate_sequence
Hibernate: insert into user_details_accessed_entity (accessed_date, no_of_times_accessed, id) values (?, ?, ?)
Hibernate: insert into user_details_accessed_entity (accessed_date, no_of_times_accessed, id) values (?, ?, ?)
Hibernate: update user_details_accessed_entity set user_name=? where id=?
Hibernate: update user_details_accessed_entity set user_name=? where id=?
Hibernate: select tinyurlent0_.id as id1_0_, tinyurlent0_.created_at as created_2_0_, tinyurlent0_.expiring_on as expiring3_0_, tinyurlent0_.longurl as longurl4_0_, tinyurlent0_.no_of_times_accessed as no_of_ti5_0_, tinyurlent0_.shorturl as shorturl6_0_, tinyurlent0_.userid as userid7_0_ from tinyurlentity tinyurlent0_ where tinyurlent0_.shorturl=?
Hibernate: call next value for hibernate_sequence
Hibernate: insert into tinyurlentity (created_at, expiring_on, longurl, no_of_times_accessed, shorturl, userid, id) values (?, ?, ?, ?, ?, ?, ?)
Hibernate: select userdetail0_.id as id1_2_, userdetail0_.access_token as access_t2_2_, userdetail0_.no_of_requests_per_day as no_of_re3_2_, userdetail0_.usage_plan as usage_pl4_2_, userdetail0_.user_name as user_nam5_2_ from user_details_entity userdetail0_ where userdetail0_.access_token=?
Hibernate: select lastaccess0_.user_name as user_nam4_1_0_, lastaccess0_.id as id1_1_0_, lastaccess0_.id as id1_1_1_, lastaccess0_.accessed_date as accessed2_1_1_, lastaccess0_.no_of_times_accessed as no_of_ti3_1_1_ from user_details_accessed_entity lastaccess0_ where lastaccess0_.user_name=?
Hibernate: select userdetail0_.id as id1_2_1_, userdetail0_.access_token as access_t2_2_1_, userdetail0_.no_of_requests_per_day as no_of_re3_2_1_, userdetail0_.usage_plan as usage_pl4_2_1_, userdetail0_.user_name as user_nam5_2_1_, lastaccess1_.user_name as user_nam4_1_3_, lastaccess1_.id as id1_1_3_, lastaccess1_.id as id1_1_0_, lastaccess1_.accessed_date as accessed2_1_0_, lastaccess1_.no_of_times_accessed as no_of_ti3_1_0_ from user_details_entity userdetail0_ left outer join user_details_accessed_entity lastaccess1_ on userdetail0_.user_name=lastaccess1_.user_name where userdetail0_.id=?
Hibernate: call next value for hibernate_sequence
Hibernate: insert into user_details_accessed_entity (accessed_date, no_of_times_accessed, id) values (?, ?, ?)
Hibernate: update user_details_accessed_entity set user_name=? where id=?
Hibernate: select tinyurlent0_.id as id1_0_, tinyurlent0_.created_at as created_2_0_, tinyurlent0_.expiring_on as expiring3_0_, tinyurlent0_.longurl as longurl4_0_, tinyurlent0_.no_of_times_accessed as no_of_ti5_0_, tinyurlent0_.shorturl as shorturl6_0_, tinyurlent0_.userid as userid7_0_ from tinyurlentity tinyurlent0_ where tinyurlent0_.shorturl=?
Hibernate: call next value for hibernate_sequence
Hibernate: insert into tinyurlentity (created_at, expiring_on, longurl, no_of_times_accessed, shorturl, userid, id) values (?, ?, ?, ?, ?, ?, ?)
2019-11-10 23:48:03.676  INFO 14308 --- [onPool-worker-3] c.n.t.controller.TinnyURLController      : created a short URL.
2019-11-10 23:48:03.680  INFO 14308 --- [onPool-worker-3] c.n.t.controller.TinnyURLController      : Request : MinifyRequestDto(userId=Test3, longURL=https://www.Test3.com/search?q=junit+5+dynamic+tests+examples&safe=active&rlz=1C1SQJL_enUS807US807&sxsrf=ACYBGNQrwYwyQkGyeiAk-ntGDjR4M8mCwg:1571491152998&source=lnms&tbm=vid&sa=X&ved=0ahUKEwi-qMTftKjlAhUHh-AKHZAPClIQ_AUIEygC&biw=1536&bih=754, shortURL=null)
2019-11-10 23:48:03.680  INFO 14308 --- [onPool-worker-7] c.n.t.controller.TinnyURLController      : created a short URL.
2019-11-10 23:48:03.680  INFO 14308 --- [onPool-worker-5] c.n.t.controller.TinnyURLController      : created a short URL.
2019-11-10 23:48:03.688  INFO 14308 --- [onPool-worker-7] c.n.t.controller.TinnyURLController      : Request : MinifyRequestDto(userId=test3, longURL=https://www.test3.com/search?q=map+initialization+java+11&rlz=1C1SQJL_enUS807US807&oq=map+initialization+java+&aqs=chrome.2.69i57j0l5.5614j0j7&sourceid=chrome&ie=UTF-8, shortURL=null)
2019-11-10 23:48:03.689  INFO 14308 --- [onPool-worker-7] c.n.t.controller.TinnyURLController      : Response : MinifyResponseDto(userId=test3, longURL=https://www.test3.com/search?q=map+initialization+java+11&rlz=1C1SQJL_enUS807US807&oq=map+initialization+java+&aqs=chrome.2.69i57j0l5.5614j0j7&sourceid=chrome&ie=UTF-8, shortURL=http://localhost:8080/expand/S8ibfHoZ32, expiringOn=2019-11-11T23:48:03.652271200)
2019-11-10 23:48:03.688  INFO 14308 --- [onPool-worker-5] c.n.t.controller.TinnyURLController      : Request : MinifyRequestDto(userId=abc568, longURL=https://www.google.com/search?q=junit+5+dynamic+tests+examples&safe=active&rlz=1C1SQJL_enUS807US807&sxsrf=ACYBGNQrwYwyQkGyeiAk-ntGDjR4M8mCwg:1571491152998&source=lnms&tbm=vid&sa=X&ved=0ahUKEwi-qMTftKjlAhUHh-AKHZAPClIQ_AUIEygC&biw=1536&bih=754, shortURL=null)
2019-11-10 23:48:03.690  INFO 14308 --- [onPool-worker-5] c.n.t.controller.TinnyURLController      : Response : MinifyResponseDto(userId=abc568, longURL=https://www.google.com/search?q=junit+5+dynamic+tests+examples&safe=active&rlz=1C1SQJL_enUS807US807&sxsrf=ACYBGNQrwYwyQkGyeiAk-ntGDjR4M8mCwg:1571491152998&source=lnms&tbm=vid&sa=X&ved=0ahUKEwi-qMTftKjlAhUHh-AKHZAPClIQ_AUIEygC&biw=1536&bih=754, shortURL=http://localhost:8080/expand/FPcXua9zY6, expiringOn=2019-11-11T23:48:03.641527300)
2019-11-10 23:48:03.694  INFO 14308 --- [onPool-worker-3] c.n.t.controller.TinnyURLController      : Response : MinifyResponseDto(userId=Test3, longURL=https://www.Test3.com/search?q=junit+5+dynamic+tests+examples&safe=active&rlz=1C1SQJL_enUS807US807&sxsrf=ACYBGNQrwYwyQkGyeiAk-ntGDjR4M8mCwg:1571491152998&source=lnms&tbm=vid&sa=X&ved=0ahUKEwi-qMTftKjlAhUHh-AKHZAPClIQ_AUIEygC&biw=1536&bih=754, shortURL=http://localhost:8080/expand/ptWLsMvcZT, expiringOn=2019-11-11T23:48:03.669833)
longURL = https://www.Abc1.com/search?q=map+initialization+java+11&rlz=1C1SQJL_enUS807US807&oq=map+initialization+java+&aqs=chrome.2.69i57j0l5.5614j0j7&sourceid=chrome&ie=UTF-8, userID = Abc1
longURL = https://www.google.com/search?q=map+initialization+java+11&rlz=1C1SQJL_enUS807US807&oq=map+initialization+java+&aqs=chrome.2.69i57j0l5.5614j0j7&sourceid=chrome&ie=UTF-8, userID = abc234
Hibernate: select userdetail0_.id as id1_2_, userdetail0_.access_token as access_t2_2_, userdetail0_.no_of_requests_per_day as no_of_re3_2_, userdetail0_.usage_plan as usage_pl4_2_, userdetail0_.user_name as user_nam5_2_ from user_details_entity userdetail0_ where userdetail0_.access_token=?
Hibernate: select lastaccess0_.user_name as user_nam4_1_0_, lastaccess0_.id as id1_1_0_, lastaccess0_.id as id1_1_1_, lastaccess0_.accessed_date as accessed2_1_1_, lastaccess0_.no_of_times_accessed as no_of_ti3_1_1_ from user_details_accessed_entity lastaccess0_ where lastaccess0_.user_name=?
Hibernate: select userdetail0_.id as id1_2_1_, userdetail0_.access_token as access_t2_2_1_, userdetail0_.no_of_requests_per_day as no_of_re3_2_1_, userdetail0_.usage_plan as usage_pl4_2_1_, userdetail0_.user_name as user_nam5_2_1_, lastaccess1_.user_name as user_nam4_1_3_, lastaccess1_.id as id1_1_3_, lastaccess1_.id as id1_1_0_, lastaccess1_.accessed_date as accessed2_1_0_, lastaccess1_.no_of_times_accessed as no_of_ti3_1_0_ from user_details_entity userdetail0_ left outer join user_details_accessed_entity lastaccess1_ on userdetail0_.user_name=lastaccess1_.user_name where userdetail0_.id=?
Hibernate: select userdetail0_.id as id1_2_, userdetail0_.access_token as access_t2_2_, userdetail0_.no_of_requests_per_day as no_of_re3_2_, userdetail0_.usage_plan as usage_pl4_2_, userdetail0_.user_name as user_nam5_2_ from user_details_entity userdetail0_ where userdetail0_.access_token=?
Hibernate: call next value for hibernate_sequence
Hibernate: select lastaccess0_.user_name as user_nam4_1_0_, lastaccess0_.id as id1_1_0_, lastaccess0_.id as id1_1_1_, lastaccess0_.accessed_date as accessed2_1_1_, lastaccess0_.no_of_times_accessed as no_of_ti3_1_1_ from user_details_accessed_entity lastaccess0_ where lastaccess0_.user_name=?
Hibernate: insert into user_details_accessed_entity (accessed_date, no_of_times_accessed, id) values (?, ?, ?)
Hibernate: update user_details_accessed_entity set user_name=? where id=?
Hibernate: select userdetail0_.id as id1_2_, userdetail0_.access_token as access_t2_2_, userdetail0_.no_of_requests_per_day as no_of_re3_2_, userdetail0_.usage_plan as usage_pl4_2_, userdetail0_.user_name as user_nam5_2_ from user_details_entity userdetail0_ where userdetail0_.access_token=?
Hibernate: select lastaccess0_.user_name as user_nam4_1_0_, lastaccess0_.id as id1_1_0_, lastaccess0_.id as id1_1_1_, lastaccess0_.accessed_date as accessed2_1_1_, lastaccess0_.no_of_times_accessed as no_of_ti3_1_1_ from user_details_accessed_entity lastaccess0_ where lastaccess0_.user_name=?
Hibernate: select userdetail0_.id as id1_2_1_, userdetail0_.access_token as access_t2_2_1_, userdetail0_.no_of_requests_per_day as no_of_re3_2_1_, userdetail0_.usage_plan as usage_pl4_2_1_, userdetail0_.user_name as user_nam5_2_1_, lastaccess1_.user_name as user_nam4_1_3_, lastaccess1_.id as id1_1_3_, lastaccess1_.id as id1_1_0_, lastaccess1_.accessed_date as accessed2_1_0_, lastaccess1_.no_of_times_accessed as no_of_ti3_1_0_ from user_details_entity userdetail0_ left outer join user_details_accessed_entity lastaccess1_ on userdetail0_.user_name=lastaccess1_.user_name where userdetail0_.id=?
Hibernate: call next value for hibernate_sequence
Hibernate: insert into user_details_accessed_entity (accessed_date, no_of_times_accessed, id) values (?, ?, ?)
Hibernate: select userdetail0_.id as id1_2_1_, userdetail0_.access_token as access_t2_2_1_, userdetail0_.no_of_requests_per_day as no_of_re3_2_1_, userdetail0_.usage_plan as usage_pl4_2_1_, userdetail0_.user_name as user_nam5_2_1_, lastaccess1_.user_name as user_nam4_1_3_, lastaccess1_.id as id1_1_3_, lastaccess1_.id as id1_1_0_, lastaccess1_.accessed_date as accessed2_1_0_, lastaccess1_.no_of_times_accessed as no_of_ti3_1_0_ from user_details_entity userdetail0_ left outer join user_details_accessed_entity lastaccess1_ on userdetail0_.user_name=lastaccess1_.user_name where userdetail0_.id=?
Hibernate: update user_details_accessed_entity set user_name=? where id=?
Hibernate: select tinyurlent0_.id as id1_0_, tinyurlent0_.created_at as created_2_0_, tinyurlent0_.expiring_on as expiring3_0_, tinyurlent0_.longurl as longurl4_0_, tinyurlent0_.no_of_times_accessed as no_of_ti5_0_, tinyurlent0_.shorturl as shorturl6_0_, tinyurlent0_.userid as userid7_0_ from tinyurlentity tinyurlent0_ where tinyurlent0_.shorturl=?
Hibernate: call next value for hibernate_sequence
Hibernate: call next value for hibernate_sequence
Hibernate: insert into tinyurlentity (created_at, expiring_on, longurl, no_of_times_accessed, shorturl, userid, id) values (?, ?, ?, ?, ?, ?, ?)
Hibernate: insert into user_details_accessed_entity (accessed_date, no_of_times_accessed, id) values (?, ?, ?)
Hibernate: update user_details_accessed_entity set user_name=? where id=?
Hibernate: select userdetail0_.id as id1_2_, userdetail0_.access_token as access_t2_2_, userdetail0_.no_of_requests_per_day as no_of_re3_2_, userdetail0_.usage_plan as usage_pl4_2_, userdetail0_.user_name as user_nam5_2_ from user_details_entity userdetail0_ where userdetail0_.access_token=?
longURL = https://www.google.com/search?safe=active&rlz=1C1SQJL_enUS807US807&sxsrf=ACYBGNRx5ybGi72w6lRU9s_0PUs8iPn-UQ%3A1571455118815&ei=joCqXbmyMe_l_Qbd87uwCA&q=recursive+mockmvc+example&oq=recursive+mockmvc+&gs_l=psy-ab.3.0.33i160.114926.123218..124835...0.1..0.154.1989.1j16......0....1..gws-wiz.......0i71j35i39j0i67j0j0i131j0i20i263j0i70i249j0i22i30j0i13i30j0i13i5i30j0i8i13i30j0i13.nuNl5STQCIk, userID = abc123
Hibernate: select lastaccess0_.user_name as user_nam4_1_0_, lastaccess0_.id as id1_1_0_, lastaccess0_.id as id1_1_1_, lastaccess0_.accessed_date as accessed2_1_1_, lastaccess0_.no_of_times_accessed as no_of_ti3_1_1_ from user_details_accessed_entity lastaccess0_ where lastaccess0_.user_name=?
Hibernate: select userdetail0_.id as id1_2_, userdetail0_.access_token as access_t2_2_, userdetail0_.no_of_requests_per_day as no_of_re3_2_, userdetail0_.usage_plan as usage_pl4_2_, userdetail0_.user_name as user_nam5_2_ from user_details_entity userdetail0_ where userdetail0_.access_token=?
2019-11-10 23:48:03.735  INFO 14308 --- [onPool-worker-5] c.n.t.controller.TinnyURLController      : created a short URL.
2019-11-10 23:48:03.736  INFO 14308 --- [onPool-worker-5] c.n.t.controller.TinnyURLController      : Request : MinifyRequestDto(userId=abc234, longURL=https://www.google.com/search?q=map+initialization+java+11&rlz=1C1SQJL_enUS807US807&oq=map+initialization+java+&aqs=chrome.2.69i57j0l5.5614j0j7&sourceid=chrome&ie=UTF-8, shortURL=null)
2019-11-10 23:48:03.736  INFO 14308 --- [onPool-worker-5] c.n.t.controller.TinnyURLController      : Response : MinifyResponseDto(userId=abc234, longURL=https://www.google.com/search?q=map+initialization+java+11&rlz=1C1SQJL_enUS807US807&oq=map+initialization+java+&aqs=chrome.2.69i57j0l5.5614j0j7&sourceid=chrome&ie=UTF-8, shortURL=http://localhost:8080/expand/uMDqUqnm4k, expiringOn=2019-11-11T23:48:03.728391)
Hibernate: select lastaccess0_.user_name as user_nam4_1_0_, lastaccess0_.id as id1_1_0_, lastaccess0_.id as id1_1_1_, lastaccess0_.accessed_date as accessed2_1_1_, lastaccess0_.no_of_times_accessed as no_of_ti3_1_1_ from user_details_accessed_entity lastaccess0_ where lastaccess0_.user_name=?
Hibernate: select userdetail0_.id as id1_2_1_, userdetail0_.access_token as access_t2_2_1_, userdetail0_.no_of_requests_per_day as no_of_re3_2_1_, userdetail0_.usage_plan as usage_pl4_2_1_, userdetail0_.user_name as user_nam5_2_1_, lastaccess1_.user_name as user_nam4_1_3_, lastaccess1_.id as id1_1_3_, lastaccess1_.id as id1_1_0_, lastaccess1_.accessed_date as accessed2_1_0_, lastaccess1_.no_of_times_accessed as no_of_ti3_1_0_ from user_details_entity userdetail0_ left outer join user_details_accessed_entity lastaccess1_ on userdetail0_.user_name=lastaccess1_.user_name where userdetail0_.id=?
longURL = https://www.test2.com/search?q=map+initialization+java+11&rlz=1C1SQJL_enUS807US807&oq=map+initialization+java+&aqs=chrome.2.69i57j0l5.5614j0j7&sourceid=chrome&ie=UTF-8, userID = abc1
Hibernate: call next value for hibernate_sequence
Hibernate: insert into user_details_accessed_entity (accessed_date, no_of_times_accessed, id) values (?, ?, ?)
Hibernate: select userdetail0_.id as id1_2_1_, userdetail0_.access_token as access_t2_2_1_, userdetail0_.no_of_requests_per_day as no_of_re3_2_1_, userdetail0_.usage_plan as usage_pl4_2_1_, userdetail0_.user_name as user_nam5_2_1_, lastaccess1_.user_name as user_nam4_1_3_, lastaccess1_.id as id1_1_3_, lastaccess1_.id as id1_1_0_, lastaccess1_.accessed_date as accessed2_1_0_, lastaccess1_.no_of_times_accessed as no_of_ti3_1_0_ from user_details_entity userdetail0_ left outer join user_details_accessed_entity lastaccess1_ on userdetail0_.user_name=lastaccess1_.user_name where userdetail0_.id=?
Hibernate: call next value for hibernate_sequence
Hibernate: insert into user_details_accessed_entity (accessed_date, no_of_times_accessed, id) values (?, ?, ?)
Hibernate: update user_details_accessed_entity set user_name=? where id=?
Hibernate: update user_details_accessed_entity set user_name=? where id=?
Hibernate: select userdetail0_.id as id1_2_, userdetail0_.access_token as access_t2_2_, userdetail0_.no_of_requests_per_day as no_of_re3_2_, userdetail0_.usage_plan as usage_pl4_2_, userdetail0_.user_name as user_nam5_2_ from user_details_entity userdetail0_ where userdetail0_.access_token=?
Hibernate: select lastaccess0_.user_name as user_nam4_1_0_, lastaccess0_.id as id1_1_0_, lastaccess0_.id as id1_1_1_, lastaccess0_.accessed_date as accessed2_1_1_, lastaccess0_.no_of_times_accessed as no_of_ti3_1_1_ from user_details_accessed_entity lastaccess0_ where lastaccess0_.user_name=?
Hibernate: select userdetail0_.id as id1_2_1_, userdetail0_.access_token as access_t2_2_1_, userdetail0_.no_of_requests_per_day as no_of_re3_2_1_, userdetail0_.usage_plan as usage_pl4_2_1_, userdetail0_.user_name as user_nam5_2_1_, lastaccess1_.user_name as user_nam4_1_3_, lastaccess1_.id as id1_1_3_, lastaccess1_.id as id1_1_0_, lastaccess1_.accessed_date as accessed2_1_0_, lastaccess1_.no_of_times_accessed as no_of_ti3_1_0_ from user_details_entity userdetail0_ left outer join user_details_accessed_entity lastaccess1_ on userdetail0_.user_name=lastaccess1_.user_name where userdetail0_.id=?
Hibernate: select userdetail0_.id as id1_2_, userdetail0_.access_token as access_t2_2_, userdetail0_.no_of_requests_per_day as no_of_re3_2_, userdetail0_.usage_plan as usage_pl4_2_, userdetail0_.user_name as user_nam5_2_ from user_details_entity userdetail0_ where userdetail0_.access_token=?
Hibernate: select lastaccess0_.user_name as user_nam4_1_0_, lastaccess0_.id as id1_1_0_, lastaccess0_.id as id1_1_1_, lastaccess0_.accessed_date as accessed2_1_1_, lastaccess0_.no_of_times_accessed as no_of_ti3_1_1_ from user_details_accessed_entity lastaccess0_ where lastaccess0_.user_name=?
Hibernate: select userdetail0_.id as id1_2_1_, userdetail0_.access_token as access_t2_2_1_, userdetail0_.no_of_requests_per_day as no_of_re3_2_1_, userdetail0_.usage_plan as usage_pl4_2_1_, userdetail0_.user_name as user_nam5_2_1_, lastaccess1_.user_name as user_nam4_1_3_, lastaccess1_.id as id1_1_3_, lastaccess1_.id as id1_1_0_, lastaccess1_.accessed_date as accessed2_1_0_, lastaccess1_.no_of_times_accessed as no_of_ti3_1_0_ from user_details_entity userdetail0_ left outer join user_details_accessed_entity lastaccess1_ on userdetail0_.user_name=lastaccess1_.user_name where userdetail0_.id=?
Hibernate: call next value for hibernate_sequence
Hibernate: call next value for hibernate_sequence
Hibernate: insert into user_details_accessed_entity (accessed_date, no_of_times_accessed, id) values (?, ?, ?)
Hibernate: update user_details_accessed_entity set user_name=? where id=?
Hibernate: select tinyurlent0_.id as id1_0_, tinyurlent0_.created_at as created_2_0_, tinyurlent0_.expiring_on as expiring3_0_, tinyurlent0_.longurl as longurl4_0_, tinyurlent0_.no_of_times_accessed as no_of_ti5_0_, tinyurlent0_.shorturl as shorturl6_0_, tinyurlent0_.userid as userid7_0_ from tinyurlentity tinyurlent0_ where tinyurlent0_.shorturl=?
Hibernate: call next value for hibernate_sequence
Hibernate: select tinyurlent0_.id as id1_0_, tinyurlent0_.created_at as created_2_0_, tinyurlent0_.expiring_on as expiring3_0_, tinyurlent0_.longurl as longurl4_0_, tinyurlent0_.no_of_times_accessed as no_of_ti5_0_, tinyurlent0_.shorturl as shorturl6_0_, tinyurlent0_.userid as userid7_0_ from tinyurlentity tinyurlent0_ where tinyurlent0_.shorturl=?
Hibernate: call next value for hibernate_sequence
Hibernate: insert into tinyurlentity (created_at, expiring_on, longurl, no_of_times_accessed, shorturl, userid, id) values (?, ?, ?, ?, ?, ?, ?)
2019-11-10 23:48:03.774  INFO 14308 --- [onPool-worker-3] c.n.t.controller.TinnyURLController      : created a short URL.
2019-11-10 23:48:03.776  INFO 14308 --- [onPool-worker-3] c.n.t.controller.TinnyURLController      : Request : MinifyRequestDto(userId=abc123, longURL=https://www.google.com/search?safe=active&rlz=1C1SQJL_enUS807US807&sxsrf=ACYBGNRx5ybGi72w6lRU9s_0PUs8iPn-UQ%3A1571455118815&ei=joCqXbmyMe_l_Qbd87uwCA&q=recursive+mockmvc+example&oq=recursive+mockmvc+&gs_l=psy-ab.3.0.33i160.114926.123218..124835...0.1..0.154.1989.1j16......0....1..gws-wiz.......0i71j35i39j0i67j0j0i131j0i20i263j0i70i249j0i22i30j0i13i30j0i13i5i30j0i8i13i30j0i13.nuNl5STQCIk, shortURL=null)
2019-11-10 23:48:03.776  INFO 14308 --- [onPool-worker-3] c.n.t.controller.TinnyURLController      : Response : MinifyResponseDto(userId=abc123, longURL=https://www.google.com/search?safe=active&rlz=1C1SQJL_enUS807US807&sxsrf=ACYBGNRx5ybGi72w6lRU9s_0PUs8iPn-UQ%3A1571455118815&ei=joCqXbmyMe_l_Qbd87uwCA&q=recursive+mockmvc+example&oq=recursive+mockmvc+&gs_l=psy-ab.3.0.33i160.114926.123218..124835...0.1..0.154.1989.1j16......0....1..gws-wiz.......0i71j35i39j0i67j0j0i131j0i20i263j0i70i249j0i22i30j0i13i30j0i13i5i30j0i8i13i30j0i13.nuNl5STQCIk, shortURL=http://localhost:8080/expand/e8Ialiqan6, expiringOn=2019-11-11T23:48:03.764504400)
Hibernate: insert into tinyurlentity (created_at, expiring_on, longurl, no_of_times_accessed, shorturl, userid, id) values (?, ?, ?, ?, ?, ?, ?)
2019-11-10 23:48:03.779  INFO 14308 --- [onPool-worker-7] c.n.t.controller.TinnyURLController      : created a short URL.
2019-11-10 23:48:03.780  INFO 14308 --- [onPool-worker-7] c.n.t.controller.TinnyURLController      : Request : MinifyRequestDto(userId=Abc1, longURL=https://www.Abc1.com/search?q=map+initialization+java+11&rlz=1C1SQJL_enUS807US807&oq=map+initialization+java+&aqs=chrome.2.69i57j0l5.5614j0j7&sourceid=chrome&ie=UTF-8, shortURL=null)
2019-11-10 23:48:03.780  INFO 14308 --- [onPool-worker-7] c.n.t.controller.TinnyURLController      : Response : MinifyResponseDto(userId=Abc1, longURL=https://www.Abc1.com/search?q=map+initialization+java+11&rlz=1C1SQJL_enUS807US807&oq=map+initialization+java+&aqs=chrome.2.69i57j0l5.5614j0j7&sourceid=chrome&ie=UTF-8, shortURL=http://localhost:8080/expand/mzT4oOtKVU, expiringOn=2019-11-11T23:48:03.762551300)
Hibernate: insert into user_details_accessed_entity (accessed_date, no_of_times_accessed, id) values (?, ?, ?)
Hibernate: update user_details_accessed_entity set user_name=? where id=?
Hibernate: select userdetail0_.id as id1_2_, userdetail0_.access_token as access_t2_2_, userdetail0_.no_of_requests_per_day as no_of_re3_2_, userdetail0_.usage_plan as usage_pl4_2_, userdetail0_.user_name as user_nam5_2_ from user_details_entity userdetail0_ where userdetail0_.access_token=?
Hibernate: select lastaccess0_.user_name as user_nam4_1_0_, lastaccess0_.id as id1_1_0_, lastaccess0_.id as id1_1_1_, lastaccess0_.accessed_date as accessed2_1_1_, lastaccess0_.no_of_times_accessed as no_of_ti3_1_1_ from user_details_accessed_entity lastaccess0_ where lastaccess0_.user_name=?
Hibernate: select userdetail0_.id as id1_2_1_, userdetail0_.access_token as access_t2_2_1_, userdetail0_.no_of_requests_per_day as no_of_re3_2_1_, userdetail0_.usage_plan as usage_pl4_2_1_, userdetail0_.user_name as user_nam5_2_1_, lastaccess1_.user_name as user_nam4_1_3_, lastaccess1_.id as id1_1_3_, lastaccess1_.id as id1_1_0_, lastaccess1_.accessed_date as accessed2_1_0_, lastaccess1_.no_of_times_accessed as no_of_ti3_1_0_ from user_details_entity userdetail0_ left outer join user_details_accessed_entity lastaccess1_ on userdetail0_.user_name=lastaccess1_.user_name where userdetail0_.id=?
Hibernate: call next value for hibernate_sequence
Hibernate: insert into user_details_accessed_entity (accessed_date, no_of_times_accessed, id) values (?, ?, ?)
Hibernate: update user_details_accessed_entity set user_name=? where id=?
Hibernate: select tinyurlent0_.id as id1_0_, tinyurlent0_.created_at as created_2_0_, tinyurlent0_.expiring_on as expiring3_0_, tinyurlent0_.longurl as longurl4_0_, tinyurlent0_.no_of_times_accessed as no_of_ti5_0_, tinyurlent0_.shorturl as shorturl6_0_, tinyurlent0_.userid as userid7_0_ from tinyurlentity tinyurlent0_ where tinyurlent0_.shorturl=?
Hibernate: call next value for hibernate_sequence
Hibernate: insert into tinyurlentity (created_at, expiring_on, longurl, no_of_times_accessed, shorturl, userid, id) values (?, ?, ?, ?, ?, ?, ?)
2019-11-10 23:48:03.807  INFO 14308 --- [onPool-worker-5] c.n.t.controller.TinnyURLController      : created a short URL.
2019-11-10 23:48:03.808  INFO 14308 --- [onPool-worker-5] c.n.t.controller.TinnyURLController      : Request : MinifyRequestDto(userId=abc1, longURL=https://www.test2.com/search?q=map+initialization+java+11&rlz=1C1SQJL_enUS807US807&oq=map+initialization+java+&aqs=chrome.2.69i57j0l5.5614j0j7&sourceid=chrome&ie=UTF-8, shortURL=null)
2019-11-10 23:48:03.808  INFO 14308 --- [onPool-worker-5] c.n.t.controller.TinnyURLController      : Response : MinifyResponseDto(userId=abc1, longURL=https://www.test2.com/search?q=map+initialization+java+11&rlz=1C1SQJL_enUS807US807&oq=map+initialization+java+&aqs=chrome.2.69i57j0l5.5614j0j7&sourceid=chrome&ie=UTF-8, shortURL=http://localhost:8080/expand/lrZcarcR5b, expiringOn=2019-11-11T23:48:03.805495900)
longURL = https://www.test2.com/search?q=map+initialization+java+11&rlz=1C1SQJL_enUS807US807&oq=map+initialization+java+&aqs=chrome.2.69i57j0l5.5614j0j7&sourceid=chrome&ie=UTF-8, userID = abc1
Hibernate: select userdetail0_.id as id1_2_, userdetail0_.access_token as access_t2_2_, userdetail0_.no_of_requests_per_day as no_of_re3_2_, userdetail0_.usage_plan as usage_pl4_2_, userdetail0_.user_name as user_nam5_2_ from user_details_entity userdetail0_ where userdetail0_.access_token=?
Hibernate: select lastaccess0_.user_name as user_nam4_1_0_, lastaccess0_.id as id1_1_0_, lastaccess0_.id as id1_1_1_, lastaccess0_.accessed_date as accessed2_1_1_, lastaccess0_.no_of_times_accessed as no_of_ti3_1_1_ from user_details_accessed_entity lastaccess0_ where lastaccess0_.user_name=?
Hibernate: select userdetail0_.id as id1_2_1_, userdetail0_.access_token as access_t2_2_1_, userdetail0_.no_of_requests_per_day as no_of_re3_2_1_, userdetail0_.usage_plan as usage_pl4_2_1_, userdetail0_.user_name as user_nam5_2_1_, lastaccess1_.user_name as user_nam4_1_3_, lastaccess1_.id as id1_1_3_, lastaccess1_.id as id1_1_0_, lastaccess1_.accessed_date as accessed2_1_0_, lastaccess1_.no_of_times_accessed as no_of_ti3_1_0_ from user_details_entity userdetail0_ left outer join user_details_accessed_entity lastaccess1_ on userdetail0_.user_name=lastaccess1_.user_name where userdetail0_.id=?
Hibernate: call next value for hibernate_sequence
Hibernate: insert into user_details_accessed_entity (accessed_date, no_of_times_accessed, id) values (?, ?, ?)
Hibernate: update user_details_accessed_entity set user_name=? where id=?
Hibernate: select userdetail0_.id as id1_2_, userdetail0_.access_token as access_t2_2_, userdetail0_.no_of_requests_per_day as no_of_re3_2_, userdetail0_.usage_plan as usage_pl4_2_, userdetail0_.user_name as user_nam5_2_ from user_details_entity userdetail0_ where userdetail0_.access_token=?
Hibernate: select lastaccess0_.user_name as user_nam4_1_0_, lastaccess0_.id as id1_1_0_, lastaccess0_.id as id1_1_1_, lastaccess0_.accessed_date as accessed2_1_1_, lastaccess0_.no_of_times_accessed as no_of_ti3_1_1_ from user_details_accessed_entity lastaccess0_ where lastaccess0_.user_name=?
Hibernate: select userdetail0_.id as id1_2_1_, userdetail0_.access_token as access_t2_2_1_, userdetail0_.no_of_requests_per_day as no_of_re3_2_1_, userdetail0_.usage_plan as usage_pl4_2_1_, userdetail0_.user_name as user_nam5_2_1_, lastaccess1_.user_name as user_nam4_1_3_, lastaccess1_.id as id1_1_3_, lastaccess1_.id as id1_1_0_, lastaccess1_.accessed_date as accessed2_1_0_, lastaccess1_.no_of_times_accessed as no_of_ti3_1_0_ from user_details_entity userdetail0_ left outer join user_details_accessed_entity lastaccess1_ on userdetail0_.user_name=lastaccess1_.user_name where userdetail0_.id=?
Hibernate: call next value for hibernate_sequence
Hibernate: insert into user_details_accessed_entity (accessed_date, no_of_times_accessed, id) values (?, ?, ?)
Hibernate: update user_details_accessed_entity set user_name=? where id=?
Hibernate: select tinyurlent0_.id as id1_0_, tinyurlent0_.created_at as created_2_0_, tinyurlent0_.expiring_on as expiring3_0_, tinyurlent0_.longurl as longurl4_0_, tinyurlent0_.no_of_times_accessed as no_of_ti5_0_, tinyurlent0_.shorturl as shorturl6_0_, tinyurlent0_.userid as userid7_0_ from tinyurlentity tinyurlent0_ where tinyurlent0_.shorturl=?
Hibernate: call next value for hibernate_sequence
Hibernate: insert into tinyurlentity (created_at, expiring_on, longurl, no_of_times_accessed, shorturl, userid, id) values (?, ?, ?, ?, ?, ?, ?)
2019-11-10 23:48:03.871  INFO 14308 --- [    Test worker] c.n.t.controller.TinnyURLController      : created a short URL.
2019-11-10 23:48:03.871  INFO 14308 --- [    Test worker] c.n.t.controller.TinnyURLController      : Request : MinifyRequestDto(userId=abc1, longURL=https://www.test2.com/search?q=map+initialization+java+11&rlz=1C1SQJL_enUS807US807&oq=map+initialization+java+&aqs=chrome.2.69i57j0l5.5614j0j7&sourceid=chrome&ie=UTF-8, shortURL=null)
2019-11-10 23:48:03.872  INFO 14308 --- [    Test worker] c.n.t.controller.TinnyURLController      : Response : MinifyResponseDto(userId=abc1, longURL=https://www.test2.com/search?q=map+initialization+java+11&rlz=1C1SQJL_enUS807US807&oq=map+initialization+java+&aqs=chrome.2.69i57j0l5.5614j0j7&sourceid=chrome&ie=UTF-8, shortURL=http://localhost:8080/expand/QfFcz5eFDz, expiringOn=2019-11-11T23:48:03.866984)
longURL = https://www.google.com/search?q=junit+5+dynamic+tests+examples&safe=active&rlz=1C1SQJL_enUS807US807&sxsrf=ACYBGNQrwYwyQkGyeiAk-ntGDjR4M8mCwg:1571491152998&source=lnms&tbm=vid&sa=X&ved=0ahUKEwi-qMTftKjlAhUHh-AKHZAPClIQ_AUIEygC&biw=1536&bih=754, userID = abc568
Hibernate: select userdetail0_.id as id1_2_, userdetail0_.access_token as access_t2_2_, userdetail0_.no_of_requests_per_day as no_of_re3_2_, userdetail0_.usage_plan as usage_pl4_2_, userdetail0_.user_name as user_nam5_2_ from user_details_entity userdetail0_ where userdetail0_.access_token=?
Hibernate: select lastaccess0_.user_name as user_nam4_1_0_, lastaccess0_.id as id1_1_0_, lastaccess0_.id as id1_1_1_, lastaccess0_.accessed_date as accessed2_1_1_, lastaccess0_.no_of_times_accessed as no_of_ti3_1_1_ from user_details_accessed_entity lastaccess0_ where lastaccess0_.user_name=?
Hibernate: select userdetail0_.id as id1_2_1_, userdetail0_.access_token as access_t2_2_1_, userdetail0_.no_of_requests_per_day as no_of_re3_2_1_, userdetail0_.usage_plan as usage_pl4_2_1_, userdetail0_.user_name as user_nam5_2_1_, lastaccess1_.user_name as user_nam4_1_3_, lastaccess1_.id as id1_1_3_, lastaccess1_.id as id1_1_0_, lastaccess1_.accessed_date as accessed2_1_0_, lastaccess1_.no_of_times_accessed as no_of_ti3_1_0_ from user_details_entity userdetail0_ left outer join user_details_accessed_entity lastaccess1_ on userdetail0_.user_name=lastaccess1_.user_name where userdetail0_.id=?
Hibernate: call next value for hibernate_sequence
Hibernate: insert into user_details_accessed_entity (accessed_date, no_of_times_accessed, id) values (?, ?, ?)
Hibernate: update user_details_accessed_entity set user_name=? where id=?
Hibernate: select userdetail0_.id as id1_2_, userdetail0_.access_token as access_t2_2_, userdetail0_.no_of_requests_per_day as no_of_re3_2_, userdetail0_.usage_plan as usage_pl4_2_, userdetail0_.user_name as user_nam5_2_ from user_details_entity userdetail0_ where userdetail0_.access_token=?
Hibernate: select lastaccess0_.user_name as user_nam4_1_0_, lastaccess0_.id as id1_1_0_, lastaccess0_.id as id1_1_1_, lastaccess0_.accessed_date as accessed2_1_1_, lastaccess0_.no_of_times_accessed as no_of_ti3_1_1_ from user_details_accessed_entity lastaccess0_ where lastaccess0_.user_name=?
Hibernate: select userdetail0_.id as id1_2_1_, userdetail0_.access_token as access_t2_2_1_, userdetail0_.no_of_requests_per_day as no_of_re3_2_1_, userdetail0_.usage_plan as usage_pl4_2_1_, userdetail0_.user_name as user_nam5_2_1_, lastaccess1_.user_name as user_nam4_1_3_, lastaccess1_.id as id1_1_3_, lastaccess1_.id as id1_1_0_, lastaccess1_.accessed_date as accessed2_1_0_, lastaccess1_.no_of_times_accessed as no_of_ti3_1_0_ from user_details_entity userdetail0_ left outer join user_details_accessed_entity lastaccess1_ on userdetail0_.user_name=lastaccess1_.user_name where userdetail0_.id=?
Hibernate: call next value for hibernate_sequence
Hibernate: insert into user_details_accessed_entity (accessed_date, no_of_times_accessed, id) values (?, ?, ?)
Hibernate: update user_details_accessed_entity set user_name=? where id=?
Hibernate: select tinyurlent0_.id as id1_0_, tinyurlent0_.created_at as created_2_0_, tinyurlent0_.expiring_on as expiring3_0_, tinyurlent0_.longurl as longurl4_0_, tinyurlent0_.no_of_times_accessed as no_of_ti5_0_, tinyurlent0_.shorturl as shorturl6_0_, tinyurlent0_.userid as userid7_0_ from tinyurlentity tinyurlent0_ where tinyurlent0_.shorturl=?
Hibernate: call next value for hibernate_sequence
Hibernate: insert into tinyurlentity (created_at, expiring_on, longurl, no_of_times_accessed, shorturl, userid, id) values (?, ?, ?, ?, ?, ?, ?)
2019-11-10 23:48:03.928  INFO 14308 --- [    Test worker] c.n.t.controller.TinnyURLController      : created a short URL.
2019-11-10 23:48:03.929  INFO 14308 --- [    Test worker] c.n.t.controller.TinnyURLController      : Request : MinifyRequestDto(userId=abc568, longURL=https://www.google.com/search?q=junit+5+dynamic+tests+examples&safe=active&rlz=1C1SQJL_enUS807US807&sxsrf=ACYBGNQrwYwyQkGyeiAk-ntGDjR4M8mCwg:1571491152998&source=lnms&tbm=vid&sa=X&ved=0ahUKEwi-qMTftKjlAhUHh-AKHZAPClIQ_AUIEygC&biw=1536&bih=754, shortURL=null)
2019-11-10 23:48:03.929  INFO 14308 --- [    Test worker] c.n.t.controller.TinnyURLController      : Response : MinifyResponseDto(userId=abc568, longURL=https://www.google.com/search?q=junit+5+dynamic+tests+examples&safe=active&rlz=1C1SQJL_enUS807US807&sxsrf=ACYBGNQrwYwyQkGyeiAk-ntGDjR4M8mCwg:1571491152998&source=lnms&tbm=vid&sa=X&ved=0ahUKEwi-qMTftKjlAhUHh-AKHZAPClIQ_AUIEygC&biw=1536&bih=754, shortURL=http://localhost:8080/expand/75y1Fpzgyn, expiringOn=2019-11-11T23:48:03.923615700)
longURL = https://www.google.com/search?q=map+initialization+java+11&rlz=1C1SQJL_enUS807US807&oq=map+initialization+java+&aqs=chrome.2.69i57j0l5.5614j0j7&sourceid=chrome&ie=UTF-8, userID = abc234
Hibernate: select userdetail0_.id as id1_2_, userdetail0_.access_token as access_t2_2_, userdetail0_.no_of_requests_per_day as no_of_re3_2_, userdetail0_.usage_plan as usage_pl4_2_, userdetail0_.user_name as user_nam5_2_ from user_details_entity userdetail0_ where userdetail0_.access_token=?
Hibernate: select lastaccess0_.user_name as user_nam4_1_0_, lastaccess0_.id as id1_1_0_, lastaccess0_.id as id1_1_1_, lastaccess0_.accessed_date as accessed2_1_1_, lastaccess0_.no_of_times_accessed as no_of_ti3_1_1_ from user_details_accessed_entity lastaccess0_ where lastaccess0_.user_name=?
Hibernate: select userdetail0_.id as id1_2_1_, userdetail0_.access_token as access_t2_2_1_, userdetail0_.no_of_requests_per_day as no_of_re3_2_1_, userdetail0_.usage_plan as usage_pl4_2_1_, userdetail0_.user_name as user_nam5_2_1_, lastaccess1_.user_name as user_nam4_1_3_, lastaccess1_.id as id1_1_3_, lastaccess1_.id as id1_1_0_, lastaccess1_.accessed_date as accessed2_1_0_, lastaccess1_.no_of_times_accessed as no_of_ti3_1_0_ from user_details_entity userdetail0_ left outer join user_details_accessed_entity lastaccess1_ on userdetail0_.user_name=lastaccess1_.user_name where userdetail0_.id=?
Hibernate: call next value for hibernate_sequence
Hibernate: insert into user_details_accessed_entity (accessed_date, no_of_times_accessed, id) values (?, ?, ?)
Hibernate: update user_details_accessed_entity set user_name=? where id=?
Hibernate: select userdetail0_.id as id1_2_, userdetail0_.access_token as access_t2_2_, userdetail0_.no_of_requests_per_day as no_of_re3_2_, userdetail0_.usage_plan as usage_pl4_2_, userdetail0_.user_name as user_nam5_2_ from user_details_entity userdetail0_ where userdetail0_.access_token=?
Hibernate: select lastaccess0_.user_name as user_nam4_1_0_, lastaccess0_.id as id1_1_0_, lastaccess0_.id as id1_1_1_, lastaccess0_.accessed_date as accessed2_1_1_, lastaccess0_.no_of_times_accessed as no_of_ti3_1_1_ from user_details_accessed_entity lastaccess0_ where lastaccess0_.user_name=?
Hibernate: select userdetail0_.id as id1_2_1_, userdetail0_.access_token as access_t2_2_1_, userdetail0_.no_of_requests_per_day as no_of_re3_2_1_, userdetail0_.usage_plan as usage_pl4_2_1_, userdetail0_.user_name as user_nam5_2_1_, lastaccess1_.user_name as user_nam4_1_3_, lastaccess1_.id as id1_1_3_, lastaccess1_.id as id1_1_0_, lastaccess1_.accessed_date as accessed2_1_0_, lastaccess1_.no_of_times_accessed as no_of_ti3_1_0_ from user_details_entity userdetail0_ left outer join user_details_accessed_entity lastaccess1_ on userdetail0_.user_name=lastaccess1_.user_name where userdetail0_.id=?
Hibernate: call next value for hibernate_sequence
Hibernate: insert into user_details_accessed_entity (accessed_date, no_of_times_accessed, id) values (?, ?, ?)
Hibernate: update user_details_accessed_entity set user_name=? where id=?
Hibernate: select tinyurlent0_.id as id1_0_, tinyurlent0_.created_at as created_2_0_, tinyurlent0_.expiring_on as expiring3_0_, tinyurlent0_.longurl as longurl4_0_, tinyurlent0_.no_of_times_accessed as no_of_ti5_0_, tinyurlent0_.shorturl as shorturl6_0_, tinyurlent0_.userid as userid7_0_ from tinyurlentity tinyurlent0_ where tinyurlent0_.shorturl=?
Hibernate: call next value for hibernate_sequence
Hibernate: insert into tinyurlentity (created_at, expiring_on, longurl, no_of_times_accessed, shorturl, userid, id) values (?, ?, ?, ?, ?, ?, ?)
2019-11-10 23:48:04.021  INFO 14308 --- [    Test worker] c.n.t.controller.TinnyURLController      : created a short URL.
2019-11-10 23:48:04.021  INFO 14308 --- [    Test worker] c.n.t.controller.TinnyURLController      : Request : MinifyRequestDto(userId=abc234, longURL=https://www.google.com/search?q=map+initialization+java+11&rlz=1C1SQJL_enUS807US807&oq=map+initialization+java+&aqs=chrome.2.69i57j0l5.5614j0j7&sourceid=chrome&ie=UTF-8, shortURL=null)
2019-11-10 23:48:04.022  INFO 14308 --- [    Test worker] c.n.t.controller.TinnyURLController      : Response : MinifyResponseDto(userId=abc234, longURL=https://www.google.com/search?q=map+initialization+java+11&rlz=1C1SQJL_enUS807US807&oq=map+initialization+java+&aqs=chrome.2.69i57j0l5.5614j0j7&sourceid=chrome&ie=UTF-8, shortURL=http://localhost:8080/expand/BTe77cadb2, expiringOn=2019-11-11T23:48:04.014668300)
longURL = https://www.google.com/search?safe=active&rlz=1C1SQJL_enUS807US807&sxsrf=ACYBGNRx5ybGi72w6lRU9s_0PUs8iPn-UQ%3A1571455118815&ei=joCqXbmyMe_l_Qbd87uwCA&q=recursive+mockmvc+example&oq=recursive+mockmvc+&gs_l=psy-ab.3.0.33i160.114926.123218..124835...0.1..0.154.1989.1j16......0....1..gws-wiz.......0i71j35i39j0i67j0j0i131j0i20i263j0i70i249j0i22i30j0i13i30j0i13i5i30j0i8i13i30j0i13.nuNl5STQCIk, userID = abc123
Hibernate: select userdetail0_.id as id1_2_, userdetail0_.access_token as access_t2_2_, userdetail0_.no_of_requests_per_day as no_of_re3_2_, userdetail0_.usage_plan as usage_pl4_2_, userdetail0_.user_name as user_nam5_2_ from user_details_entity userdetail0_ where userdetail0_.access_token=?
Hibernate: select lastaccess0_.user_name as user_nam4_1_0_, lastaccess0_.id as id1_1_0_, lastaccess0_.id as id1_1_1_, lastaccess0_.accessed_date as accessed2_1_1_, lastaccess0_.no_of_times_accessed as no_of_ti3_1_1_ from user_details_accessed_entity lastaccess0_ where lastaccess0_.user_name=?
Hibernate: select userdetail0_.id as id1_2_1_, userdetail0_.access_token as access_t2_2_1_, userdetail0_.no_of_requests_per_day as no_of_re3_2_1_, userdetail0_.usage_plan as usage_pl4_2_1_, userdetail0_.user_name as user_nam5_2_1_, lastaccess1_.user_name as user_nam4_1_3_, lastaccess1_.id as id1_1_3_, lastaccess1_.id as id1_1_0_, lastaccess1_.accessed_date as accessed2_1_0_, lastaccess1_.no_of_times_accessed as no_of_ti3_1_0_ from user_details_entity userdetail0_ left outer join user_details_accessed_entity lastaccess1_ on userdetail0_.user_name=lastaccess1_.user_name where userdetail0_.id=?
Hibernate: call next value for hibernate_sequence
Hibernate: insert into user_details_accessed_entity (accessed_date, no_of_times_accessed, id) values (?, ?, ?)
Hibernate: update user_details_accessed_entity set user_name=? where id=?
Hibernate: select userdetail0_.id as id1_2_, userdetail0_.access_token as access_t2_2_, userdetail0_.no_of_requests_per_day as no_of_re3_2_, userdetail0_.usage_plan as usage_pl4_2_, userdetail0_.user_name as user_nam5_2_ from user_details_entity userdetail0_ where userdetail0_.access_token=?
Hibernate: select lastaccess0_.user_name as user_nam4_1_0_, lastaccess0_.id as id1_1_0_, lastaccess0_.id as id1_1_1_, lastaccess0_.accessed_date as accessed2_1_1_, lastaccess0_.no_of_times_accessed as no_of_ti3_1_1_ from user_details_accessed_entity lastaccess0_ where lastaccess0_.user_name=?
Hibernate: select userdetail0_.id as id1_2_1_, userdetail0_.access_token as access_t2_2_1_, userdetail0_.no_of_requests_per_day as no_of_re3_2_1_, userdetail0_.usage_plan as usage_pl4_2_1_, userdetail0_.user_name as user_nam5_2_1_, lastaccess1_.user_name as user_nam4_1_3_, lastaccess1_.id as id1_1_3_, lastaccess1_.id as id1_1_0_, lastaccess1_.accessed_date as accessed2_1_0_, lastaccess1_.no_of_times_accessed as no_of_ti3_1_0_ from user_details_entity userdetail0_ left outer join user_details_accessed_entity lastaccess1_ on userdetail0_.user_name=lastaccess1_.user_name where userdetail0_.id=?
Hibernate: call next value for hibernate_sequence
Hibernate: insert into user_details_accessed_entity (accessed_date, no_of_times_accessed, id) values (?, ?, ?)
Hibernate: update user_details_accessed_entity set user_name=? where id=?
Hibernate: select tinyurlent0_.id as id1_0_, tinyurlent0_.created_at as created_2_0_, tinyurlent0_.expiring_on as expiring3_0_, tinyurlent0_.longurl as longurl4_0_, tinyurlent0_.no_of_times_accessed as no_of_ti5_0_, tinyurlent0_.shorturl as shorturl6_0_, tinyurlent0_.userid as userid7_0_ from tinyurlentity tinyurlent0_ where tinyurlent0_.shorturl=?
Hibernate: call next value for hibernate_sequence
Hibernate: insert into tinyurlentity (created_at, expiring_on, longurl, no_of_times_accessed, shorturl, userid, id) values (?, ?, ?, ?, ?, ?, ?)
2019-11-10 23:48:04.094  INFO 14308 --- [    Test worker] c.n.t.controller.TinnyURLController      : created a short URL.
2019-11-10 23:48:04.094  INFO 14308 --- [    Test worker] c.n.t.controller.TinnyURLController      : Request : MinifyRequestDto(userId=abc123, longURL=https://www.google.com/search?safe=active&rlz=1C1SQJL_enUS807US807&sxsrf=ACYBGNRx5ybGi72w6lRU9s_0PUs8iPn-UQ%3A1571455118815&ei=joCqXbmyMe_l_Qbd87uwCA&q=recursive+mockmvc+example&oq=recursive+mockmvc+&gs_l=psy-ab.3.0.33i160.114926.123218..124835...0.1..0.154.1989.1j16......0....1..gws-wiz.......0i71j35i39j0i67j0j0i131j0i20i263j0i70i249j0i22i30j0i13i30j0i13i5i30j0i8i13i30j0i13.nuNl5STQCIk, shortURL=null)
2019-11-10 23:48:04.095  INFO 14308 --- [    Test worker] c.n.t.controller.TinnyURLController      : Response : MinifyResponseDto(userId=abc123, longURL=https://www.google.com/search?safe=active&rlz=1C1SQJL_enUS807US807&sxsrf=ACYBGNRx5ybGi72w6lRU9s_0PUs8iPn-UQ%3A1571455118815&ei=joCqXbmyMe_l_Qbd87uwCA&q=recursive+mockmvc+example&oq=recursive+mockmvc+&gs_l=psy-ab.3.0.33i160.114926.123218..124835...0.1..0.154.1989.1j16......0....1..gws-wiz.......0i71j35i39j0i67j0j0i131j0i20i263j0i70i249j0i22i30j0i13i30j0i13i5i30j0i8i13i30j0i13.nuNl5STQCIk, shortURL=http://localhost:8080/expand/MC4evbPGvs, expiringOn=2019-11-11T23:48:04.091518700)
longURL = https://www.Test3.com/search?q=junit+5+dynamic+tests+examples&safe=active&rlz=1C1SQJL_enUS807US807&sxsrf=ACYBGNQrwYwyQkGyeiAk-ntGDjR4M8mCwg:1571491152998&source=lnms&tbm=vid&sa=X&ved=0ahUKEwi-qMTftKjlAhUHh-AKHZAPClIQ_AUIEygC&biw=1536&bih=754, userID = Test3
Hibernate: select userdetail0_.id as id1_2_, userdetail0_.access_token as access_t2_2_, userdetail0_.no_of_requests_per_day as no_of_re3_2_, userdetail0_.usage_plan as usage_pl4_2_, userdetail0_.user_name as user_nam5_2_ from user_details_entity userdetail0_ where userdetail0_.access_token=?
Hibernate: select lastaccess0_.user_name as user_nam4_1_0_, lastaccess0_.id as id1_1_0_, lastaccess0_.id as id1_1_1_, lastaccess0_.accessed_date as accessed2_1_1_, lastaccess0_.no_of_times_accessed as no_of_ti3_1_1_ from user_details_accessed_entity lastaccess0_ where lastaccess0_.user_name=?
Hibernate: select userdetail0_.id as id1_2_1_, userdetail0_.access_token as access_t2_2_1_, userdetail0_.no_of_requests_per_day as no_of_re3_2_1_, userdetail0_.usage_plan as usage_pl4_2_1_, userdetail0_.user_name as user_nam5_2_1_, lastaccess1_.user_name as user_nam4_1_3_, lastaccess1_.id as id1_1_3_, lastaccess1_.id as id1_1_0_, lastaccess1_.accessed_date as accessed2_1_0_, lastaccess1_.no_of_times_accessed as no_of_ti3_1_0_ from user_details_entity userdetail0_ left outer join user_details_accessed_entity lastaccess1_ on userdetail0_.user_name=lastaccess1_.user_name where userdetail0_.id=?
Hibernate: call next value for hibernate_sequence
Hibernate: insert into user_details_accessed_entity (accessed_date, no_of_times_accessed, id) values (?, ?, ?)
Hibernate: update user_details_accessed_entity set user_name=? where id=?
Hibernate: select userdetail0_.id as id1_2_, userdetail0_.access_token as access_t2_2_, userdetail0_.no_of_requests_per_day as no_of_re3_2_, userdetail0_.usage_plan as usage_pl4_2_, userdetail0_.user_name as user_nam5_2_ from user_details_entity userdetail0_ where userdetail0_.access_token=?
Hibernate: select lastaccess0_.user_name as user_nam4_1_0_, lastaccess0_.id as id1_1_0_, lastaccess0_.id as id1_1_1_, lastaccess0_.accessed_date as accessed2_1_1_, lastaccess0_.no_of_times_accessed as no_of_ti3_1_1_ from user_details_accessed_entity lastaccess0_ where lastaccess0_.user_name=?
Hibernate: select userdetail0_.id as id1_2_1_, userdetail0_.access_token as access_t2_2_1_, userdetail0_.no_of_requests_per_day as no_of_re3_2_1_, userdetail0_.usage_plan as usage_pl4_2_1_, userdetail0_.user_name as user_nam5_2_1_, lastaccess1_.user_name as user_nam4_1_3_, lastaccess1_.id as id1_1_3_, lastaccess1_.id as id1_1_0_, lastaccess1_.accessed_date as accessed2_1_0_, lastaccess1_.no_of_times_accessed as no_of_ti3_1_0_ from user_details_entity userdetail0_ left outer join user_details_accessed_entity lastaccess1_ on userdetail0_.user_name=lastaccess1_.user_name where userdetail0_.id=?
Hibernate: call next value for hibernate_sequence
Hibernate: insert into user_details_accessed_entity (accessed_date, no_of_times_accessed, id) values (?, ?, ?)
Hibernate: update user_details_accessed_entity set user_name=? where id=?
Hibernate: select tinyurlent0_.id as id1_0_, tinyurlent0_.created_at as created_2_0_, tinyurlent0_.expiring_on as expiring3_0_, tinyurlent0_.longurl as longurl4_0_, tinyurlent0_.no_of_times_accessed as no_of_ti5_0_, tinyurlent0_.shorturl as shorturl6_0_, tinyurlent0_.userid as userid7_0_ from tinyurlentity tinyurlent0_ where tinyurlent0_.shorturl=?
Hibernate: call next value for hibernate_sequence
Hibernate: insert into tinyurlentity (created_at, expiring_on, longurl, no_of_times_accessed, shorturl, userid, id) values (?, ?, ?, ?, ?, ?, ?)
2019-11-10 23:48:04.140  INFO 14308 --- [    Test worker] c.n.t.controller.TinnyURLController      : created a short URL.
2019-11-10 23:48:04.141  INFO 14308 --- [    Test worker] c.n.t.controller.TinnyURLController      : Request : MinifyRequestDto(userId=Test3, longURL=https://www.Test3.com/search?q=junit+5+dynamic+tests+examples&safe=active&rlz=1C1SQJL_enUS807US807&sxsrf=ACYBGNQrwYwyQkGyeiAk-ntGDjR4M8mCwg:1571491152998&source=lnms&tbm=vid&sa=X&ved=0ahUKEwi-qMTftKjlAhUHh-AKHZAPClIQ_AUIEygC&biw=1536&bih=754, shortURL=null)
2019-11-10 23:48:04.141  INFO 14308 --- [    Test worker] c.n.t.controller.TinnyURLController      : Response : MinifyResponseDto(userId=Test3, longURL=https://www.Test3.com/search?q=junit+5+dynamic+tests+examples&safe=active&rlz=1C1SQJL_enUS807US807&sxsrf=ACYBGNQrwYwyQkGyeiAk-ntGDjR4M8mCwg:1571491152998&source=lnms&tbm=vid&sa=X&ved=0ahUKEwi-qMTftKjlAhUHh-AKHZAPClIQ_AUIEygC&biw=1536&bih=754, shortURL=http://localhost:8080/expand/UNu6K7PzT2, expiringOn=2019-11-11T23:48:04.135403500)
longURL = https://www.Abc1.com/search?q=map+initialization+java+11&rlz=1C1SQJL_enUS807US807&oq=map+initialization+java+&aqs=chrome.2.69i57j0l5.5614j0j7&sourceid=chrome&ie=UTF-8, userID = Abc1
Hibernate: select userdetail0_.id as id1_2_, userdetail0_.access_token as access_t2_2_, userdetail0_.no_of_requests_per_day as no_of_re3_2_, userdetail0_.usage_plan as usage_pl4_2_, userdetail0_.user_name as user_nam5_2_ from user_details_entity userdetail0_ where userdetail0_.access_token=?
Hibernate: select lastaccess0_.user_name as user_nam4_1_0_, lastaccess0_.id as id1_1_0_, lastaccess0_.id as id1_1_1_, lastaccess0_.accessed_date as accessed2_1_1_, lastaccess0_.no_of_times_accessed as no_of_ti3_1_1_ from user_details_accessed_entity lastaccess0_ where lastaccess0_.user_name=?
[...]
shortURL = http://localhost:8080/expand/e8Ialiqan6
Hibernate: select tinyurlent0_.id as id1_0_, tinyurlent0_.created_at as created_2_0_, tinyurlent0_.expiring_on as expiring3_0_, tinyurlent0_.longurl as longurl4_0_, tinyurlent0_.no_of_times_accessed as no_of_ti5_0_, tinyurlent0_.shorturl as shorturl6_0_, tinyurlent0_.userid as userid7_0_ from tinyurlentity tinyurlent0_ where tinyurlent0_.shorturl=?
Hibernate: update tinyurlentity set created_at=?, expiring_on=?, longurl=?, no_of_times_accessed=?, shorturl=?, userid=? where id=?
2019-11-10 23:48:05.178  INFO 14308 --- [    Test worker] c.n.tinyurl.service.TinnyURLService      : Found Short URL.
2019-11-10 23:48:05.178  INFO 14308 --- [    Test worker] c.n.tinyurl.service.TinnyURLService      : TinyURLEntity : TinyURLEntity(id=30, userID=abc123, longURL=https://www.google.com/search?safe=active&rlz=1C1SQJL_enUS807US807&sxsrf=ACYBGNRx5ybGi72w6lRU9s_0PUs8iPn-UQ%3A1571455118815&ei=joCqXbmyMe_l_Qbd87uwCA&q=recursive+mockmvc+example&oq=recursive+mockmvc+&gs_l=psy-ab.3.0.33i160.114926.123218..124835...0.1..0.154.1989.1j16......0....1..gws-wiz.......0i71j35i39j0i67j0j0i131j0i20i263j0i70i249j0i22i30j0i13i30j0i13i5i30j0i8i13i30j0i13.nuNl5STQCIk, shortURL=http://localhost:8080/expand/e8Ialiqan6, createdAt=2019-11-10T23:48:03.764504, expiringOn=2019-11-11T23:48:03.764504, noOfTimesAccessed=10)
shortURL = http://localhost:8080/expand/ptWLsMvcZT
Hibernate: select tinyurlent0_.id as id1_0_, tinyurlent0_.created_at as created_2_0_, tinyurlent0_.expiring_on as expiring3_0_, tinyurlent0_.longurl as longurl4_0_, tinyurlent0_.no_of_times_accessed as no_of_ti5_0_, tinyurlent0_.shorturl as shorturl6_0_, tinyurlent0_.userid as userid7_0_ from tinyurlentity tinyurlent0_ where tinyurlent0_.shorturl=?
Hibernate: update tinyurlentity set created_at=?, expiring_on=?, longurl=?, no_of_times_accessed=?, shorturl=?, userid=? where id=?
2019-11-10 23:48:05.184  INFO 14308 --- [    Test worker] c.n.tinyurl.service.TinnyURLService      : Found Short URL.
2019-11-10 23:48:05.184  INFO 14308 --- [    Test worker] c.n.tinyurl.service.TinnyURLService      : TinyURLEntity : TinyURLEntity(id=20, userID=Test3, longURL=https://www.Test3.com/search?q=junit+5+dynamic+tests+examples&safe=active&rlz=1C1SQJL_enUS807US807&sxsrf=ACYBGNQrwYwyQkGyeiAk-ntGDjR4M8mCwg:1571491152998&source=lnms&tbm=vid&sa=X&ved=0ahUKEwi-qMTftKjlAhUHh-AKHZAPClIQ_AUIEygC&biw=1536&bih=754, shortURL=http://localhost:8080/expand/ptWLsMvcZT, createdAt=2019-11-10T23:48:03.669833, expiringOn=2019-11-11T23:48:03.669833, noOfTimesAccessed=14)
shortURL = http://localhost:8080/expand/ptWLsMvcZT
Hibernate: select tinyurlent0_.id as id1_0_, tinyurlent0_.created_at as created_2_0_, tinyurlent0_.expiring_on as expiring3_0_, tinyurlent0_.longurl as longurl4_0_, tinyurlent0_.no_of_times_accessed as no_of_ti5_0_, tinyurlent0_.shorturl as shorturl6_0_, tinyurlent0_.userid as userid7_0_ from tinyurlentity tinyurlent0_ where tinyurlent0_.shorturl=?
Hibernate: update tinyurlentity set created_at=?, expiring_on=?, longurl=?, no_of_times_accessed=?, shorturl=?, userid=? where id=?
2019-11-10 23:48:05.197  INFO 14308 --- [    Test worker] c.n.tinyurl.service.TinnyURLService      : Found Short URL.
2019-11-10 23:48:05.197  INFO 14308 --- [    Test worker] c.n.tinyurl.service.TinnyURLService      : TinyURLEntity : TinyURLEntity(id=20, userID=Test3, longURL=https://www.Test3.com/search?q=junit+5+dynamic+tests+examples&safe=active&rlz=1C1SQJL_enUS807US807&sxsrf=ACYBGNQrwYwyQkGyeiAk-ntGDjR4M8mCwg:1571491152998&source=lnms&tbm=vid&sa=X&ved=0ahUKEwi-qMTftKjlAhUHh-AKHZAPClIQ_AUIEygC&biw=1536&bih=754, shortURL=http://localhost:8080/expand/ptWLsMvcZT, createdAt=2019-11-10T23:48:03.669833, expiringOn=2019-11-11T23:48:03.669833, noOfTimesAccessed=15)
shortURL = http://localhost:8080/expand/mzT4oOtKVU
Hibernate: select tinyurlent0_.id as id1_0_, tinyurlent0_.created_at as created_2_0_, tinyurlent0_.expiring_on as expiring3_0_, tinyurlent0_.longurl as longurl4_0_, tinyurlent0_.no_of_times_accessed as no_of_ti5_0_, tinyurlent0_.shorturl as shorturl6_0_, tinyurlent0_.userid as userid7_0_ from tinyurlentity tinyurlent0_ where tinyurlent0_.shorturl=?
Hibernate: update tinyurlentity set created_at=?, expiring_on=?, longurl=?, no_of_times_accessed=?, shorturl=?, userid=? where id=?
2019-11-10 23:48:05.207  INFO 14308 --- [    Test worker] c.n.tinyurl.service.TinnyURLService      : Found Short URL.
2019-11-10 23:48:05.207  INFO 14308 --- [    Test worker] c.n.tinyurl.service.TinnyURLService      : TinyURLEntity : TinyURLEntity(id=29, userID=Abc1, longURL=https://www.Abc1.com/search?q=map+initialization+java+11&rlz=1C1SQJL_enUS807US807&oq=map+initialization+java+&aqs=chrome.2.69i57j0l5.5614j0j7&sourceid=chrome&ie=UTF-8, shortURL=http://localhost:8080/expand/mzT4oOtKVU, createdAt=2019-11-10T23:48:03.762551, expiringOn=2019-11-11T23:48:03.762551, noOfTimesAccessed=15)
shortURL = http://localhost:8080/expand/FPcXua9zY6
Hibernate: select tinyurlent0_.id as id1_0_, tinyurlent0_.created_at as created_2_0_, tinyurlent0_.expiring_on as expiring3_0_, tinyurlent0_.longurl as longurl4_0_, tinyurlent0_.no_of_times_accessed as no_of_ti5_0_, tinyurlent0_.shorturl as shorturl6_0_, tinyurlent0_.userid as userid7_0_ from tinyurlentity tinyurlent0_ where tinyurlent0_.shorturl=?
Hibernate: update tinyurlentity set created_at=?, expiring_on=?, longurl=?, no_of_times_accessed=?, shorturl=?, userid=? where id=?
2019-11-10 23:48:05.213  INFO 14308 --- [    Test worker] c.n.tinyurl.service.TinnyURLService      : Found Short URL.
2019-11-10 23:48:05.213  INFO 14308 --- [    Test worker] c.n.tinyurl.service.TinnyURLService      : TinyURLEntity : TinyURLEntity(id=16, userID=abc568, longURL=https://www.google.com/search?q=junit+5+dynamic+tests+examples&safe=active&rlz=1C1SQJL_enUS807US807&sxsrf=ACYBGNQrwYwyQkGyeiAk-ntGDjR4M8mCwg:1571491152998&source=lnms&tbm=vid&sa=X&ved=0ahUKEwi-qMTftKjlAhUHh-AKHZAPClIQ_AUIEygC&biw=1536&bih=754, shortURL=http://localhost:8080/expand/FPcXua9zY6, createdAt=2019-11-10T23:48:03.641527, expiringOn=2019-11-11T23:48:03.641527, noOfTimesAccessed=17)
shortURL = http://localhost:8080/expand/FPcXua9zY6
Hibernate: select tinyurlent0_.id as id1_0_, tinyurlent0_.created_at as created_2_0_, tinyurlent0_.expiring_on as expiring3_0_, tinyurlent0_.longurl as longurl4_0_, tinyurlent0_.no_of_times_accessed as no_of_ti5_0_, tinyurlent0_.shorturl as shorturl6_0_, tinyurlent0_.userid as userid7_0_ from tinyurlentity tinyurlent0_ where tinyurlent0_.shorturl=?
Hibernate: update tinyurlentity set created_at=?, expiring_on=?, longurl=?, no_of_times_accessed=?, shorturl=?, userid=? where id=?
2019-11-10 23:48:05.229  INFO 14308 --- [    Test worker] c.n.tinyurl.service.TinnyURLService      : Found Short URL.
2019-11-10 23:48:05.229  INFO 14308 --- [    Test worker] c.n.tinyurl.service.TinnyURLService      : TinyURLEntity : TinyURLEntity(id=16, userID=abc568, longURL=https://www.google.com/search?q=junit+5+dynamic+tests+examples&safe=active&rlz=1C1SQJL_enUS807US807&sxsrf=ACYBGNQrwYwyQkGyeiAk-ntGDjR4M8mCwg:1571491152998&source=lnms&tbm=vid&sa=X&ved=0ahUKEwi-qMTftKjlAhUHh-AKHZAPClIQ_AUIEygC&biw=1536&bih=754, shortURL=http://localhost:8080/expand/FPcXua9zY6, createdAt=2019-11-10T23:48:03.641527, expiringOn=2019-11-11T23:48:03.641527, noOfTimesAccessed=18)
shortURL = http://localhost:8080/expand/ptWLsMvcZT
Hibernate: select tinyurlent0_.id as id1_0_, tinyurlent0_.created_at as created_2_0_, tinyurlent0_.expiring_on as expiring3_0_, tinyurlent0_.longurl as longurl4_0_, tinyurlent0_.no_of_times_accessed as no_of_ti5_0_, tinyurlent0_.shorturl as shorturl6_0_, tinyurlent0_.userid as userid7_0_ from tinyurlentity tinyurlent0_ where tinyurlent0_.shorturl=?
Hibernate: update tinyurlentity set created_at=?, expiring_on=?, longurl=?, no_of_times_accessed=?, shorturl=?, userid=? where id=?
2019-11-10 23:48:05.256  INFO 14308 --- [    Test worker] c.n.tinyurl.service.TinnyURLService      : Found Short URL.
2019-11-10 23:48:05.256  INFO 14308 --- [    Test worker] c.n.tinyurl.service.TinnyURLService      : TinyURLEntity : TinyURLEntity(id=20, userID=Test3, longURL=https://www.Test3.com/search?q=junit+5+dynamic+tests+examples&safe=active&rlz=1C1SQJL_enUS807US807&sxsrf=ACYBGNQrwYwyQkGyeiAk-ntGDjR4M8mCwg:1571491152998&source=lnms&tbm=vid&sa=X&ved=0ahUKEwi-qMTftKjlAhUHh-AKHZAPClIQ_AUIEygC&biw=1536&bih=754, shortURL=http://localhost:8080/expand/ptWLsMvcZT, createdAt=2019-11-10T23:48:03.669833, expiringOn=2019-11-11T23:48:03.669833, noOfTimesAccessed=16)
shortURL = http://localhost:8080/expand/mzT4oOtKVU
Hibernate: select tinyurlent0_.id as id1_0_, tinyurlent0_.created_at as created_2_0_, tinyurlent0_.expiring_on as expiring3_0_, tinyurlent0_.longurl as longurl4_0_, tinyurlent0_.no_of_times_accessed as no_of_ti5_0_, tinyurlent0_.shorturl as shorturl6_0_, tinyurlent0_.userid as userid7_0_ from tinyurlentity tinyurlent0_ where tinyurlent0_.shorturl=?
Hibernate: update tinyurlentity set created_at=?, expiring_on=?, longurl=?, no_of_times_accessed=?, shorturl=?, userid=? where id=?
2019-11-10 23:48:05.267  INFO 14308 --- [    Test worker] c.n.tinyurl.service.TinnyURLService      : Found Short URL.
2019-11-10 23:48:05.267  INFO 14308 --- [    Test worker] c.n.tinyurl.service.TinnyURLService      : TinyURLEntity : TinyURLEntity(id=29, userID=Abc1, longURL=https://www.Abc1.com/search?q=map+initialization+java+11&rlz=1C1SQJL_enUS807US807&oq=map+initialization+java+&aqs=chrome.2.69i57j0l5.5614j0j7&sourceid=chrome&ie=UTF-8, shortURL=http://localhost:8080/expand/mzT4oOtKVU, createdAt=2019-11-10T23:48:03.762551, expiringOn=2019-11-11T23:48:03.762551, noOfTimesAccessed=16)
shortURL = http://localhost:8080/expand/ptWLsMvcZT
Hibernate: select tinyurlent0_.id as id1_0_, tinyurlent0_.created_at as created_2_0_, tinyurlent0_.expiring_on as expiring3_0_, tinyurlent0_.longurl as longurl4_0_, tinyurlent0_.no_of_times_accessed as no_of_ti5_0_, tinyurlent0_.shorturl as shorturl6_0_, tinyurlent0_.userid as userid7_0_ from tinyurlentity tinyurlent0_ where tinyurlent0_.shorturl=?
Hibernate: update tinyurlentity set created_at=?, expiring_on=?, longurl=?, no_of_times_accessed=?, shorturl=?, userid=? where id=?
2019-11-10 23:48:05.276  INFO 14308 --- [    Test worker] c.n.tinyurl.service.TinnyURLService      : Found Short URL.
2019-11-10 23:48:05.277  INFO 14308 --- [    Test worker] c.n.tinyurl.service.TinnyURLService      : TinyURLEntity : TinyURLEntity(id=20, userID=Test3, longURL=https://www.Test3.com/search?q=junit+5+dynamic+tests+examples&safe=active&rlz=1C1SQJL_enUS807US807&sxsrf=ACYBGNQrwYwyQkGyeiAk-ntGDjR4M8mCwg:1571491152998&source=lnms&tbm=vid&sa=X&ved=0ahUKEwi-qMTftKjlAhUHh-AKHZAPClIQ_AUIEygC&biw=1536&bih=754, shortURL=http://localhost:8080/expand/ptWLsMvcZT, createdAt=2019-11-10T23:48:03.669833, expiringOn=2019-11-11T23:48:03.669833, noOfTimesAccessed=17)
shortURL = http://localhost:8080/expand/FPcXua9zY6
Hibernate: select tinyurlent0_.id as id1_0_, tinyurlent0_.created_at as created_2_0_, tinyurlent0_.expiring_on as expiring3_0_, tinyurlent0_.longurl as longurl4_0_, tinyurlent0_.no_of_times_accessed as no_of_ti5_0_, tinyurlent0_.shorturl as shorturl6_0_, tinyurlent0_.userid as userid7_0_ from tinyurlentity tinyurlent0_ where tinyurlent0_.shorturl=?
Hibernate: update tinyurlentity set created_at=?, expiring_on=?, longurl=?, no_of_times_accessed=?, shorturl=?, userid=? where id=?
2019-11-10 23:48:05.285  INFO 14308 --- [    Test worker] c.n.tinyurl.service.TinnyURLService      : Found Short URL.
2019-11-10 23:48:05.285  INFO 14308 --- [    Test worker] c.n.tinyurl.service.TinnyURLService      : TinyURLEntity : TinyURLEntity(id=16, userID=abc568, longURL=https://www.google.com/search?q=junit+5+dynamic+tests+examples&safe=active&rlz=1C1SQJL_enUS807US807&sxsrf=ACYBGNQrwYwyQkGyeiAk-ntGDjR4M8mCwg:1571491152998&source=lnms&tbm=vid&sa=X&ved=0ahUKEwi-qMTftKjlAhUHh-AKHZAPClIQ_AUIEygC&biw=1536&bih=754, shortURL=http://localhost:8080/expand/FPcXua9zY6, createdAt=2019-11-10T23:48:03.641527, expiringOn=2019-11-11T23:48:03.641527, noOfTimesAccessed=19)
shortURL = http://localhost:8080/expand/ptWLsMvcZT
Hibernate: select tinyurlent0_.id as id1_0_, tinyurlent0_.created_at as created_2_0_, tinyurlent0_.expiring_on as expiring3_0_, tinyurlent0_.longurl as longurl4_0_, tinyurlent0_.no_of_times_accessed as no_of_ti5_0_, tinyurlent0_.shorturl as shorturl6_0_, tinyurlent0_.userid as userid7_0_ from tinyurlentity tinyurlent0_ where tinyurlent0_.shorturl=?
Hibernate: update tinyurlentity set created_at=?, expiring_on=?, longurl=?, no_of_times_accessed=?, shorturl=?, userid=? where id=?
2019-11-10 23:48:05.297  INFO 14308 --- [    Test worker] c.n.tinyurl.service.TinnyURLService      : Found Short URL.
2019-11-10 23:48:05.297  INFO 14308 --- [    Test worker] c.n.tinyurl.service.TinnyURLService      : TinyURLEntity : TinyURLEntity(id=20, userID=Test3, longURL=https://www.Test3.com/search?q=junit+5+dynamic+tests+examples&safe=active&rlz=1C1SQJL_enUS807US807&sxsrf=ACYBGNQrwYwyQkGyeiAk-ntGDjR4M8mCwg:1571491152998&source=lnms&tbm=vid&sa=X&ved=0ahUKEwi-qMTftKjlAhUHh-AKHZAPClIQ_AUIEygC&biw=1536&bih=754, shortURL=http://localhost:8080/expand/ptWLsMvcZT, createdAt=2019-11-10T23:48:03.669833, expiringOn=2019-11-11T23:48:03.669833, noOfTimesAccessed=18)
shortURL = http://localhost:8080/expand/lrZcarcR5b
Hibernate: select tinyurlent0_.id as id1_0_, tinyurlent0_.created_at as created_2_0_, tinyurlent0_.expiring_on as expiring3_0_, tinyurlent0_.longurl as longurl4_0_, tinyurlent0_.no_of_times_accessed as no_of_ti5_0_, tinyurlent0_.shorturl as shorturl6_0_, tinyurlent0_.userid as userid7_0_ from tinyurlentity tinyurlent0_ where tinyurlent0_.shorturl=?
Hibernate: update tinyurlentity set created_at=?, expiring_on=?, longurl=?, no_of_times_accessed=?, shorturl=?, userid=? where id=?
2019-11-10 23:48:05.307  INFO 14308 --- [    Test worker] c.n.tinyurl.service.TinnyURLService      : Found Short URL.
2019-11-10 23:48:05.307  INFO 14308 --- [    Test worker] c.n.tinyurl.service.TinnyURLService      : TinyURLEntity : TinyURLEntity(id=32, userID=abc1, longURL=https://www.test2.com/search?q=map+initialization+java+11&rlz=1C1SQJL_enUS807US807&oq=map+initialization+java+&aqs=chrome.2.69i57j0l5.5614j0j7&sourceid=chrome&ie=UTF-8, shortURL=http://localhost:8080/expand/lrZcarcR5b, createdAt=2019-11-10T23:48:03.805496, expiringOn=2019-11-11T23:48:03.805496, noOfTimesAccessed=19)
shortURL = http://localhost:8080/expand/e8Ialiqan6
Hibernate: select tinyurlent0_.id as id1_0_, tinyurlent0_.created_at as created_2_0_, tinyurlent0_.expiring_on as expiring3_0_, tinyurlent0_.longurl as longurl4_0_, tinyurlent0_.no_of_times_accessed as no_of_ti5_0_, tinyurlent0_.shorturl as shorturl6_0_, tinyurlent0_.userid as userid7_0_ from tinyurlentity tinyurlent0_ where tinyurlent0_.shorturl=?
Hibernate: update tinyurlentity set created_at=?, expiring_on=?, longurl=?, no_of_times_accessed=?, shorturl=?, userid=? where id=?
2019-11-10 23:48:05.314  INFO 14308 --- [    Test worker] c.n.tinyurl.service.TinnyURLService      : Found Short URL.
2019-11-10 23:48:05.314  INFO 14308 --- [    Test worker] c.n.tinyurl.service.TinnyURLService      : TinyURLEntity : TinyURLEntity(id=30, userID=abc123, longURL=https://www.google.com/search?safe=active&rlz=1C1SQJL_enUS807US807&sxsrf=ACYBGNRx5ybGi72w6lRU9s_0PUs8iPn-UQ%3A1571455118815&ei=joCqXbmyMe_l_Qbd87uwCA&q=recursive+mockmvc+example&oq=recursive+mockmvc+&gs_l=psy-ab.3.0.33i160.114926.123218..124835...0.1..0.154.1989.1j16......0....1..gws-wiz.......0i71j35i39j0i67j0j0i131j0i20i263j0i70i249j0i22i30j0i13i30j0i13i5i30j0i8i13i30j0i13.nuNl5STQCIk, shortURL=http://localhost:8080/expand/e8Ialiqan6, createdAt=2019-11-10T23:48:03.764504, expiringOn=2019-11-11T23:48:03.764504, noOfTimesAccessed=11)
shortURL = http://localhost:8080/expand/FPcXua9zY6
Hibernate: select tinyurlent0_.id as id1_0_, tinyurlent0_.created_at as created_2_0_, tinyurlent0_.expiring_on as expiring3_0_, tinyurlent0_.longurl as longurl4_0_, tinyurlent0_.no_of_times_accessed as no_of_ti5_0_, tinyurlent0_.shorturl as shorturl6_0_, tinyurlent0_.userid as userid7_0_ from tinyurlentity tinyurlent0_ where tinyurlent0_.shorturl=?
Hibernate: update tinyurlentity set created_at=?, expiring_on=?, longurl=?, no_of_times_accessed=?, shorturl=?, userid=? where id=?
2019-11-10 23:48:05.322  INFO 14308 --- [    Test worker] c.n.tinyurl.service.TinnyURLService      : Found Short URL.
2019-11-10 23:48:05.322  INFO 14308 --- [    Test worker] c.n.tinyurl.service.TinnyURLService      : TinyURLEntity : TinyURLEntity(id=16, userID=abc568, longURL=https://www.google.com/search?q=junit+5+dynamic+tests+examples&safe=active&rlz=1C1SQJL_enUS807US807&sxsrf=ACYBGNQrwYwyQkGyeiAk-ntGDjR4M8mCwg:1571491152998&source=lnms&tbm=vid&sa=X&ved=0ahUKEwi-qMTftKjlAhUHh-AKHZAPClIQ_AUIEygC&biw=1536&bih=754, shortURL=http://localhost:8080/expand/FPcXua9zY6, createdAt=2019-11-10T23:48:03.641527, expiringOn=2019-11-11T23:48:03.641527, noOfTimesAccessed=20)
shortURL = SignUpRequestDto(userID=abc1T, usagePlan=PREMIUM)
Hibernate: select count(userdetail0_.id) as col_0_0_ from user_details_entity userdetail0_ where userdetail0_.user_name=?
Hibernate: call next value for hibernate_sequence
Hibernate: insert into user_details_entity (access_token, no_of_requests_per_day, usage_plan, user_name, id) values (?, ?, ?, ?, ?)
shortURL = SignUpRequestDto(userID=abc568T, usagePlan=PREMIUM)
Hibernate: select count(userdetail0_.id) as col_0_0_ from user_details_entity userdetail0_ where userdetail0_.user_name=?
Hibernate: call next value for hibernate_sequence
Hibernate: insert into user_details_entity (access_token, no_of_requests_per_day, usage_plan, user_name, id) values (?, ?, ?, ?, ?)
shortURL = SignUpRequestDto(userID=abc234T, usagePlan=PREMIUM)
Hibernate: select count(userdetail0_.id) as col_0_0_ from user_details_entity userdetail0_ where userdetail0_.user_name=?
Hibernate: call next value for hibernate_sequence
Hibernate: insert into user_details_entity (access_token, no_of_requests_per_day, usage_plan, user_name, id) values (?, ?, ?, ?, ?)
shortURL = SignUpRequestDto(userID=abc123T, usagePlan=PREMIUM)
Hibernate: select count(userdetail0_.id) as col_0_0_ from user_details_entity userdetail0_ where userdetail0_.user_name=?
Hibernate: call next value for hibernate_sequence
Hibernate: insert into user_details_entity (access_token, no_of_requests_per_day, usage_plan, user_name, id) values (?, ?, ?, ?, ?)
shortURL = SignUpRequestDto(userID=Test3T, usagePlan=PREMIUM)
Hibernate: select count(userdetail0_.id) as col_0_0_ from user_details_entity userdetail0_ where userdetail0_.user_name=?
Hibernate: call next value for hibernate_sequence
Hibernate: insert into user_details_entity (access_token, no_of_requests_per_day, usage_plan, user_name, id) values (?, ?, ?, ?, ?)
shortURL = SignUpRequestDto(userID=Abc1T, usagePlan=PREMIUM)
Hibernate: select count(userdetail0_.id) as col_0_0_ from user_details_entity userdetail0_ where userdetail0_.user_name=?
Hibernate: call next value for hibernate_sequence
Hibernate: insert into user_details_entity (access_token, no_of_requests_per_day, usage_plan, user_name, id) values (?, ?, ?, ?, ?)
shortURL = SignUpRequestDto(userID=test3T, usagePlan=PREMIUM)
Hibernate: select count(userdetail0_.id) as col_0_0_ from user_details_entity userdetail0_ where userdetail0_.user_name=?
Hibernate: call next value for hibernate_sequence
Hibernate: insert into user_details_entity (access_token, no_of_requests_per_day, usage_plan, user_name, id) values (?, ?, ?, ?, ?)
]]></system-out>
  <system-err><![CDATA[]]></system-err>
</testsuite>
