<?xml version="1.0" encoding="UTF-8"?>
<testsuite name="com.neeraj.tinyurl.controller.IDGenerationControllerTest" tests="1001" skipped="0" failures="0" errors="0" timestamp="2019-11-11T04:48:28" hostname="LAPTOP-TMHEIUI3" time="9.109">
  <properties/>
  <testcase name="getId()" classname="com.neeraj.tinyurl.controller.IDGenerationControllerTest" time="1.187"/>
  <testcase name="perform_a_recursive_test_to_get_unique_id()[1]" classname="com.neeraj.tinyurl.controller.IDGenerationControllerTest" time="0.021"/>
  <testcase name="perform_a_recursive_test_to_get_unique_id()[2]" classname="com.neeraj.tinyurl.controller.IDGenerationControllerTest" time="0.015"/>
  <testcase name="perform_a_recursive_test_to_get_unique_id()[3]" classname="com.neeraj.tinyurl.controller.IDGenerationControllerTest" time="0.01"/>
  <testcase name="perform_a_recursive_test_to_get_unique_id()[4]" classname="com.neeraj.tinyurl.controller.IDGenerationControllerTest" time="0.009"/>
  <testcase name="perform_a_recursive_test_to_get_unique_id()[5]" classname="com.neeraj.tinyurl.controller.IDGenerationControllerTest" time="0.009"/>
  <testcase name="perform_a_recursive_test_to_get_unique_id()[6]" classname="com.neeraj.tinyurl.controller.IDGenerationControllerTest" time="0.011"/>
  <testcase name="perform_a_recursive_test_to_get_unique_id()[7]" classname="com.neeraj.tinyurl.controller.IDGenerationControllerTest" time="0.014"/>
  <testcase name="perform_a_recursive_test_to_get_unique_id()[8]" classname="com.neeraj.tinyurl.controller.IDGenerationControllerTest" time="0.008"/>
  <testcase name="perform_a_recursive_test_to_get_unique_id()[9]" classname="com.neeraj.tinyurl.controller.IDGenerationControllerTest" time="0.009"/>
  <testcase name="perform_a_recursive_test_to_get_unique_id()[10]" classname="com.neeraj.tinyurl.controller.IDGenerationControllerTest" time="0.015"/>
  <testcase name="perform_a_recursive_test_to_get_unique_id()[11]" classname="com.neeraj.tinyurl.controller.IDGenerationControllerTest" time="0.012"/>
  <testcase name="perform_a_recursive_test_to_get_unique_id()[12]" classname="com.neeraj.tinyurl.controller.IDGenerationControllerTest" time="0.018"/>
  <testcase name="perform_a_recursive_test_to_get_unique_id()[13]" classname="com.neeraj.tinyurl.controller.IDGenerationControllerTest" time="0.014"/>
  <testcase name="perform_a_recursive_test_to_get_unique_id()[14]" classname="com.neeraj.tinyurl.controller.IDGenerationControllerTest" time="0.009"/>
  <testcase name="perform_a_recursive_test_to_get_unique_id()[15]" classname="com.neeraj.tinyurl.controller.IDGenerationControllerTest" time="0.026"/>
  <testcase name="perform_a_recursive_test_to_get_unique_id()[16]" classname="com.neeraj.tinyurl.controller.IDGenerationControllerTest" time="0.007"/>
  <testcase name="perform_a_recursive_test_to_get_unique_id()[17]" classname="com.neeraj.tinyurl.controller.IDGenerationControllerTest" time="0.008"/>
  <testcase name="perform_a_recursive_test_to_get_unique_id()[18]" classname="com.neeraj.tinyurl.controller.IDGenerationControllerTest" time="0.008"/>
  <testcase name="perform_a_recursive_test_to_get_unique_id()[19]" classname="com.neeraj.tinyurl.controller.IDGenerationControllerTest" time="0.016"/>
  <testcase name="perform_a_recursive_test_to_get_unique_id()[20]" classname="com.neeraj.tinyurl.controller.IDGenerationControllerTest" time="0.009"/>
  <testcase name="perform_a_recursive_test_to_get_unique_id()[21]" classname="com.neeraj.tinyurl.controller.IDGenerationControllerTest" time="0.015"/>
  <testcase name="perform_a_recursive_test_to_get_unique_id()[22]" classname="com.neeraj.tinyurl.controller.IDGenerationControllerTest" time="0.015"/>
  <testcase name="perform_a_recursive_test_to_get_unique_id()[23]" classname="com.neeraj.tinyurl.controller.IDGenerationControllerTest" time="0.023"/>
  <testcase name="perform_a_recursive_test_to_get_unique_id()[24]" classname="com.neeraj.tinyurl.controller.IDGenerationControllerTest" time="0.011"/>
  <testcase name="perform_a_recursive_test_to_get_unique_id()[25]" classname="com.neeraj.tinyurl.controller.IDGenerationControllerTest" time="0.01"/>
  <testcase name="perform_a_recursive_test_to_get_unique_id()[26]" classname="com.neeraj.tinyurl.controller.IDGenerationControllerTest" time="0.008"/>
  <testcase name="perform_a_recursive_test_to_get_unique_id()[27]" classname="com.neeraj.tinyurl.controller.IDGenerationControllerTest" time="0.008"/>
  <testcase name="perform_a_recursive_test_to_get_unique_id()[28]" classname="com.neeraj.tinyurl.controller.IDGenerationControllerTest" time="0.008"/>
  <testcase name="perform_a_recursive_test_to_get_unique_id()[29]" classname="com.neeraj.tinyurl.controller.IDGenerationControllerTest" time="0.011"/>
  <testcase name="perform_a_recursive_test_to_get_unique_id()[30]" classname="com.neeraj.tinyurl.controller.IDGenerationControllerTest" time="0.006"/>
  <testcase name="perform_a_recursive_test_to_get_unique_id()[31]" classname="com.neeraj.tinyurl.controller.IDGenerationControllerTest" time="0.006"/>
  <testcase name="perform_a_recursive_test_to_get_unique_id()[32]" classname="com.neeraj.tinyurl.controller.IDGenerationControllerTest" time="0.008"/>
  <testcase name="perform_a_recursive_test_to_get_unique_id()[33]" classname="com.neeraj.tinyurl.controller.IDGenerationControllerTest" time="0.016"/>
  <testcase name="perform_a_recursive_test_to_get_unique_id()[34]" classname="com.neeraj.tinyurl.controller.IDGenerationControllerTest" time="0.011"/>
  <testcase name="perform_a_recursive_test_to_get_unique_id()[35]" classname="com.neeraj.tinyurl.controller.IDGenerationControllerTest" time="0.009"/>
  <testcase name="perform_a_recursive_test_to_get_unique_id()[36]" classname="com.neeraj.tinyurl.controller.IDGenerationControllerTest" time="0.021"/>
  <testcase name="perform_a_recursive_test_to_get_unique_id()[37]" classname="com.neeraj.tinyurl.controller.IDGenerationControllerTest" time="0.01"/>
  <testcase name="perform_a_recursive_test_to_get_unique_id()[38]" classname="com.neeraj.tinyurl.controller.IDGenerationControllerTest" time="0.006"/>
  <testcase name="perform_a_recursive_test_to_get_unique_id()[39]" classname="com.neeraj.tinyurl.controller.IDGenerationControllerTest" time="0.01"/>
  <testcase name="perform_a_recursive_test_to_get_unique_id()[40]" classname="com.neeraj.tinyurl.controller.IDGenerationControllerTest" time="0.006"/>
  <testcase name="perform_a_recursive_test_to_get_unique_id()[41]" classname="com.neeraj.tinyurl.controller.IDGenerationControllerTest" time="0.021"/>
  <testcase name="perform_a_recursive_test_to_get_unique_id()[42]" classname="com.neeraj.tinyurl.controller.IDGenerationControllerTest" time="0.009"/>
  <testcase name="perform_a_recursive_test_to_get_unique_id()[43]" classname="com.neeraj.tinyurl.controller.IDGenerationControllerTest" time="0.011"/>
  <testcase name="perform_a_recursive_test_to_get_unique_id()[44]" classname="com.neeraj.tinyurl.controller.IDGenerationControllerTest" time="0.01"/>
  <testcase name="perform_a_recursive_test_to_get_unique_id()[45]" classname="com.neeraj.tinyurl.controller.IDGenerationControllerTest" time="0.013"/>
  <testcase name="perform_a_recursive_test_to_get_unique_id()[46]" classname="com.neeraj.tinyurl.controller.IDGenerationControllerTest" time="0.01"/>
  <testcase name="perform_a_recursive_test_to_get_unique_id()[47]" classname="com.neeraj.tinyurl.controller.IDGenerationControllerTest" time="0.007"/>
  <testcase name="perform_a_recursive_test_to_get_unique_id()[48]" classname="com.neeraj.tinyurl.controller.IDGenerationControllerTest" time="0.008"/>
  <testcase name="perform_a_recursive_test_to_get_unique_id()[49]" classname="com.neeraj.tinyurl.controller.IDGenerationControllerTest" time="0.007"/>
  <testcase name="perform_a_recursive_test_to_get_unique_id()[50]" classname="com.neeraj.tinyurl.controller.IDGenerationControllerTest" time="0.01"/>
  <testcase name="perform_a_recursive_test_to_get_unique_id()[51]" classname="com.neeraj.tinyurl.controller.IDGenerationControllerTest" time="0.006"/>
  <testcase name="perform_a_recursive_test_to_get_unique_id()[52]" classname="com.neeraj.tinyurl.controller.IDGenerationControllerTest" time="0.007"/>
  <testcase name="perform_a_recursive_test_to_get_unique_id()[53]" classname="com.neeraj.tinyurl.controller.IDGenerationControllerTest" time="0.006"/>
  <testcase name="perform_a_recursive_test_to_get_unique_id()[54]" classname="com.neeraj.tinyurl.controller.IDGenerationControllerTest" time="0.02"/>
  <testcase name="perform_a_recursive_test_to_get_unique_id()[55]" classname="com.neeraj.tinyurl.controller.IDGenerationControllerTest" time="0.007"/>
  <testcase name="perform_a_recursive_test_to_get_unique_id()[56]" classname="com.neeraj.tinyurl.controller.IDGenerationControllerTest" time="0.009"/>
  <testcase name="perform_a_recursive_test_to_get_unique_id()[57]" classname="com.neeraj.tinyurl.controller.IDGenerationControllerTest" time="0.005"/>
  <testcase name="perform_a_recursive_test_to_get_unique_id()[58]" classname="com.neeraj.tinyurl.controller.IDGenerationControllerTest" time="0.006"/>
  <testcase name="perform_a_recursive_test_to_get_unique_id()[59]" classname="com.neeraj.tinyurl.controller.IDGenerationControllerTest" time="0.015"/>
  <testcase name="perform_a_recursive_test_to_get_unique_id()[60]" classname="com.neeraj.tinyurl.controller.IDGenerationControllerTest" time="0.007"/>
  <testcase name="perform_a_recursive_test_to_get_unique_id()[61]" classname="com.neeraj.tinyurl.controller.IDGenerationControllerTest" time="0.006"/>
  <testcase name="perform_a_recursive_test_to_get_unique_id()[62]" classname="com.neeraj.tinyurl.controller.IDGenerationControllerTest" time="0.008"/>
  <testcase name="perform_a_recursive_test_to_get_unique_id()[63]" classname="com.neeraj.tinyurl.controller.IDGenerationControllerTest" time="0.006"/>
  <testcase name="perform_a_recursive_test_to_get_unique_id()[64]" classname="com.neeraj.tinyurl.controller.IDGenerationControllerTest" time="0.039"/>
  <testcase name="perform_a_recursive_test_to_get_unique_id()[65]" classname="com.neeraj.tinyurl.controller.IDGenerationControllerTest" time="0.006"/>
  <testcase name="perform_a_recursive_test_to_get_unique_id()[66]" classname="com.neeraj.tinyurl.controller.IDGenerationControllerTest" time="0.015"/>
  <testcase name="perform_a_recursive_test_to_get_unique_id()[67]" classname="com.neeraj.tinyurl.controller.IDGenerationControllerTest" time="0.011"/>
  <testcase name="perform_a_recursive_test_to_get_unique_id()[68]" classname="com.neeraj.tinyurl.controller.IDGenerationControllerTest" time="0.013"/>
  <testcase name="perform_a_recursive_test_to_get_unique_id()[69]" classname="com.neeraj.tinyurl.controller.IDGenerationControllerTest" time="0.007"/>
  <testcase name="perform_a_recursive_test_to_get_unique_id()[70]" classname="com.neeraj.tinyurl.controller.IDGenerationControllerTest" time="0.021"/>
  <testcase name="perform_a_recursive_test_to_get_unique_id()[71]" classname="com.neeraj.tinyurl.controller.IDGenerationControllerTest" time="0.008"/>
  <testcase name="perform_a_recursive_test_to_get_unique_id()[72]" classname="com.neeraj.tinyurl.controller.IDGenerationControllerTest" time="0.007"/>
  <testcase name="perform_a_recursive_test_to_get_unique_id()[73]" classname="com.neeraj.tinyurl.controller.IDGenerationControllerTest" time="0.014"/>
  <testcase name="perform_a_recursive_test_to_get_unique_id()[74]" classname="com.neeraj.tinyurl.controller.IDGenerationControllerTest" time="0.011"/>
  <testcase name="perform_a_recursive_test_to_get_unique_id()[75]" classname="com.neeraj.tinyurl.controller.IDGenerationControllerTest" time="0.011"/>
  <testcase name="perform_a_recursive_test_to_get_unique_id()[76]" classname="com.neeraj.tinyurl.controller.IDGenerationControllerTest" time="0.006"/>
  <testcase name="perform_a_recursive_test_to_get_unique_id()[77]" classname="com.neeraj.tinyurl.controller.IDGenerationControllerTest" time="0.006"/>
  <testcase name="perform_a_recursive_test_to_get_unique_id()[78]" classname="com.neeraj.tinyurl.controller.IDGenerationControllerTest" time="0.007"/>
  <testcase name="perform_a_recursive_test_to_get_unique_id()[79]" classname="com.neeraj.tinyurl.controller.IDGenerationControllerTest" time="0.006"/>
  <testcase name="perform_a_recursive_test_to_get_unique_id()[80]" classname="com.neeraj.tinyurl.controller.IDGenerationControllerTest" time="0.006"/>
  <testcase name="perform_a_recursive_test_to_get_unique_id()[81]" classname="com.neeraj.tinyurl.controller.IDGenerationControllerTest" time="0.006"/>
  <testcase name="perform_a_recursive_test_to_get_unique_id()[82]" classname="com.neeraj.tinyurl.controller.IDGenerationControllerTest" time="0.006"/>
  <testcase name="perform_a_recursive_test_to_get_unique_id()[83]" classname="com.neeraj.tinyurl.controller.IDGenerationControllerTest" time="0.006"/>
  <testcase name="perform_a_recursive_test_to_get_unique_id()[84]" classname="com.neeraj.tinyurl.controller.IDGenerationControllerTest" time="0.016"/>
  <testcase name="perform_a_recursive_test_to_get_unique_id()[85]" classname="com.neeraj.tinyurl.controller.IDGenerationControllerTest" time="0.008"/>
  <testcase name="perform_a_recursive_test_to_get_unique_id()[86]" classname="com.neeraj.tinyurl.controller.IDGenerationControllerTest" time="0.005"/>
  <testcase name="perform_a_recursive_test_to_get_unique_id()[87]" classname="com.neeraj.tinyurl.controller.IDGenerationControllerTest" time="0.006"/>
  <testcase name="perform_a_recursive_test_to_get_unique_id()[88]" classname="com.neeraj.tinyurl.controller.IDGenerationControllerTest" time="0.006"/>
  <testcase name="perform_a_recursive_test_to_get_unique_id()[89]" classname="com.neeraj.tinyurl.controller.IDGenerationControllerTest" time="0.005"/>
  <testcase name="perform_a_recursive_test_to_get_unique_id()[90]" classname="com.neeraj.tinyurl.controller.IDGenerationControllerTest" time="0.007"/>
  <testcase name="perform_a_recursive_test_to_get_unique_id()[91]" classname="com.neeraj.tinyurl.controller.IDGenerationControllerTest" time="0.01"/>
  <testcase name="perform_a_recursive_test_to_get_unique_id()[92]" classname="com.neeraj.tinyurl.controller.IDGenerationControllerTest" time="0.006"/>
  <testcase name="perform_a_recursive_test_to_get_unique_id()[93]" classname="com.neeraj.tinyurl.controller.IDGenerationControllerTest" time="0.006"/>
  <testcase name="perform_a_recursive_test_to_get_unique_id()[94]" classname="com.neeraj.tinyurl.controller.IDGenerationControllerTest" time="0.007"/>
  <testcase name="perform_a_recursive_test_to_get_unique_id()[95]" classname="com.neeraj.tinyurl.controller.IDGenerationControllerTest" time="0.007"/>
  <testcase name="perform_a_recursive_test_to_get_unique_id()[96]" classname="com.neeraj.tinyurl.controller.IDGenerationControllerTest" time="0.006"/>
  <testcase name="perform_a_recursive_test_to_get_unique_id()[97]" classname="com.neeraj.tinyurl.controller.IDGenerationControllerTest" time="0.008"/>
  <testcase name="perform_a_recursive_test_to_get_unique_id()[98]" classname="com.neeraj.tinyurl.controller.IDGenerationControllerTest" time="0.005"/>
  <testcase name="perform_a_recursive_test_to_get_unique_id()[99]" classname="com.neeraj.tinyurl.controller.IDGenerationControllerTest" time="0.022"/>
  <testcase name="perform_a_recursive_test_to_get_unique_id()[100]" classname="com.neeraj.tinyurl.controller.IDGenerationControllerTest" time="0.146"/>
  <testcase name="perform_a_recursive_test_to_get_unique_id()[101]" classname="com.neeraj.tinyurl.controller.IDGenerationControllerTest" time="0.005"/>
  <testcase name="perform_a_recursive_test_to_get_unique_id()[102]" classname="com.neeraj.tinyurl.controller.IDGenerationControllerTest" time="0.005"/>
  <testcase name="perform_a_recursive_test_to_get_unique_id()[103]" classname="com.neeraj.tinyurl.controller.IDGenerationControllerTest" time="0.005"/>
  <testcase name="perform_a_recursive_test_to_get_unique_id()[104]" classname="com.neeraj.tinyurl.controller.IDGenerationControllerTest" time="0.005"/>
  <testcase name="perform_a_recursive_test_to_get_unique_id()[105]" classname="com.neeraj.tinyurl.controller.IDGenerationControllerTest" time="0.005"/>
  <testcase name="perform_a_recursive_test_to_get_unique_id()[106]" classname="com.neeraj.tinyurl.controller.IDGenerationControllerTest" time="0.011"/>
  <testcase name="perform_a_recursive_test_to_get_unique_id()[107]" classname="com.neeraj.tinyurl.controller.IDGenerationControllerTest" time="0.01"/>
  <testcase name="perform_a_recursive_test_to_get_unique_id()[108]" classname="com.neeraj.tinyurl.controller.IDGenerationControllerTest" time="0.01"/>
  <testcase name="perform_a_recursive_test_to_get_unique_id()[109]" classname="com.neeraj.tinyurl.controller.IDGenerationControllerTest" time="0.006"/>
  <testcase name="perform_a_recursive_test_to_get_unique_id()[110]" classname="com.neeraj.tinyurl.controller.IDGenerationControllerTest" time="0.007"/>
  <testcase name="perform_a_recursive_test_to_get_unique_id()[111]" classname="com.neeraj.tinyurl.controller.IDGenerationControllerTest" time="0.007"/>
  <testcase name="perform_a_recursive_test_to_get_unique_id()[112]" classname="com.neeraj.tinyurl.controller.IDGenerationControllerTest" time="0.012"/>
  <testcase name="perform_a_recursive_test_to_get_unique_id()[113]" classname="com.neeraj.tinyurl.controller.IDGenerationControllerTest" time="0.007"/>
  <testcase name="perform_a_recursive_test_to_get_unique_id()[114]" classname="com.neeraj.tinyurl.controller.IDGenerationControllerTest" time="0.007"/>
  <testcase name="perform_a_recursive_test_to_get_unique_id()[115]" classname="com.neeraj.tinyurl.controller.IDGenerationControllerTest" time="0.007"/>
  <testcase name="perform_a_recursive_test_to_get_unique_id()[116]" classname="com.neeraj.tinyurl.controller.IDGenerationControllerTest" time="0.009"/>
  <testcase name="perform_a_recursive_test_to_get_unique_id()[117]" classname="com.neeraj.tinyurl.controller.IDGenerationControllerTest" time="0.011"/>
  <testcase name="perform_a_recursive_test_to_get_unique_id()[118]" classname="com.neeraj.tinyurl.controller.IDGenerationControllerTest" time="0.009"/>
  <testcase name="perform_a_recursive_test_to_get_unique_id()[119]" classname="com.neeraj.tinyurl.controller.IDGenerationControllerTest" time="0.007"/>
  <testcase name="perform_a_recursive_test_to_get_unique_id()[120]" classname="com.neeraj.tinyurl.controller.IDGenerationControllerTest" time="0.005"/>
  <testcase name="perform_a_recursive_test_to_get_unique_id()[121]" classname="com.neeraj.tinyurl.controller.IDGenerationControllerTest" time="0.006"/>
  <testcase name="perform_a_recursive_test_to_get_unique_id()[122]" classname="com.neeraj.tinyurl.controller.IDGenerationControllerTest" time="0.009"/>
  <testcase name="perform_a_recursive_test_to_get_unique_id()[123]" classname="com.neeraj.tinyurl.controller.IDGenerationControllerTest" time="0.008"/>
  <testcase name="perform_a_recursive_test_to_get_unique_id()[124]" classname="com.neeraj.tinyurl.controller.IDGenerationControllerTest" time="0.005"/>
  <testcase name="perform_a_recursive_test_to_get_unique_id()[125]" classname="com.neeraj.tinyurl.controller.IDGenerationControllerTest" time="0.007"/>
  <testcase name="perform_a_recursive_test_to_get_unique_id()[126]" classname="com.neeraj.tinyurl.controller.IDGenerationControllerTest" time="0.006"/>
  <testcase name="perform_a_recursive_test_to_get_unique_id()[127]" classname="com.neeraj.tinyurl.controller.IDGenerationControllerTest" time="0.008"/>
  <testcase name="perform_a_recursive_test_to_get_unique_id()[128]" classname="com.neeraj.tinyurl.controller.IDGenerationControllerTest" time="0.008"/>
  <testcase name="perform_a_recursive_test_to_get_unique_id()[129]" classname="com.neeraj.tinyurl.controller.IDGenerationControllerTest" time="0.006"/>
  <testcase name="perform_a_recursive_test_to_get_unique_id()[130]" classname="com.neeraj.tinyurl.controller.IDGenerationControllerTest" time="0.005"/>
  <testcase name="perform_a_recursive_test_to_get_unique_id()[131]" classname="com.neeraj.tinyurl.controller.IDGenerationControllerTest" time="0.006"/>
  <testcase name="perform_a_recursive_test_to_get_unique_id()[132]" classname="com.neeraj.tinyurl.controller.IDGenerationControllerTest" time="0.006"/>
  <testcase name="perform_a_recursive_test_to_get_unique_id()[133]" classname="com.neeraj.tinyurl.controller.IDGenerationControllerTest" time="0.007"/>
  <testcase name="perform_a_recursive_test_to_get_unique_id()[134]" classname="com.neeraj.tinyurl.controller.IDGenerationControllerTest" time="0.006"/>
  <testcase name="perform_a_recursive_test_to_get_unique_id()[135]" classname="com.neeraj.tinyurl.controller.IDGenerationControllerTest" time="0.012"/>
  <testcase name="perform_a_recursive_test_to_get_unique_id()[136]" classname="com.neeraj.tinyurl.controller.IDGenerationControllerTest" time="0.005"/>
  <testcase name="perform_a_recursive_test_to_get_unique_id()[137]" classname="com.neeraj.tinyurl.controller.IDGenerationControllerTest" time="0.006"/>
  <testcase name="perform_a_recursive_test_to_get_unique_id()[138]" classname="com.neeraj.tinyurl.controller.IDGenerationControllerTest" time="0.005"/>
  <testcase name="perform_a_recursive_test_to_get_unique_id()[139]" classname="com.neeraj.tinyurl.controller.IDGenerationControllerTest" time="0.006"/>
  <testcase name="perform_a_recursive_test_to_get_unique_id()[140]" classname="com.neeraj.tinyurl.controller.IDGenerationControllerTest" time="0.006"/>
  <testcase name="perform_a_recursive_test_to_get_unique_id()[141]" classname="com.neeraj.tinyurl.controller.IDGenerationControllerTest" time="0.006"/>
  <testcase name="perform_a_recursive_test_to_get_unique_id()[142]" classname="com.neeraj.tinyurl.controller.IDGenerationControllerTest" time="0.006"/>
  <testcase name="perform_a_recursive_test_to_get_unique_id()[143]" classname="com.neeraj.tinyurl.controller.IDGenerationControllerTest" time="0.005"/>
  <testcase name="perform_a_recursive_test_to_get_unique_id()[144]" classname="com.neeraj.tinyurl.controller.IDGenerationControllerTest" time="0.006"/>
  <testcase name="perform_a_recursive_test_to_get_unique_id()[145]" classname="com.neeraj.tinyurl.controller.IDGenerationControllerTest" time="0.006"/>
  <testcase name="perform_a_recursive_test_to_get_unique_id()[146]" classname="com.neeraj.tinyurl.controller.IDGenerationControllerTest" time="0.006"/>
  <testcase name="perform_a_recursive_test_to_get_unique_id()[147]" classname="com.neeraj.tinyurl.controller.IDGenerationControllerTest" time="0.005"/>
  <testcase name="perform_a_recursive_test_to_get_unique_id()[148]" classname="com.neeraj.tinyurl.controller.IDGenerationControllerTest" time="0.006"/>
  <testcase name="perform_a_recursive_test_to_get_unique_id()[149]" classname="com.neeraj.tinyurl.controller.IDGenerationControllerTest" time="0.01"/>
  <testcase name="perform_a_recursive_test_to_get_unique_id()[150]" classname="com.neeraj.tinyurl.controller.IDGenerationControllerTest" time="0.006"/>
  <testcase name="perform_a_recursive_test_to_get_unique_id()[151]" classname="com.neeraj.tinyurl.controller.IDGenerationControllerTest" time="0.008"/>
  <testcase name="perform_a_recursive_test_to_get_unique_id()[152]" classname="com.neeraj.tinyurl.controller.IDGenerationControllerTest" time="0.005"/>
  <testcase name="perform_a_recursive_test_to_get_unique_id()[153]" classname="com.neeraj.tinyurl.controller.IDGenerationControllerTest" time="0.006"/>
  <testcase name="perform_a_recursive_test_to_get_unique_id()[154]" classname="com.neeraj.tinyurl.controller.IDGenerationControllerTest" time="0.015"/>
  <testcase name="perform_a_recursive_test_to_get_unique_id()[155]" classname="com.neeraj.tinyurl.controller.IDGenerationControllerTest" time="0.017"/>
  <testcase name="perform_a_recursive_test_to_get_unique_id()[156]" classname="com.neeraj.tinyurl.controller.IDGenerationControllerTest" time="0.008"/>
  <testcase name="perform_a_recursive_test_to_get_unique_id()[157]" classname="com.neeraj.tinyurl.controller.IDGenerationControllerTest" time="0.005"/>
  <testcase name="perform_a_recursive_test_to_get_unique_id()[158]" classname="com.neeraj.tinyurl.controller.IDGenerationControllerTest" time="0.009"/>
  <testcase name="perform_a_recursive_test_to_get_unique_id()[159]" classname="com.neeraj.tinyurl.controller.IDGenerationControllerTest" time="0.009"/>
  <testcase name="perform_a_recursive_test_to_get_unique_id()[160]" classname="com.neeraj.tinyurl.controller.IDGenerationControllerTest" time="0.007"/>
  <testcase name="perform_a_recursive_test_to_get_unique_id()[161]" classname="com.neeraj.tinyurl.controller.IDGenerationControllerTest" time="0.007"/>
  <testcase name="perform_a_recursive_test_to_get_unique_id()[162]" classname="com.neeraj.tinyurl.controller.IDGenerationControllerTest" time="0.005"/>
  <testcase name="perform_a_recursive_test_to_get_unique_id()[163]" classname="com.neeraj.tinyurl.controller.IDGenerationControllerTest" time="0.005"/>
  <testcase name="perform_a_recursive_test_to_get_unique_id()[164]" classname="com.neeraj.tinyurl.controller.IDGenerationControllerTest" time="0.011"/>
  <testcase name="perform_a_recursive_test_to_get_unique_id()[165]" classname="com.neeraj.tinyurl.controller.IDGenerationControllerTest" time="0.005"/>
  <testcase name="perform_a_recursive_test_to_get_unique_id()[166]" classname="com.neeraj.tinyurl.controller.IDGenerationControllerTest" time="0.008"/>
  <testcase name="perform_a_recursive_test_to_get_unique_id()[167]" classname="com.neeraj.tinyurl.controller.IDGenerationControllerTest" time="0.05"/>
  <testcase name="perform_a_recursive_test_to_get_unique_id()[168]" classname="com.neeraj.tinyurl.controller.IDGenerationControllerTest" time="0.005"/>
  <testcase name="perform_a_recursive_test_to_get_unique_id()[169]" classname="com.neeraj.tinyurl.controller.IDGenerationControllerTest" time="0.008"/>
  <testcase name="perform_a_recursive_test_to_get_unique_id()[170]" classname="com.neeraj.tinyurl.controller.IDGenerationControllerTest" time="0.006"/>
  <testcase name="perform_a_recursive_test_to_get_unique_id()[171]" classname="com.neeraj.tinyurl.controller.IDGenerationControllerTest" time="0.008"/>
  <testcase name="perform_a_recursive_test_to_get_unique_id()[172]" classname="com.neeraj.tinyurl.controller.IDGenerationControllerTest" time="0.007"/>
  <testcase name="perform_a_recursive_test_to_get_unique_id()[173]" classname="com.neeraj.tinyurl.controller.IDGenerationControllerTest" time="0.006"/>
  <testcase name="perform_a_recursive_test_to_get_unique_id()[174]" classname="com.neeraj.tinyurl.controller.IDGenerationControllerTest" time="0.007"/>
  <testcase name="perform_a_recursive_test_to_get_unique_id()[175]" classname="com.neeraj.tinyurl.controller.IDGenerationControllerTest" time="0.008"/>
  <testcase name="perform_a_recursive_test_to_get_unique_id()[176]" classname="com.neeraj.tinyurl.controller.IDGenerationControllerTest" time="0.006"/>
  <testcase name="perform_a_recursive_test_to_get_unique_id()[177]" classname="com.neeraj.tinyurl.controller.IDGenerationControllerTest" time="0.006"/>
  <testcase name="perform_a_recursive_test_to_get_unique_id()[178]" classname="com.neeraj.tinyurl.controller.IDGenerationControllerTest" time="0.006"/>
  <testcase name="perform_a_recursive_test_to_get_unique_id()[179]" classname="com.neeraj.tinyurl.controller.IDGenerationControllerTest" time="0.007"/>
  <testcase name="perform_a_recursive_test_to_get_unique_id()[180]" classname="com.neeraj.tinyurl.controller.IDGenerationControllerTest" time="0.005"/>
  <testcase name="perform_a_recursive_test_to_get_unique_id()[181]" classname="com.neeraj.tinyurl.controller.IDGenerationControllerTest" time="0.017"/>
  <testcase name="perform_a_recursive_test_to_get_unique_id()[182]" classname="com.neeraj.tinyurl.controller.IDGenerationControllerTest" time="0.006"/>
  <testcase name="perform_a_recursive_test_to_get_unique_id()[183]" classname="com.neeraj.tinyurl.controller.IDGenerationControllerTest" time="0.011"/>
  <testcase name="perform_a_recursive_test_to_get_unique_id()[184]" classname="com.neeraj.tinyurl.controller.IDGenerationControllerTest" time="0.009"/>
  <testcase name="perform_a_recursive_test_to_get_unique_id()[185]" classname="com.neeraj.tinyurl.controller.IDGenerationControllerTest" time="0.02"/>
  <testcase name="perform_a_recursive_test_to_get_unique_id()[186]" classname="com.neeraj.tinyurl.controller.IDGenerationControllerTest" time="0.006"/>
  <testcase name="perform_a_recursive_test_to_get_unique_id()[187]" classname="com.neeraj.tinyurl.controller.IDGenerationControllerTest" time="0.004"/>
  <testcase name="perform_a_recursive_test_to_get_unique_id()[188]" classname="com.neeraj.tinyurl.controller.IDGenerationControllerTest" time="0.004"/>
  <testcase name="perform_a_recursive_test_to_get_unique_id()[189]" classname="com.neeraj.tinyurl.controller.IDGenerationControllerTest" time="0.006"/>
  <testcase name="perform_a_recursive_test_to_get_unique_id()[190]" classname="com.neeraj.tinyurl.controller.IDGenerationControllerTest" time="0.004"/>
  <testcase name="perform_a_recursive_test_to_get_unique_id()[191]" classname="com.neeraj.tinyurl.controller.IDGenerationControllerTest" time="0.022"/>
  <testcase name="perform_a_recursive_test_to_get_unique_id()[192]" classname="com.neeraj.tinyurl.controller.IDGenerationControllerTest" time="0.014"/>
  <testcase name="perform_a_recursive_test_to_get_unique_id()[193]" classname="com.neeraj.tinyurl.controller.IDGenerationControllerTest" time="0.007"/>
  <testcase name="perform_a_recursive_test_to_get_unique_id()[194]" classname="com.neeraj.tinyurl.controller.IDGenerationControllerTest" time="0.004"/>
  <testcase name="perform_a_recursive_test_to_get_unique_id()[195]" classname="com.neeraj.tinyurl.controller.IDGenerationControllerTest" time="0.005"/>
  <testcase name="perform_a_recursive_test_to_get_unique_id()[196]" classname="com.neeraj.tinyurl.controller.IDGenerationControllerTest" time="0.006"/>
  <testcase name="perform_a_recursive_test_to_get_unique_id()[197]" classname="com.neeraj.tinyurl.controller.IDGenerationControllerTest" time="0.055"/>
  <testcase name="perform_a_recursive_test_to_get_unique_id()[198]" classname="com.neeraj.tinyurl.controller.IDGenerationControllerTest" time="0.013"/>
  <testcase name="perform_a_recursive_test_to_get_unique_id()[199]" classname="com.neeraj.tinyurl.controller.IDGenerationControllerTest" time="0.022"/>
  <testcase name="perform_a_recursive_test_to_get_unique_id()[200]" classname="com.neeraj.tinyurl.controller.IDGenerationControllerTest" time="0.206"/>
  <testcase name="perform_a_recursive_test_to_get_unique_id()[201]" classname="com.neeraj.tinyurl.controller.IDGenerationControllerTest" time="0.006"/>
  <testcase name="perform_a_recursive_test_to_get_unique_id()[202]" classname="com.neeraj.tinyurl.controller.IDGenerationControllerTest" time="0.007"/>
  <testcase name="perform_a_recursive_test_to_get_unique_id()[203]" classname="com.neeraj.tinyurl.controller.IDGenerationControllerTest" time="0.012"/>
  <testcase name="perform_a_recursive_test_to_get_unique_id()[204]" classname="com.neeraj.tinyurl.controller.IDGenerationControllerTest" time="0.007"/>
  <testcase name="perform_a_recursive_test_to_get_unique_id()[205]" classname="com.neeraj.tinyurl.controller.IDGenerationControllerTest" time="0.015"/>
  <testcase name="perform_a_recursive_test_to_get_unique_id()[206]" classname="com.neeraj.tinyurl.controller.IDGenerationControllerTest" time="0.007"/>
  <testcase name="perform_a_recursive_test_to_get_unique_id()[207]" classname="com.neeraj.tinyurl.controller.IDGenerationControllerTest" time="0.017"/>
  <testcase name="perform_a_recursive_test_to_get_unique_id()[208]" classname="com.neeraj.tinyurl.controller.IDGenerationControllerTest" time="0.007"/>
  <testcase name="perform_a_recursive_test_to_get_unique_id()[209]" classname="com.neeraj.tinyurl.controller.IDGenerationControllerTest" time="0.02"/>
  <testcase name="perform_a_recursive_test_to_get_unique_id()[210]" classname="com.neeraj.tinyurl.controller.IDGenerationControllerTest" time="0.015"/>
  <testcase name="perform_a_recursive_test_to_get_unique_id()[211]" classname="com.neeraj.tinyurl.controller.IDGenerationControllerTest" time="0.05"/>
  <testcase name="perform_a_recursive_test_to_get_unique_id()[212]" classname="com.neeraj.tinyurl.controller.IDGenerationControllerTest" time="0.004"/>
  <testcase name="perform_a_recursive_test_to_get_unique_id()[213]" classname="com.neeraj.tinyurl.controller.IDGenerationControllerTest" time="0.018"/>
  <testcase name="perform_a_recursive_test_to_get_unique_id()[214]" classname="com.neeraj.tinyurl.controller.IDGenerationControllerTest" time="0.01"/>
  <testcase name="perform_a_recursive_test_to_get_unique_id()[215]" classname="com.neeraj.tinyurl.controller.IDGenerationControllerTest" time="0.011"/>
  <testcase name="perform_a_recursive_test_to_get_unique_id()[216]" classname="com.neeraj.tinyurl.controller.IDGenerationControllerTest" time="0.007"/>
  <testcase name="perform_a_recursive_test_to_get_unique_id()[217]" classname="com.neeraj.tinyurl.controller.IDGenerationControllerTest" time="0.007"/>
  <testcase name="perform_a_recursive_test_to_get_unique_id()[218]" classname="com.neeraj.tinyurl.controller.IDGenerationControllerTest" time="0.008"/>
  <testcase name="perform_a_recursive_test_to_get_unique_id()[219]" classname="com.neeraj.tinyurl.controller.IDGenerationControllerTest" time="0.013"/>
  <testcase name="perform_a_recursive_test_to_get_unique_id()[220]" classname="com.neeraj.tinyurl.controller.IDGenerationControllerTest" time="0.007"/>
  <testcase name="perform_a_recursive_test_to_get_unique_id()[221]" classname="com.neeraj.tinyurl.controller.IDGenerationControllerTest" time="0.006"/>
  <testcase name="perform_a_recursive_test_to_get_unique_id()[222]" classname="com.neeraj.tinyurl.controller.IDGenerationControllerTest" time="0.007"/>
  <testcase name="perform_a_recursive_test_to_get_unique_id()[223]" classname="com.neeraj.tinyurl.controller.IDGenerationControllerTest" time="0.009"/>
  <testcase name="perform_a_recursive_test_to_get_unique_id()[224]" classname="com.neeraj.tinyurl.controller.IDGenerationControllerTest" time="0.005"/>
  <testcase name="perform_a_recursive_test_to_get_unique_id()[225]" classname="com.neeraj.tinyurl.controller.IDGenerationControllerTest" time="0.006"/>
  <testcase name="perform_a_recursive_test_to_get_unique_id()[226]" classname="com.neeraj.tinyurl.controller.IDGenerationControllerTest" time="0.005"/>
  <testcase name="perform_a_recursive_test_to_get_unique_id()[227]" classname="com.neeraj.tinyurl.controller.IDGenerationControllerTest" time="0.049"/>
  <testcase name="perform_a_recursive_test_to_get_unique_id()[228]" classname="com.neeraj.tinyurl.controller.IDGenerationControllerTest" time="0.012"/>
  <testcase name="perform_a_recursive_test_to_get_unique_id()[229]" classname="com.neeraj.tinyurl.controller.IDGenerationControllerTest" time="0.009"/>
  <testcase name="perform_a_recursive_test_to_get_unique_id()[230]" classname="com.neeraj.tinyurl.controller.IDGenerationControllerTest" time="0.005"/>
  <testcase name="perform_a_recursive_test_to_get_unique_id()[231]" classname="com.neeraj.tinyurl.controller.IDGenerationControllerTest" time="0.004"/>
  <testcase name="perform_a_recursive_test_to_get_unique_id()[232]" classname="com.neeraj.tinyurl.controller.IDGenerationControllerTest" time="0.009"/>
  <testcase name="perform_a_recursive_test_to_get_unique_id()[233]" classname="com.neeraj.tinyurl.controller.IDGenerationControllerTest" time="0.007"/>
  <testcase name="perform_a_recursive_test_to_get_unique_id()[234]" classname="com.neeraj.tinyurl.controller.IDGenerationControllerTest" time="0.011"/>
  <testcase name="perform_a_recursive_test_to_get_unique_id()[235]" classname="com.neeraj.tinyurl.controller.IDGenerationControllerTest" time="0.005"/>
  <testcase name="perform_a_recursive_test_to_get_unique_id()[236]" classname="com.neeraj.tinyurl.controller.IDGenerationControllerTest" time="0.008"/>
  <testcase name="perform_a_recursive_test_to_get_unique_id()[237]" classname="com.neeraj.tinyurl.controller.IDGenerationControllerTest" time="0.007"/>
  <testcase name="perform_a_recursive_test_to_get_unique_id()[238]" classname="com.neeraj.tinyurl.controller.IDGenerationControllerTest" time="0.024"/>
  <testcase name="perform_a_recursive_test_to_get_unique_id()[239]" classname="com.neeraj.tinyurl.controller.IDGenerationControllerTest" time="0.051"/>
  <testcase name="perform_a_recursive_test_to_get_unique_id()[240]" classname="com.neeraj.tinyurl.controller.IDGenerationControllerTest" time="0.009"/>
  <testcase name="perform_a_recursive_test_to_get_unique_id()[241]" classname="com.neeraj.tinyurl.controller.IDGenerationControllerTest" time="0.004"/>
  <testcase name="perform_a_recursive_test_to_get_unique_id()[242]" classname="com.neeraj.tinyurl.controller.IDGenerationControllerTest" time="0.004"/>
  <testcase name="perform_a_recursive_test_to_get_unique_id()[243]" classname="com.neeraj.tinyurl.controller.IDGenerationControllerTest" time="0.009"/>
  <testcase name="perform_a_recursive_test_to_get_unique_id()[244]" classname="com.neeraj.tinyurl.controller.IDGenerationControllerTest" time="0.005"/>
  <testcase name="perform_a_recursive_test_to_get_unique_id()[245]" classname="com.neeraj.tinyurl.controller.IDGenerationControllerTest" time="0.008"/>
  <testcase name="perform_a_recursive_test_to_get_unique_id()[246]" classname="com.neeraj.tinyurl.controller.IDGenerationControllerTest" time="0.004"/>
  <testcase name="perform_a_recursive_test_to_get_unique_id()[247]" classname="com.neeraj.tinyurl.controller.IDGenerationControllerTest" time="0.008"/>
  <testcase name="perform_a_recursive_test_to_get_unique_id()[248]" classname="com.neeraj.tinyurl.controller.IDGenerationControllerTest" time="0.004"/>
  <testcase name="perform_a_recursive_test_to_get_unique_id()[249]" classname="com.neeraj.tinyurl.controller.IDGenerationControllerTest" time="0.004"/>
  <testcase name="perform_a_recursive_test_to_get_unique_id()[250]" classname="com.neeraj.tinyurl.controller.IDGenerationControllerTest" time="0.005"/>
  <testcase name="perform_a_recursive_test_to_get_unique_id()[251]" classname="com.neeraj.tinyurl.controller.IDGenerationControllerTest" time="0.006"/>
  <testcase name="perform_a_recursive_test_to_get_unique_id()[252]" classname="com.neeraj.tinyurl.controller.IDGenerationControllerTest" time="0.005"/>
  <testcase name="perform_a_recursive_test_to_get_unique_id()[253]" classname="com.neeraj.tinyurl.controller.IDGenerationControllerTest" time="0.011"/>
  <testcase name="perform_a_recursive_test_to_get_unique_id()[254]" classname="com.neeraj.tinyurl.controller.IDGenerationControllerTest" time="0.006"/>
  <testcase name="perform_a_recursive_test_to_get_unique_id()[255]" classname="com.neeraj.tinyurl.controller.IDGenerationControllerTest" time="0.008"/>
  <testcase name="perform_a_recursive_test_to_get_unique_id()[256]" classname="com.neeraj.tinyurl.controller.IDGenerationControllerTest" time="0.013"/>
  <testcase name="perform_a_recursive_test_to_get_unique_id()[257]" classname="com.neeraj.tinyurl.controller.IDGenerationControllerTest" time="0.006"/>
  <testcase name="perform_a_recursive_test_to_get_unique_id()[258]" classname="com.neeraj.tinyurl.controller.IDGenerationControllerTest" time="0.01"/>
  <testcase name="perform_a_recursive_test_to_get_unique_id()[259]" classname="com.neeraj.tinyurl.controller.IDGenerationControllerTest" time="0.005"/>
  <testcase name="perform_a_recursive_test_to_get_unique_id()[260]" classname="com.neeraj.tinyurl.controller.IDGenerationControllerTest" time="0.004"/>
  <testcase name="perform_a_recursive_test_to_get_unique_id()[261]" classname="com.neeraj.tinyurl.controller.IDGenerationControllerTest" time="0.005"/>
  <testcase name="perform_a_recursive_test_to_get_unique_id()[262]" classname="com.neeraj.tinyurl.controller.IDGenerationControllerTest" time="0.006"/>
  <testcase name="perform_a_recursive_test_to_get_unique_id()[263]" classname="com.neeraj.tinyurl.controller.IDGenerationControllerTest" time="0.004"/>
  <testcase name="perform_a_recursive_test_to_get_unique_id()[264]" classname="com.neeraj.tinyurl.controller.IDGenerationControllerTest" time="0.005"/>
  <testcase name="perform_a_recursive_test_to_get_unique_id()[265]" classname="com.neeraj.tinyurl.controller.IDGenerationControllerTest" time="0.005"/>
  <testcase name="perform_a_recursive_test_to_get_unique_id()[266]" classname="com.neeraj.tinyurl.controller.IDGenerationControllerTest" time="0.005"/>
  <testcase name="perform_a_recursive_test_to_get_unique_id()[267]" classname="com.neeraj.tinyurl.controller.IDGenerationControllerTest" time="0.004"/>
  <testcase name="perform_a_recursive_test_to_get_unique_id()[268]" classname="com.neeraj.tinyurl.controller.IDGenerationControllerTest" time="0.005"/>
  <testcase name="perform_a_recursive_test_to_get_unique_id()[269]" classname="com.neeraj.tinyurl.controller.IDGenerationControllerTest" time="0.004"/>
  <testcase name="perform_a_recursive_test_to_get_unique_id()[270]" classname="com.neeraj.tinyurl.controller.IDGenerationControllerTest" time="0.004"/>
  <testcase name="perform_a_recursive_test_to_get_unique_id()[271]" classname="com.neeraj.tinyurl.controller.IDGenerationControllerTest" time="0.006"/>
  <testcase name="perform_a_recursive_test_to_get_unique_id()[272]" classname="com.neeraj.tinyurl.controller.IDGenerationControllerTest" time="0.008"/>
  <testcase name="perform_a_recursive_test_to_get_unique_id()[273]" classname="com.neeraj.tinyurl.controller.IDGenerationControllerTest" time="0.005"/>
  <testcase name="perform_a_recursive_test_to_get_unique_id()[274]" classname="com.neeraj.tinyurl.controller.IDGenerationControllerTest" time="0.006"/>
  <testcase name="perform_a_recursive_test_to_get_unique_id()[275]" classname="com.neeraj.tinyurl.controller.IDGenerationControllerTest" time="0.005"/>
  <testcase name="perform_a_recursive_test_to_get_unique_id()[276]" classname="com.neeraj.tinyurl.controller.IDGenerationControllerTest" time="0.005"/>
  <testcase name="perform_a_recursive_test_to_get_unique_id()[277]" classname="com.neeraj.tinyurl.controller.IDGenerationControllerTest" time="0.005"/>
  <testcase name="perform_a_recursive_test_to_get_unique_id()[278]" classname="com.neeraj.tinyurl.controller.IDGenerationControllerTest" time="0.007"/>
  <testcase name="perform_a_recursive_test_to_get_unique_id()[279]" classname="com.neeraj.tinyurl.controller.IDGenerationControllerTest" time="0.005"/>
  <testcase name="perform_a_recursive_test_to_get_unique_id()[280]" classname="com.neeraj.tinyurl.controller.IDGenerationControllerTest" time="0.006"/>
  <testcase name="perform_a_recursive_test_to_get_unique_id()[281]" classname="com.neeraj.tinyurl.controller.IDGenerationControllerTest" time="0.005"/>
  <testcase name="perform_a_recursive_test_to_get_unique_id()[282]" classname="com.neeraj.tinyurl.controller.IDGenerationControllerTest" time="0.007"/>
  <testcase name="perform_a_recursive_test_to_get_unique_id()[283]" classname="com.neeraj.tinyurl.controller.IDGenerationControllerTest" time="0.006"/>
  <testcase name="perform_a_recursive_test_to_get_unique_id()[284]" classname="com.neeraj.tinyurl.controller.IDGenerationControllerTest" time="0.005"/>
  <testcase name="perform_a_recursive_test_to_get_unique_id()[285]" classname="com.neeraj.tinyurl.controller.IDGenerationControllerTest" time="0.004"/>
  <testcase name="perform_a_recursive_test_to_get_unique_id()[286]" classname="com.neeraj.tinyurl.controller.IDGenerationControllerTest" time="0.014"/>
  <testcase name="perform_a_recursive_test_to_get_unique_id()[287]" classname="com.neeraj.tinyurl.controller.IDGenerationControllerTest" time="0.006"/>
  <testcase name="perform_a_recursive_test_to_get_unique_id()[288]" classname="com.neeraj.tinyurl.controller.IDGenerationControllerTest" time="0.005"/>
  <testcase name="perform_a_recursive_test_to_get_unique_id()[289]" classname="com.neeraj.tinyurl.controller.IDGenerationControllerTest" time="0.005"/>
  <testcase name="perform_a_recursive_test_to_get_unique_id()[290]" classname="com.neeraj.tinyurl.controller.IDGenerationControllerTest" time="0.006"/>
  <testcase name="perform_a_recursive_test_to_get_unique_id()[291]" classname="com.neeraj.tinyurl.controller.IDGenerationControllerTest" time="0.005"/>
  <testcase name="perform_a_recursive_test_to_get_unique_id()[292]" classname="com.neeraj.tinyurl.controller.IDGenerationControllerTest" time="0.015"/>
  <testcase name="perform_a_recursive_test_to_get_unique_id()[293]" classname="com.neeraj.tinyurl.controller.IDGenerationControllerTest" time="0.005"/>
  <testcase name="perform_a_recursive_test_to_get_unique_id()[294]" classname="com.neeraj.tinyurl.controller.IDGenerationControllerTest" time="0.008"/>
  <testcase name="perform_a_recursive_test_to_get_unique_id()[295]" classname="com.neeraj.tinyurl.controller.IDGenerationControllerTest" time="0.004"/>
  <testcase name="perform_a_recursive_test_to_get_unique_id()[296]" classname="com.neeraj.tinyurl.controller.IDGenerationControllerTest" time="0.005"/>
  <testcase name="perform_a_recursive_test_to_get_unique_id()[297]" classname="com.neeraj.tinyurl.controller.IDGenerationControllerTest" time="0.005"/>
  <testcase name="perform_a_recursive_test_to_get_unique_id()[298]" classname="com.neeraj.tinyurl.controller.IDGenerationControllerTest" time="0.01"/>
  <testcase name="perform_a_recursive_test_to_get_unique_id()[299]" classname="com.neeraj.tinyurl.controller.IDGenerationControllerTest" time="0.006"/>
  <testcase name="perform_a_recursive_test_to_get_unique_id()[300]" classname="com.neeraj.tinyurl.controller.IDGenerationControllerTest" time="0.081"/>
  <testcase name="perform_a_recursive_test_to_get_unique_id()[301]" classname="com.neeraj.tinyurl.controller.IDGenerationControllerTest" time="0.005"/>
  <testcase name="perform_a_recursive_test_to_get_unique_id()[302]" classname="com.neeraj.tinyurl.controller.IDGenerationControllerTest" time="0.006"/>
  <testcase name="perform_a_recursive_test_to_get_unique_id()[303]" classname="com.neeraj.tinyurl.controller.IDGenerationControllerTest" time="0.006"/>
  <testcase name="perform_a_recursive_test_to_get_unique_id()[304]" classname="com.neeraj.tinyurl.controller.IDGenerationControllerTest" time="0.005"/>
  <testcase name="perform_a_recursive_test_to_get_unique_id()[305]" classname="com.neeraj.tinyurl.controller.IDGenerationControllerTest" time="0.005"/>
  <testcase name="perform_a_recursive_test_to_get_unique_id()[306]" classname="com.neeraj.tinyurl.controller.IDGenerationControllerTest" time="0.007"/>
  <testcase name="perform_a_recursive_test_to_get_unique_id()[307]" classname="com.neeraj.tinyurl.controller.IDGenerationControllerTest" time="0.004"/>
  <testcase name="perform_a_recursive_test_to_get_unique_id()[308]" classname="com.neeraj.tinyurl.controller.IDGenerationControllerTest" time="0.007"/>
  <testcase name="perform_a_recursive_test_to_get_unique_id()[309]" classname="com.neeraj.tinyurl.controller.IDGenerationControllerTest" time="0.005"/>
  <testcase name="perform_a_recursive_test_to_get_unique_id()[310]" classname="com.neeraj.tinyurl.controller.IDGenerationControllerTest" time="0.007"/>
  <testcase name="perform_a_recursive_test_to_get_unique_id()[311]" classname="com.neeraj.tinyurl.controller.IDGenerationControllerTest" time="0.005"/>
  <testcase name="perform_a_recursive_test_to_get_unique_id()[312]" classname="com.neeraj.tinyurl.controller.IDGenerationControllerTest" time="0.005"/>
  <testcase name="perform_a_recursive_test_to_get_unique_id()[313]" classname="com.neeraj.tinyurl.controller.IDGenerationControllerTest" time="0.006"/>
  <testcase name="perform_a_recursive_test_to_get_unique_id()[314]" classname="com.neeraj.tinyurl.controller.IDGenerationControllerTest" time="0.005"/>
  <testcase name="perform_a_recursive_test_to_get_unique_id()[315]" classname="com.neeraj.tinyurl.controller.IDGenerationControllerTest" time="0.009"/>
  <testcase name="perform_a_recursive_test_to_get_unique_id()[316]" classname="com.neeraj.tinyurl.controller.IDGenerationControllerTest" time="0.006"/>
  <testcase name="perform_a_recursive_test_to_get_unique_id()[317]" classname="com.neeraj.tinyurl.controller.IDGenerationControllerTest" time="0.006"/>
  <testcase name="perform_a_recursive_test_to_get_unique_id()[318]" classname="com.neeraj.tinyurl.controller.IDGenerationControllerTest" time="0.005"/>
  <testcase name="perform_a_recursive_test_to_get_unique_id()[319]" classname="com.neeraj.tinyurl.controller.IDGenerationControllerTest" time="0.004"/>
  <testcase name="perform_a_recursive_test_to_get_unique_id()[320]" classname="com.neeraj.tinyurl.controller.IDGenerationControllerTest" time="0.004"/>
  <testcase name="perform_a_recursive_test_to_get_unique_id()[321]" classname="com.neeraj.tinyurl.controller.IDGenerationControllerTest" time="0.004"/>
  <testcase name="perform_a_recursive_test_to_get_unique_id()[322]" classname="com.neeraj.tinyurl.controller.IDGenerationControllerTest" time="0.006"/>
  <testcase name="perform_a_recursive_test_to_get_unique_id()[323]" classname="com.neeraj.tinyurl.controller.IDGenerationControllerTest" time="0.005"/>
  <testcase name="perform_a_recursive_test_to_get_unique_id()[324]" classname="com.neeraj.tinyurl.controller.IDGenerationControllerTest" time="0.005"/>
  <testcase name="perform_a_recursive_test_to_get_unique_id()[325]" classname="com.neeraj.tinyurl.controller.IDGenerationControllerTest" time="0.005"/>
  <testcase name="perform_a_recursive_test_to_get_unique_id()[326]" classname="com.neeraj.tinyurl.controller.IDGenerationControllerTest" time="0.005"/>
  <testcase name="perform_a_recursive_test_to_get_unique_id()[327]" classname="com.neeraj.tinyurl.controller.IDGenerationControllerTest" time="0.004"/>
  <testcase name="perform_a_recursive_test_to_get_unique_id()[328]" classname="com.neeraj.tinyurl.controller.IDGenerationControllerTest" time="0.005"/>
  <testcase name="perform_a_recursive_test_to_get_unique_id()[329]" classname="com.neeraj.tinyurl.controller.IDGenerationControllerTest" time="0.004"/>
  <testcase name="perform_a_recursive_test_to_get_unique_id()[330]" classname="com.neeraj.tinyurl.controller.IDGenerationControllerTest" time="0.003"/>
  <testcase name="perform_a_recursive_test_to_get_unique_id()[331]" classname="com.neeraj.tinyurl.controller.IDGenerationControllerTest" time="0.003"/>
  <testcase name="perform_a_recursive_test_to_get_unique_id()[332]" classname="com.neeraj.tinyurl.controller.IDGenerationControllerTest" time="0.005"/>
  <testcase name="perform_a_recursive_test_to_get_unique_id()[333]" classname="com.neeraj.tinyurl.controller.IDGenerationControllerTest" time="0.004"/>
  <testcase name="perform_a_recursive_test_to_get_unique_id()[334]" classname="com.neeraj.tinyurl.controller.IDGenerationControllerTest" time="0.005"/>
  <testcase name="perform_a_recursive_test_to_get_unique_id()[335]" classname="com.neeraj.tinyurl.controller.IDGenerationControllerTest" time="0.004"/>
  <testcase name="perform_a_recursive_test_to_get_unique_id()[336]" classname="com.neeraj.tinyurl.controller.IDGenerationControllerTest" time="0.005"/>
  <testcase name="perform_a_recursive_test_to_get_unique_id()[337]" classname="com.neeraj.tinyurl.controller.IDGenerationControllerTest" time="0.004"/>
  <testcase name="perform_a_recursive_test_to_get_unique_id()[338]" classname="com.neeraj.tinyurl.controller.IDGenerationControllerTest" time="0.004"/>
  <testcase name="perform_a_recursive_test_to_get_unique_id()[339]" classname="com.neeraj.tinyurl.controller.IDGenerationControllerTest" time="0.003"/>
  <testcase name="perform_a_recursive_test_to_get_unique_id()[340]" classname="com.neeraj.tinyurl.controller.IDGenerationControllerTest" time="0.004"/>
  <testcase name="perform_a_recursive_test_to_get_unique_id()[341]" classname="com.neeraj.tinyurl.controller.IDGenerationControllerTest" time="0.005"/>
  <testcase name="perform_a_recursive_test_to_get_unique_id()[342]" classname="com.neeraj.tinyurl.controller.IDGenerationControllerTest" time="0.004"/>
  <testcase name="perform_a_recursive_test_to_get_unique_id()[343]" classname="com.neeraj.tinyurl.controller.IDGenerationControllerTest" time="0.005"/>
  <testcase name="perform_a_recursive_test_to_get_unique_id()[344]" classname="com.neeraj.tinyurl.controller.IDGenerationControllerTest" time="0.009"/>
  <testcase name="perform_a_recursive_test_to_get_unique_id()[345]" classname="com.neeraj.tinyurl.controller.IDGenerationControllerTest" time="0.007"/>
  <testcase name="perform_a_recursive_test_to_get_unique_id()[346]" classname="com.neeraj.tinyurl.controller.IDGenerationControllerTest" time="0.006"/>
  <testcase name="perform_a_recursive_test_to_get_unique_id()[347]" classname="com.neeraj.tinyurl.controller.IDGenerationControllerTest" time="0.004"/>
  <testcase name="perform_a_recursive_test_to_get_unique_id()[348]" classname="com.neeraj.tinyurl.controller.IDGenerationControllerTest" time="0.01"/>
  <testcase name="perform_a_recursive_test_to_get_unique_id()[349]" classname="com.neeraj.tinyurl.controller.IDGenerationControllerTest" time="0.005"/>
  <testcase name="perform_a_recursive_test_to_get_unique_id()[350]" classname="com.neeraj.tinyurl.controller.IDGenerationControllerTest" time="0.005"/>
  <testcase name="perform_a_recursive_test_to_get_unique_id()[351]" classname="com.neeraj.tinyurl.controller.IDGenerationControllerTest" time="0.005"/>
  <testcase name="perform_a_recursive_test_to_get_unique_id()[352]" classname="com.neeraj.tinyurl.controller.IDGenerationControllerTest" time="0.007"/>
  <testcase name="perform_a_recursive_test_to_get_unique_id()[353]" classname="com.neeraj.tinyurl.controller.IDGenerationControllerTest" time="0.007"/>
  <testcase name="perform_a_recursive_test_to_get_unique_id()[354]" classname="com.neeraj.tinyurl.controller.IDGenerationControllerTest" time="0.003"/>
  <testcase name="perform_a_recursive_test_to_get_unique_id()[355]" classname="com.neeraj.tinyurl.controller.IDGenerationControllerTest" time="0.01"/>
  <testcase name="perform_a_recursive_test_to_get_unique_id()[356]" classname="com.neeraj.tinyurl.controller.IDGenerationControllerTest" time="0.004"/>
  <testcase name="perform_a_recursive_test_to_get_unique_id()[357]" classname="com.neeraj.tinyurl.controller.IDGenerationControllerTest" time="0.004"/>
  <testcase name="perform_a_recursive_test_to_get_unique_id()[358]" classname="com.neeraj.tinyurl.controller.IDGenerationControllerTest" time="0.008"/>
  <testcase name="perform_a_recursive_test_to_get_unique_id()[359]" classname="com.neeraj.tinyurl.controller.IDGenerationControllerTest" time="0.016"/>
  <testcase name="perform_a_recursive_test_to_get_unique_id()[360]" classname="com.neeraj.tinyurl.controller.IDGenerationControllerTest" time="0.012"/>
  <testcase name="perform_a_recursive_test_to_get_unique_id()[361]" classname="com.neeraj.tinyurl.controller.IDGenerationControllerTest" time="0.005"/>
  <testcase name="perform_a_recursive_test_to_get_unique_id()[362]" classname="com.neeraj.tinyurl.controller.IDGenerationControllerTest" time="0.005"/>
  <testcase name="perform_a_recursive_test_to_get_unique_id()[363]" classname="com.neeraj.tinyurl.controller.IDGenerationControllerTest" time="0.004"/>
  <testcase name="perform_a_recursive_test_to_get_unique_id()[364]" classname="com.neeraj.tinyurl.controller.IDGenerationControllerTest" time="0.005"/>
  <testcase name="perform_a_recursive_test_to_get_unique_id()[365]" classname="com.neeraj.tinyurl.controller.IDGenerationControllerTest" time="0.006"/>
  <testcase name="perform_a_recursive_test_to_get_unique_id()[366]" classname="com.neeraj.tinyurl.controller.IDGenerationControllerTest" time="0.005"/>
  <testcase name="perform_a_recursive_test_to_get_unique_id()[367]" classname="com.neeraj.tinyurl.controller.IDGenerationControllerTest" time="0.009"/>
  <testcase name="perform_a_recursive_test_to_get_unique_id()[368]" classname="com.neeraj.tinyurl.controller.IDGenerationControllerTest" time="0.005"/>
  <testcase name="perform_a_recursive_test_to_get_unique_id()[369]" classname="com.neeraj.tinyurl.controller.IDGenerationControllerTest" time="0.004"/>
  <testcase name="perform_a_recursive_test_to_get_unique_id()[370]" classname="com.neeraj.tinyurl.controller.IDGenerationControllerTest" time="0.004"/>
  <testcase name="perform_a_recursive_test_to_get_unique_id()[371]" classname="com.neeraj.tinyurl.controller.IDGenerationControllerTest" time="0.008"/>
  <testcase name="perform_a_recursive_test_to_get_unique_id()[372]" classname="com.neeraj.tinyurl.controller.IDGenerationControllerTest" time="0.004"/>
  <testcase name="perform_a_recursive_test_to_get_unique_id()[373]" classname="com.neeraj.tinyurl.controller.IDGenerationControllerTest" time="0.058"/>
  <testcase name="perform_a_recursive_test_to_get_unique_id()[374]" classname="com.neeraj.tinyurl.controller.IDGenerationControllerTest" time="0.005"/>
  <testcase name="perform_a_recursive_test_to_get_unique_id()[375]" classname="com.neeraj.tinyurl.controller.IDGenerationControllerTest" time="0.005"/>
  <testcase name="perform_a_recursive_test_to_get_unique_id()[376]" classname="com.neeraj.tinyurl.controller.IDGenerationControllerTest" time="0.004"/>
  <testcase name="perform_a_recursive_test_to_get_unique_id()[377]" classname="com.neeraj.tinyurl.controller.IDGenerationControllerTest" time="0.014"/>
  <testcase name="perform_a_recursive_test_to_get_unique_id()[378]" classname="com.neeraj.tinyurl.controller.IDGenerationControllerTest" time="0.009"/>
  <testcase name="perform_a_recursive_test_to_get_unique_id()[379]" classname="com.neeraj.tinyurl.controller.IDGenerationControllerTest" time="0.069"/>
  <testcase name="perform_a_recursive_test_to_get_unique_id()[380]" classname="com.neeraj.tinyurl.controller.IDGenerationControllerTest" time="0.006"/>
  <testcase name="perform_a_recursive_test_to_get_unique_id()[381]" classname="com.neeraj.tinyurl.controller.IDGenerationControllerTest" time="0.008"/>
  <testcase name="perform_a_recursive_test_to_get_unique_id()[382]" classname="com.neeraj.tinyurl.controller.IDGenerationControllerTest" time="0.013"/>
  <testcase name="perform_a_recursive_test_to_get_unique_id()[383]" classname="com.neeraj.tinyurl.controller.IDGenerationControllerTest" time="0.005"/>
  <testcase name="perform_a_recursive_test_to_get_unique_id()[384]" classname="com.neeraj.tinyurl.controller.IDGenerationControllerTest" time="0.005"/>
  <testcase name="perform_a_recursive_test_to_get_unique_id()[385]" classname="com.neeraj.tinyurl.controller.IDGenerationControllerTest" time="0.026"/>
  <testcase name="perform_a_recursive_test_to_get_unique_id()[386]" classname="com.neeraj.tinyurl.controller.IDGenerationControllerTest" time="0.006"/>
  <testcase name="perform_a_recursive_test_to_get_unique_id()[387]" classname="com.neeraj.tinyurl.controller.IDGenerationControllerTest" time="0.007"/>
  <testcase name="perform_a_recursive_test_to_get_unique_id()[388]" classname="com.neeraj.tinyurl.controller.IDGenerationControllerTest" time="0.005"/>
  <testcase name="perform_a_recursive_test_to_get_unique_id()[389]" classname="com.neeraj.tinyurl.controller.IDGenerationControllerTest" time="0.004"/>
  <testcase name="perform_a_recursive_test_to_get_unique_id()[390]" classname="com.neeraj.tinyurl.controller.IDGenerationControllerTest" time="0.005"/>
  <testcase name="perform_a_recursive_test_to_get_unique_id()[391]" classname="com.neeraj.tinyurl.controller.IDGenerationControllerTest" time="0.004"/>
  <testcase name="perform_a_recursive_test_to_get_unique_id()[392]" classname="com.neeraj.tinyurl.controller.IDGenerationControllerTest" time="0.005"/>
  <testcase name="perform_a_recursive_test_to_get_unique_id()[393]" classname="com.neeraj.tinyurl.controller.IDGenerationControllerTest" time="0.004"/>
  <testcase name="perform_a_recursive_test_to_get_unique_id()[394]" classname="com.neeraj.tinyurl.controller.IDGenerationControllerTest" time="0.004"/>
  <testcase name="perform_a_recursive_test_to_get_unique_id()[395]" classname="com.neeraj.tinyurl.controller.IDGenerationControllerTest" time="0.004"/>
  <testcase name="perform_a_recursive_test_to_get_unique_id()[396]" classname="com.neeraj.tinyurl.controller.IDGenerationControllerTest" time="0.005"/>
  <testcase name="perform_a_recursive_test_to_get_unique_id()[397]" classname="com.neeraj.tinyurl.controller.IDGenerationControllerTest" time="0.003"/>
  <testcase name="perform_a_recursive_test_to_get_unique_id()[398]" classname="com.neeraj.tinyurl.controller.IDGenerationControllerTest" time="0.004"/>
  <testcase name="perform_a_recursive_test_to_get_unique_id()[399]" classname="com.neeraj.tinyurl.controller.IDGenerationControllerTest" time="0.004"/>
  <testcase name="perform_a_recursive_test_to_get_unique_id()[400]" classname="com.neeraj.tinyurl.controller.IDGenerationControllerTest" time="0.078"/>
  <testcase name="perform_a_recursive_test_to_get_unique_id()[401]" classname="com.neeraj.tinyurl.controller.IDGenerationControllerTest" time="0.008"/>
  <testcase name="perform_a_recursive_test_to_get_unique_id()[402]" classname="com.neeraj.tinyurl.controller.IDGenerationControllerTest" time="0.006"/>
  <testcase name="perform_a_recursive_test_to_get_unique_id()[403]" classname="com.neeraj.tinyurl.controller.IDGenerationControllerTest" time="0.01"/>
  <testcase name="perform_a_recursive_test_to_get_unique_id()[404]" classname="com.neeraj.tinyurl.controller.IDGenerationControllerTest" time="0.009"/>
  <testcase name="perform_a_recursive_test_to_get_unique_id()[405]" classname="com.neeraj.tinyurl.controller.IDGenerationControllerTest" time="0.014"/>
  <testcase name="perform_a_recursive_test_to_get_unique_id()[406]" classname="com.neeraj.tinyurl.controller.IDGenerationControllerTest" time="0.01"/>
  <testcase name="perform_a_recursive_test_to_get_unique_id()[407]" classname="com.neeraj.tinyurl.controller.IDGenerationControllerTest" time="0.011"/>
  <testcase name="perform_a_recursive_test_to_get_unique_id()[408]" classname="com.neeraj.tinyurl.controller.IDGenerationControllerTest" time="0.005"/>
  <testcase name="perform_a_recursive_test_to_get_unique_id()[409]" classname="com.neeraj.tinyurl.controller.IDGenerationControllerTest" time="0.003"/>
  <testcase name="perform_a_recursive_test_to_get_unique_id()[410]" classname="com.neeraj.tinyurl.controller.IDGenerationControllerTest" time="0.004"/>
  <testcase name="perform_a_recursive_test_to_get_unique_id()[411]" classname="com.neeraj.tinyurl.controller.IDGenerationControllerTest" time="0.004"/>
  <testcase name="perform_a_recursive_test_to_get_unique_id()[412]" classname="com.neeraj.tinyurl.controller.IDGenerationControllerTest" time="0.013"/>
  <testcase name="perform_a_recursive_test_to_get_unique_id()[413]" classname="com.neeraj.tinyurl.controller.IDGenerationControllerTest" time="0.009"/>
  <testcase name="perform_a_recursive_test_to_get_unique_id()[414]" classname="com.neeraj.tinyurl.controller.IDGenerationControllerTest" time="0.004"/>
  <testcase name="perform_a_recursive_test_to_get_unique_id()[415]" classname="com.neeraj.tinyurl.controller.IDGenerationControllerTest" time="0.003"/>
  <testcase name="perform_a_recursive_test_to_get_unique_id()[416]" classname="com.neeraj.tinyurl.controller.IDGenerationControllerTest" time="0.004"/>
  <testcase name="perform_a_recursive_test_to_get_unique_id()[417]" classname="com.neeraj.tinyurl.controller.IDGenerationControllerTest" time="0.003"/>
  <testcase name="perform_a_recursive_test_to_get_unique_id()[418]" classname="com.neeraj.tinyurl.controller.IDGenerationControllerTest" time="0.003"/>
  <testcase name="perform_a_recursive_test_to_get_unique_id()[419]" classname="com.neeraj.tinyurl.controller.IDGenerationControllerTest" time="0.01"/>
  <testcase name="perform_a_recursive_test_to_get_unique_id()[420]" classname="com.neeraj.tinyurl.controller.IDGenerationControllerTest" time="0.005"/>
  <testcase name="perform_a_recursive_test_to_get_unique_id()[421]" classname="com.neeraj.tinyurl.controller.IDGenerationControllerTest" time="0.004"/>
  <testcase name="perform_a_recursive_test_to_get_unique_id()[422]" classname="com.neeraj.tinyurl.controller.IDGenerationControllerTest" time="0.004"/>
  <testcase name="perform_a_recursive_test_to_get_unique_id()[423]" classname="com.neeraj.tinyurl.controller.IDGenerationControllerTest" time="0.005"/>
  <testcase name="perform_a_recursive_test_to_get_unique_id()[424]" classname="com.neeraj.tinyurl.controller.IDGenerationControllerTest" time="0.005"/>
  <testcase name="perform_a_recursive_test_to_get_unique_id()[425]" classname="com.neeraj.tinyurl.controller.IDGenerationControllerTest" time="0.004"/>
  <testcase name="perform_a_recursive_test_to_get_unique_id()[426]" classname="com.neeraj.tinyurl.controller.IDGenerationControllerTest" time="0.004"/>
  <testcase name="perform_a_recursive_test_to_get_unique_id()[427]" classname="com.neeraj.tinyurl.controller.IDGenerationControllerTest" time="0.018"/>
  <testcase name="perform_a_recursive_test_to_get_unique_id()[428]" classname="com.neeraj.tinyurl.controller.IDGenerationControllerTest" time="0.006"/>
  <testcase name="perform_a_recursive_test_to_get_unique_id()[429]" classname="com.neeraj.tinyurl.controller.IDGenerationControllerTest" time="0.006"/>
  <testcase name="perform_a_recursive_test_to_get_unique_id()[430]" classname="com.neeraj.tinyurl.controller.IDGenerationControllerTest" time="0.004"/>
  <testcase name="perform_a_recursive_test_to_get_unique_id()[431]" classname="com.neeraj.tinyurl.controller.IDGenerationControllerTest" time="0.005"/>
  <testcase name="perform_a_recursive_test_to_get_unique_id()[432]" classname="com.neeraj.tinyurl.controller.IDGenerationControllerTest" time="0.005"/>
  <testcase name="perform_a_recursive_test_to_get_unique_id()[433]" classname="com.neeraj.tinyurl.controller.IDGenerationControllerTest" time="0.003"/>
  <testcase name="perform_a_recursive_test_to_get_unique_id()[434]" classname="com.neeraj.tinyurl.controller.IDGenerationControllerTest" time="0.004"/>
  <testcase name="perform_a_recursive_test_to_get_unique_id()[435]" classname="com.neeraj.tinyurl.controller.IDGenerationControllerTest" time="0.004"/>
  <testcase name="perform_a_recursive_test_to_get_unique_id()[436]" classname="com.neeraj.tinyurl.controller.IDGenerationControllerTest" time="0.003"/>
  <testcase name="perform_a_recursive_test_to_get_unique_id()[437]" classname="com.neeraj.tinyurl.controller.IDGenerationControllerTest" time="0.004"/>
  <testcase name="perform_a_recursive_test_to_get_unique_id()[438]" classname="com.neeraj.tinyurl.controller.IDGenerationControllerTest" time="0.007"/>
  <testcase name="perform_a_recursive_test_to_get_unique_id()[439]" classname="com.neeraj.tinyurl.controller.IDGenerationControllerTest" time="0.006"/>
  <testcase name="perform_a_recursive_test_to_get_unique_id()[440]" classname="com.neeraj.tinyurl.controller.IDGenerationControllerTest" time="0.005"/>
  <testcase name="perform_a_recursive_test_to_get_unique_id()[441]" classname="com.neeraj.tinyurl.controller.IDGenerationControllerTest" time="0.004"/>
  <testcase name="perform_a_recursive_test_to_get_unique_id()[442]" classname="com.neeraj.tinyurl.controller.IDGenerationControllerTest" time="0.005"/>
  <testcase name="perform_a_recursive_test_to_get_unique_id()[443]" classname="com.neeraj.tinyurl.controller.IDGenerationControllerTest" time="0.004"/>
  <testcase name="perform_a_recursive_test_to_get_unique_id()[444]" classname="com.neeraj.tinyurl.controller.IDGenerationControllerTest" time="0.005"/>
  <testcase name="perform_a_recursive_test_to_get_unique_id()[445]" classname="com.neeraj.tinyurl.controller.IDGenerationControllerTest" time="0.004"/>
  <testcase name="perform_a_recursive_test_to_get_unique_id()[446]" classname="com.neeraj.tinyurl.controller.IDGenerationControllerTest" time="0.005"/>
  <testcase name="perform_a_recursive_test_to_get_unique_id()[447]" classname="com.neeraj.tinyurl.controller.IDGenerationControllerTest" time="0.004"/>
  <testcase name="perform_a_recursive_test_to_get_unique_id()[448]" classname="com.neeraj.tinyurl.controller.IDGenerationControllerTest" time="0.006"/>
  <testcase name="perform_a_recursive_test_to_get_unique_id()[449]" classname="com.neeraj.tinyurl.controller.IDGenerationControllerTest" time="0.009"/>
  <testcase name="perform_a_recursive_test_to_get_unique_id()[450]" classname="com.neeraj.tinyurl.controller.IDGenerationControllerTest" time="0.004"/>
  <testcase name="perform_a_recursive_test_to_get_unique_id()[451]" classname="com.neeraj.tinyurl.controller.IDGenerationControllerTest" time="0.003"/>
  <testcase name="perform_a_recursive_test_to_get_unique_id()[452]" classname="com.neeraj.tinyurl.controller.IDGenerationControllerTest" time="0.004"/>
  <testcase name="perform_a_recursive_test_to_get_unique_id()[453]" classname="com.neeraj.tinyurl.controller.IDGenerationControllerTest" time="0.003"/>
  <testcase name="perform_a_recursive_test_to_get_unique_id()[454]" classname="com.neeraj.tinyurl.controller.IDGenerationControllerTest" time="0.005"/>
  <testcase name="perform_a_recursive_test_to_get_unique_id()[455]" classname="com.neeraj.tinyurl.controller.IDGenerationControllerTest" time="0.004"/>
  <testcase name="perform_a_recursive_test_to_get_unique_id()[456]" classname="com.neeraj.tinyurl.controller.IDGenerationControllerTest" time="0.009"/>
  <testcase name="perform_a_recursive_test_to_get_unique_id()[457]" classname="com.neeraj.tinyurl.controller.IDGenerationControllerTest" time="0.005"/>
  <testcase name="perform_a_recursive_test_to_get_unique_id()[458]" classname="com.neeraj.tinyurl.controller.IDGenerationControllerTest" time="0.004"/>
  <testcase name="perform_a_recursive_test_to_get_unique_id()[459]" classname="com.neeraj.tinyurl.controller.IDGenerationControllerTest" time="0.004"/>
  <testcase name="perform_a_recursive_test_to_get_unique_id()[460]" classname="com.neeraj.tinyurl.controller.IDGenerationControllerTest" time="0.004"/>
  <testcase name="perform_a_recursive_test_to_get_unique_id()[461]" classname="com.neeraj.tinyurl.controller.IDGenerationControllerTest" time="0.003"/>
  <testcase name="perform_a_recursive_test_to_get_unique_id()[462]" classname="com.neeraj.tinyurl.controller.IDGenerationControllerTest" time="0.003"/>
  <testcase name="perform_a_recursive_test_to_get_unique_id()[463]" classname="com.neeraj.tinyurl.controller.IDGenerationControllerTest" time="0.003"/>
  <testcase name="perform_a_recursive_test_to_get_unique_id()[464]" classname="com.neeraj.tinyurl.controller.IDGenerationControllerTest" time="0.003"/>
  <testcase name="perform_a_recursive_test_to_get_unique_id()[465]" classname="com.neeraj.tinyurl.controller.IDGenerationControllerTest" time="0.003"/>
  <testcase name="perform_a_recursive_test_to_get_unique_id()[466]" classname="com.neeraj.tinyurl.controller.IDGenerationControllerTest" time="0.003"/>
  <testcase name="perform_a_recursive_test_to_get_unique_id()[467]" classname="com.neeraj.tinyurl.controller.IDGenerationControllerTest" time="0.003"/>
  <testcase name="perform_a_recursive_test_to_get_unique_id()[468]" classname="com.neeraj.tinyurl.controller.IDGenerationControllerTest" time="0.005"/>
  <testcase name="perform_a_recursive_test_to_get_unique_id()[469]" classname="com.neeraj.tinyurl.controller.IDGenerationControllerTest" time="0.004"/>
  <testcase name="perform_a_recursive_test_to_get_unique_id()[470]" classname="com.neeraj.tinyurl.controller.IDGenerationControllerTest" time="0.004"/>
  <testcase name="perform_a_recursive_test_to_get_unique_id()[471]" classname="com.neeraj.tinyurl.controller.IDGenerationControllerTest" time="0.003"/>
  <testcase name="perform_a_recursive_test_to_get_unique_id()[472]" classname="com.neeraj.tinyurl.controller.IDGenerationControllerTest" time="0.003"/>
  <testcase name="perform_a_recursive_test_to_get_unique_id()[473]" classname="com.neeraj.tinyurl.controller.IDGenerationControllerTest" time="0.003"/>
  <testcase name="perform_a_recursive_test_to_get_unique_id()[474]" classname="com.neeraj.tinyurl.controller.IDGenerationControllerTest" time="0.005"/>
  <testcase name="perform_a_recursive_test_to_get_unique_id()[475]" classname="com.neeraj.tinyurl.controller.IDGenerationControllerTest" time="0.004"/>
  <testcase name="perform_a_recursive_test_to_get_unique_id()[476]" classname="com.neeraj.tinyurl.controller.IDGenerationControllerTest" time="0.004"/>
  <testcase name="perform_a_recursive_test_to_get_unique_id()[477]" classname="com.neeraj.tinyurl.controller.IDGenerationControllerTest" time="0.003"/>
  <testcase name="perform_a_recursive_test_to_get_unique_id()[478]" classname="com.neeraj.tinyurl.controller.IDGenerationControllerTest" time="0.005"/>
  <testcase name="perform_a_recursive_test_to_get_unique_id()[479]" classname="com.neeraj.tinyurl.controller.IDGenerationControllerTest" time="0.004"/>
  <testcase name="perform_a_recursive_test_to_get_unique_id()[480]" classname="com.neeraj.tinyurl.controller.IDGenerationControllerTest" time="0.003"/>
  <testcase name="perform_a_recursive_test_to_get_unique_id()[481]" classname="com.neeraj.tinyurl.controller.IDGenerationControllerTest" time="0.003"/>
  <testcase name="perform_a_recursive_test_to_get_unique_id()[482]" classname="com.neeraj.tinyurl.controller.IDGenerationControllerTest" time="0.003"/>
  <testcase name="perform_a_recursive_test_to_get_unique_id()[483]" classname="com.neeraj.tinyurl.controller.IDGenerationControllerTest" time="0.003"/>
  <testcase name="perform_a_recursive_test_to_get_unique_id()[484]" classname="com.neeraj.tinyurl.controller.IDGenerationControllerTest" time="0.004"/>
  <testcase name="perform_a_recursive_test_to_get_unique_id()[485]" classname="com.neeraj.tinyurl.controller.IDGenerationControllerTest" time="0.005"/>
  <testcase name="perform_a_recursive_test_to_get_unique_id()[486]" classname="com.neeraj.tinyurl.controller.IDGenerationControllerTest" time="0.004"/>
  <testcase name="perform_a_recursive_test_to_get_unique_id()[487]" classname="com.neeraj.tinyurl.controller.IDGenerationControllerTest" time="0.005"/>
  <testcase name="perform_a_recursive_test_to_get_unique_id()[488]" classname="com.neeraj.tinyurl.controller.IDGenerationControllerTest" time="0.005"/>
  <testcase name="perform_a_recursive_test_to_get_unique_id()[489]" classname="com.neeraj.tinyurl.controller.IDGenerationControllerTest" time="0.006"/>
  <testcase name="perform_a_recursive_test_to_get_unique_id()[490]" classname="com.neeraj.tinyurl.controller.IDGenerationControllerTest" time="0.004"/>
  <testcase name="perform_a_recursive_test_to_get_unique_id()[491]" classname="com.neeraj.tinyurl.controller.IDGenerationControllerTest" time="0.004"/>
  <testcase name="perform_a_recursive_test_to_get_unique_id()[492]" classname="com.neeraj.tinyurl.controller.IDGenerationControllerTest" time="0.004"/>
  <testcase name="perform_a_recursive_test_to_get_unique_id()[493]" classname="com.neeraj.tinyurl.controller.IDGenerationControllerTest" time="0.003"/>
  <testcase name="perform_a_recursive_test_to_get_unique_id()[494]" classname="com.neeraj.tinyurl.controller.IDGenerationControllerTest" time="0.009"/>
  <testcase name="perform_a_recursive_test_to_get_unique_id()[495]" classname="com.neeraj.tinyurl.controller.IDGenerationControllerTest" time="0.005"/>
  <testcase name="perform_a_recursive_test_to_get_unique_id()[496]" classname="com.neeraj.tinyurl.controller.IDGenerationControllerTest" time="0.004"/>
  <testcase name="perform_a_recursive_test_to_get_unique_id()[497]" classname="com.neeraj.tinyurl.controller.IDGenerationControllerTest" time="0.008"/>
  <testcase name="perform_a_recursive_test_to_get_unique_id()[498]" classname="com.neeraj.tinyurl.controller.IDGenerationControllerTest" time="0.012"/>
  <testcase name="perform_a_recursive_test_to_get_unique_id()[499]" classname="com.neeraj.tinyurl.controller.IDGenerationControllerTest" time="0.009"/>
  <testcase name="perform_a_recursive_test_to_get_unique_id()[500]" classname="com.neeraj.tinyurl.controller.IDGenerationControllerTest" time="0.043"/>
  <testcase name="perform_a_recursive_test_to_get_unique_id()[501]" classname="com.neeraj.tinyurl.controller.IDGenerationControllerTest" time="0.017"/>
  <testcase name="perform_a_recursive_test_to_get_unique_id()[502]" classname="com.neeraj.tinyurl.controller.IDGenerationControllerTest" time="0.005"/>
  <testcase name="perform_a_recursive_test_to_get_unique_id()[503]" classname="com.neeraj.tinyurl.controller.IDGenerationControllerTest" time="0.011"/>
  <testcase name="perform_a_recursive_test_to_get_unique_id()[504]" classname="com.neeraj.tinyurl.controller.IDGenerationControllerTest" time="0.012"/>
  <testcase name="perform_a_recursive_test_to_get_unique_id()[505]" classname="com.neeraj.tinyurl.controller.IDGenerationControllerTest" time="0.021"/>
  <testcase name="perform_a_recursive_test_to_get_unique_id()[506]" classname="com.neeraj.tinyurl.controller.IDGenerationControllerTest" time="0.007"/>
  <testcase name="perform_a_recursive_test_to_get_unique_id()[507]" classname="com.neeraj.tinyurl.controller.IDGenerationControllerTest" time="0.008"/>
  <testcase name="perform_a_recursive_test_to_get_unique_id()[508]" classname="com.neeraj.tinyurl.controller.IDGenerationControllerTest" time="0.005"/>
  <testcase name="perform_a_recursive_test_to_get_unique_id()[509]" classname="com.neeraj.tinyurl.controller.IDGenerationControllerTest" time="0.005"/>
  <testcase name="perform_a_recursive_test_to_get_unique_id()[510]" classname="com.neeraj.tinyurl.controller.IDGenerationControllerTest" time="0.003"/>
  <testcase name="perform_a_recursive_test_to_get_unique_id()[511]" classname="com.neeraj.tinyurl.controller.IDGenerationControllerTest" time="0.01"/>
  <testcase name="perform_a_recursive_test_to_get_unique_id()[512]" classname="com.neeraj.tinyurl.controller.IDGenerationControllerTest" time="0.018"/>
  <testcase name="perform_a_recursive_test_to_get_unique_id()[513]" classname="com.neeraj.tinyurl.controller.IDGenerationControllerTest" time="0.004"/>
  <testcase name="perform_a_recursive_test_to_get_unique_id()[514]" classname="com.neeraj.tinyurl.controller.IDGenerationControllerTest" time="0.005"/>
  <testcase name="perform_a_recursive_test_to_get_unique_id()[515]" classname="com.neeraj.tinyurl.controller.IDGenerationControllerTest" time="0.004"/>
  <testcase name="perform_a_recursive_test_to_get_unique_id()[516]" classname="com.neeraj.tinyurl.controller.IDGenerationControllerTest" time="0.004"/>
  <testcase name="perform_a_recursive_test_to_get_unique_id()[517]" classname="com.neeraj.tinyurl.controller.IDGenerationControllerTest" time="0.004"/>
  <testcase name="perform_a_recursive_test_to_get_unique_id()[518]" classname="com.neeraj.tinyurl.controller.IDGenerationControllerTest" time="0.004"/>
  <testcase name="perform_a_recursive_test_to_get_unique_id()[519]" classname="com.neeraj.tinyurl.controller.IDGenerationControllerTest" time="0.004"/>
  <testcase name="perform_a_recursive_test_to_get_unique_id()[520]" classname="com.neeraj.tinyurl.controller.IDGenerationControllerTest" time="0.004"/>
  <testcase name="perform_a_recursive_test_to_get_unique_id()[521]" classname="com.neeraj.tinyurl.controller.IDGenerationControllerTest" time="0.003"/>
  <testcase name="perform_a_recursive_test_to_get_unique_id()[522]" classname="com.neeraj.tinyurl.controller.IDGenerationControllerTest" time="0.003"/>
  <testcase name="perform_a_recursive_test_to_get_unique_id()[523]" classname="com.neeraj.tinyurl.controller.IDGenerationControllerTest" time="0.003"/>
  <testcase name="perform_a_recursive_test_to_get_unique_id()[524]" classname="com.neeraj.tinyurl.controller.IDGenerationControllerTest" time="0.003"/>
[...]
Hibernate: select identity0_.id as id1_0_, identity0_.creation_date as creation2_0_, identity0_.created as created3_0_, identity0_.taken as taken4_0_, identity0_.unique_id as unique_i5_0_ from id_entity identity0_ where identity0_.taken is null limit ?
Hibernate: update id_entity set creation_date=?, created=?, taken=?, unique_id=? where id=?
Hibernate: select identity0_.id as id1_0_, identity0_.creation_date as creation2_0_, identity0_.created as created3_0_, identity0_.taken as taken4_0_, identity0_.unique_id as unique_i5_0_ from id_entity identity0_ where identity0_.taken is null limit ?
Hibernate: update id_entity set creation_date=?, created=?, taken=?, unique_id=? where id=?
Hibernate: select identity0_.id as id1_0_, identity0_.creation_date as creation2_0_, identity0_.created as created3_0_, identity0_.taken as taken4_0_, identity0_.unique_id as unique_i5_0_ from id_entity identity0_ where identity0_.taken is null limit ?
Hibernate: update id_entity set creation_date=?, created=?, taken=?, unique_id=? where id=?
Hibernate: select identity0_.id as id1_0_, identity0_.creation_date as creation2_0_, identity0_.created as created3_0_, identity0_.taken as taken4_0_, identity0_.unique_id as unique_i5_0_ from id_entity identity0_ where identity0_.taken is null limit ?
Hibernate: update id_entity set creation_date=?, created=?, taken=?, unique_id=? where id=?
Hibernate: select identity0_.id as id1_0_, identity0_.creation_date as creation2_0_, identity0_.created as created3_0_, identity0_.taken as taken4_0_, identity0_.unique_id as unique_i5_0_ from id_entity identity0_ where identity0_.taken is null limit ?
Hibernate: update id_entity set creation_date=?, created=?, taken=?, unique_id=? where id=?
Hibernate: select identity0_.id as id1_0_, identity0_.creation_date as creation2_0_, identity0_.created as created3_0_, identity0_.taken as taken4_0_, identity0_.unique_id as unique_i5_0_ from id_entity identity0_ where identity0_.taken is null limit ?
Hibernate: update id_entity set creation_date=?, created=?, taken=?, unique_id=? where id=?
Hibernate: select identity0_.id as id1_0_, identity0_.creation_date as creation2_0_, identity0_.created as created3_0_, identity0_.taken as taken4_0_, identity0_.unique_id as unique_i5_0_ from id_entity identity0_ where identity0_.taken is null limit ?
Hibernate: update id_entity set creation_date=?, created=?, taken=?, unique_id=? where id=?
Hibernate: select identity0_.id as id1_0_, identity0_.creation_date as creation2_0_, identity0_.created as created3_0_, identity0_.taken as taken4_0_, identity0_.unique_id as unique_i5_0_ from id_entity identity0_ where identity0_.taken is null limit ?
Hibernate: update id_entity set creation_date=?, created=?, taken=?, unique_id=? where id=?
Hibernate: select identity0_.id as id1_0_, identity0_.creation_date as creation2_0_, identity0_.created as created3_0_, identity0_.taken as taken4_0_, identity0_.unique_id as unique_i5_0_ from id_entity identity0_ where identity0_.taken is null limit ?
Hibernate: update id_entity set creation_date=?, created=?, taken=?, unique_id=? where id=?
Hibernate: select identity0_.id as id1_0_, identity0_.creation_date as creation2_0_, identity0_.created as created3_0_, identity0_.taken as taken4_0_, identity0_.unique_id as unique_i5_0_ from id_entity identity0_ where identity0_.taken is null limit ?
Hibernate: update id_entity set creation_date=?, created=?, taken=?, unique_id=? where id=?
Hibernate: select identity0_.id as id1_0_, identity0_.creation_date as creation2_0_, identity0_.created as created3_0_, identity0_.taken as taken4_0_, identity0_.unique_id as unique_i5_0_ from id_entity identity0_ where identity0_.taken is null limit ?
Hibernate: update id_entity set creation_date=?, created=?, taken=?, unique_id=? where id=?
Hibernate: select identity0_.id as id1_0_, identity0_.creation_date as creation2_0_, identity0_.created as created3_0_, identity0_.taken as taken4_0_, identity0_.unique_id as unique_i5_0_ from id_entity identity0_ where identity0_.taken is null limit ?
Hibernate: update id_entity set creation_date=?, created=?, taken=?, unique_id=? where id=?
Hibernate: select identity0_.id as id1_0_, identity0_.creation_date as creation2_0_, identity0_.created as created3_0_, identity0_.taken as taken4_0_, identity0_.unique_id as unique_i5_0_ from id_entity identity0_ where identity0_.taken is null limit ?
Hibernate: select count(*) as col_0_0_ from id_entity identity0_
Hibernate: call next value for hibernate_sequence
Hibernate: call next value for hibernate_sequence
Hibernate: call next value for hibernate_sequence
Hibernate: call next value for hibernate_sequence
Hibernate: call next value for hibernate_sequence
Hibernate: call next value for hibernate_sequence
Hibernate: call next value for hibernate_sequence
Hibernate: call next value for hibernate_sequence
Hibernate: call next value for hibernate_sequence
Hibernate: call next value for hibernate_sequence
Hibernate: call next value for hibernate_sequence
Hibernate: call next value for hibernate_sequence
Hibernate: call next value for hibernate_sequence
Hibernate: call next value for hibernate_sequence
Hibernate: call next value for hibernate_sequence
Hibernate: call next value for hibernate_sequence
Hibernate: call next value for hibernate_sequence
Hibernate: call next value for hibernate_sequence
Hibernate: call next value for hibernate_sequence
Hibernate: call next value for hibernate_sequence
Hibernate: call next value for hibernate_sequence
Hibernate: call next value for hibernate_sequence
Hibernate: call next value for hibernate_sequence
Hibernate: call next value for hibernate_sequence
Hibernate: call next value for hibernate_sequence
Hibernate: call next value for hibernate_sequence
Hibernate: call next value for hibernate_sequence
Hibernate: call next value for hibernate_sequence
Hibernate: call next value for hibernate_sequence
Hibernate: call next value for hibernate_sequence
Hibernate: call next value for hibernate_sequence
Hibernate: call next value for hibernate_sequence
Hibernate: call next value for hibernate_sequence
Hibernate: call next value for hibernate_sequence
Hibernate: call next value for hibernate_sequence
Hibernate: call next value for hibernate_sequence
Hibernate: call next value for hibernate_sequence
Hibernate: call next value for hibernate_sequence
Hibernate: call next value for hibernate_sequence
Hibernate: call next value for hibernate_sequence
Hibernate: call next value for hibernate_sequence
Hibernate: call next value for hibernate_sequence
Hibernate: call next value for hibernate_sequence
Hibernate: call next value for hibernate_sequence
Hibernate: call next value for hibernate_sequence
Hibernate: call next value for hibernate_sequence
Hibernate: call next value for hibernate_sequence
Hibernate: call next value for hibernate_sequence
Hibernate: call next value for hibernate_sequence
Hibernate: call next value for hibernate_sequence
Hibernate: call next value for hibernate_sequence
Hibernate: call next value for hibernate_sequence
Hibernate: call next value for hibernate_sequence
Hibernate: call next value for hibernate_sequence
Hibernate: call next value for hibernate_sequence
Hibernate: call next value for hibernate_sequence
Hibernate: call next value for hibernate_sequence
Hibernate: call next value for hibernate_sequence
Hibernate: call next value for hibernate_sequence
Hibernate: call next value for hibernate_sequence
Hibernate: call next value for hibernate_sequence
Hibernate: call next value for hibernate_sequence
Hibernate: call next value for hibernate_sequence
Hibernate: call next value for hibernate_sequence
Hibernate: call next value for hibernate_sequence
Hibernate: call next value for hibernate_sequence
Hibernate: call next value for hibernate_sequence
Hibernate: call next value for hibernate_sequence
Hibernate: call next value for hibernate_sequence
Hibernate: call next value for hibernate_sequence
Hibernate: call next value for hibernate_sequence
Hibernate: call next value for hibernate_sequence
Hibernate: call next value for hibernate_sequence
Hibernate: call next value for hibernate_sequence
Hibernate: call next value for hibernate_sequence
Hibernate: call next value for hibernate_sequence
Hibernate: call next value for hibernate_sequence
Hibernate: call next value for hibernate_sequence
Hibernate: call next value for hibernate_sequence
Hibernate: call next value for hibernate_sequence
Hibernate: call next value for hibernate_sequence
Hibernate: call next value for hibernate_sequence
Hibernate: call next value for hibernate_sequence
Hibernate: call next value for hibernate_sequence
Hibernate: call next value for hibernate_sequence
Hibernate: call next value for hibernate_sequence
Hibernate: call next value for hibernate_sequence
Hibernate: call next value for hibernate_sequence
Hibernate: call next value for hibernate_sequence
Hibernate: call next value for hibernate_sequence
Hibernate: call next value for hibernate_sequence
Hibernate: call next value for hibernate_sequence
Hibernate: call next value for hibernate_sequence
Hibernate: call next value for hibernate_sequence
Hibernate: call next value for hibernate_sequence
Hibernate: call next value for hibernate_sequence
Hibernate: call next value for hibernate_sequence
Hibernate: call next value for hibernate_sequence
Hibernate: call next value for hibernate_sequence
Hibernate: call next value for hibernate_sequence
Hibernate: insert into id_entity (creation_date, created, taken, unique_id, id) values (?, ?, ?, ?, ?)
Hibernate: insert into id_entity (creation_date, created, taken, unique_id, id) values (?, ?, ?, ?, ?)
Hibernate: insert into id_entity (creation_date, created, taken, unique_id, id) values (?, ?, ?, ?, ?)
Hibernate: insert into id_entity (creation_date, created, taken, unique_id, id) values (?, ?, ?, ?, ?)
Hibernate: insert into id_entity (creation_date, created, taken, unique_id, id) values (?, ?, ?, ?, ?)
Hibernate: insert into id_entity (creation_date, created, taken, unique_id, id) values (?, ?, ?, ?, ?)
Hibernate: insert into id_entity (creation_date, created, taken, unique_id, id) values (?, ?, ?, ?, ?)
Hibernate: insert into id_entity (creation_date, created, taken, unique_id, id) values (?, ?, ?, ?, ?)
Hibernate: insert into id_entity (creation_date, created, taken, unique_id, id) values (?, ?, ?, ?, ?)
Hibernate: insert into id_entity (creation_date, created, taken, unique_id, id) values (?, ?, ?, ?, ?)
Hibernate: insert into id_entity (creation_date, created, taken, unique_id, id) values (?, ?, ?, ?, ?)
Hibernate: insert into id_entity (creation_date, created, taken, unique_id, id) values (?, ?, ?, ?, ?)
Hibernate: insert into id_entity (creation_date, created, taken, unique_id, id) values (?, ?, ?, ?, ?)
Hibernate: insert into id_entity (creation_date, created, taken, unique_id, id) values (?, ?, ?, ?, ?)
Hibernate: insert into id_entity (creation_date, created, taken, unique_id, id) values (?, ?, ?, ?, ?)
Hibernate: insert into id_entity (creation_date, created, taken, unique_id, id) values (?, ?, ?, ?, ?)
Hibernate: insert into id_entity (creation_date, created, taken, unique_id, id) values (?, ?, ?, ?, ?)
Hibernate: insert into id_entity (creation_date, created, taken, unique_id, id) values (?, ?, ?, ?, ?)
Hibernate: insert into id_entity (creation_date, created, taken, unique_id, id) values (?, ?, ?, ?, ?)
Hibernate: insert into id_entity (creation_date, created, taken, unique_id, id) values (?, ?, ?, ?, ?)
Hibernate: insert into id_entity (creation_date, created, taken, unique_id, id) values (?, ?, ?, ?, ?)
Hibernate: insert into id_entity (creation_date, created, taken, unique_id, id) values (?, ?, ?, ?, ?)
Hibernate: insert into id_entity (creation_date, created, taken, unique_id, id) values (?, ?, ?, ?, ?)
Hibernate: insert into id_entity (creation_date, created, taken, unique_id, id) values (?, ?, ?, ?, ?)
Hibernate: insert into id_entity (creation_date, created, taken, unique_id, id) values (?, ?, ?, ?, ?)
Hibernate: insert into id_entity (creation_date, created, taken, unique_id, id) values (?, ?, ?, ?, ?)
Hibernate: insert into id_entity (creation_date, created, taken, unique_id, id) values (?, ?, ?, ?, ?)
Hibernate: insert into id_entity (creation_date, created, taken, unique_id, id) values (?, ?, ?, ?, ?)
Hibernate: insert into id_entity (creation_date, created, taken, unique_id, id) values (?, ?, ?, ?, ?)
Hibernate: insert into id_entity (creation_date, created, taken, unique_id, id) values (?, ?, ?, ?, ?)
Hibernate: insert into id_entity (creation_date, created, taken, unique_id, id) values (?, ?, ?, ?, ?)
Hibernate: insert into id_entity (creation_date, created, taken, unique_id, id) values (?, ?, ?, ?, ?)
Hibernate: insert into id_entity (creation_date, created, taken, unique_id, id) values (?, ?, ?, ?, ?)
Hibernate: insert into id_entity (creation_date, created, taken, unique_id, id) values (?, ?, ?, ?, ?)
Hibernate: insert into id_entity (creation_date, created, taken, unique_id, id) values (?, ?, ?, ?, ?)
Hibernate: insert into id_entity (creation_date, created, taken, unique_id, id) values (?, ?, ?, ?, ?)
Hibernate: insert into id_entity (creation_date, created, taken, unique_id, id) values (?, ?, ?, ?, ?)
Hibernate: insert into id_entity (creation_date, created, taken, unique_id, id) values (?, ?, ?, ?, ?)
Hibernate: insert into id_entity (creation_date, created, taken, unique_id, id) values (?, ?, ?, ?, ?)
Hibernate: insert into id_entity (creation_date, created, taken, unique_id, id) values (?, ?, ?, ?, ?)
Hibernate: insert into id_entity (creation_date, created, taken, unique_id, id) values (?, ?, ?, ?, ?)
Hibernate: insert into id_entity (creation_date, created, taken, unique_id, id) values (?, ?, ?, ?, ?)
Hibernate: insert into id_entity (creation_date, created, taken, unique_id, id) values (?, ?, ?, ?, ?)
Hibernate: insert into id_entity (creation_date, created, taken, unique_id, id) values (?, ?, ?, ?, ?)
Hibernate: insert into id_entity (creation_date, created, taken, unique_id, id) values (?, ?, ?, ?, ?)
Hibernate: insert into id_entity (creation_date, created, taken, unique_id, id) values (?, ?, ?, ?, ?)
Hibernate: insert into id_entity (creation_date, created, taken, unique_id, id) values (?, ?, ?, ?, ?)
Hibernate: insert into id_entity (creation_date, created, taken, unique_id, id) values (?, ?, ?, ?, ?)
Hibernate: insert into id_entity (creation_date, created, taken, unique_id, id) values (?, ?, ?, ?, ?)
Hibernate: insert into id_entity (creation_date, created, taken, unique_id, id) values (?, ?, ?, ?, ?)
Hibernate: insert into id_entity (creation_date, created, taken, unique_id, id) values (?, ?, ?, ?, ?)
Hibernate: insert into id_entity (creation_date, created, taken, unique_id, id) values (?, ?, ?, ?, ?)
Hibernate: insert into id_entity (creation_date, created, taken, unique_id, id) values (?, ?, ?, ?, ?)
Hibernate: insert into id_entity (creation_date, created, taken, unique_id, id) values (?, ?, ?, ?, ?)
Hibernate: insert into id_entity (creation_date, created, taken, unique_id, id) values (?, ?, ?, ?, ?)
Hibernate: insert into id_entity (creation_date, created, taken, unique_id, id) values (?, ?, ?, ?, ?)
Hibernate: insert into id_entity (creation_date, created, taken, unique_id, id) values (?, ?, ?, ?, ?)
Hibernate: insert into id_entity (creation_date, created, taken, unique_id, id) values (?, ?, ?, ?, ?)
Hibernate: insert into id_entity (creation_date, created, taken, unique_id, id) values (?, ?, ?, ?, ?)
Hibernate: insert into id_entity (creation_date, created, taken, unique_id, id) values (?, ?, ?, ?, ?)
Hibernate: insert into id_entity (creation_date, created, taken, unique_id, id) values (?, ?, ?, ?, ?)
Hibernate: insert into id_entity (creation_date, created, taken, unique_id, id) values (?, ?, ?, ?, ?)
Hibernate: insert into id_entity (creation_date, created, taken, unique_id, id) values (?, ?, ?, ?, ?)
Hibernate: insert into id_entity (creation_date, created, taken, unique_id, id) values (?, ?, ?, ?, ?)
Hibernate: insert into id_entity (creation_date, created, taken, unique_id, id) values (?, ?, ?, ?, ?)
Hibernate: insert into id_entity (creation_date, created, taken, unique_id, id) values (?, ?, ?, ?, ?)
Hibernate: insert into id_entity (creation_date, created, taken, unique_id, id) values (?, ?, ?, ?, ?)
Hibernate: insert into id_entity (creation_date, created, taken, unique_id, id) values (?, ?, ?, ?, ?)
Hibernate: insert into id_entity (creation_date, created, taken, unique_id, id) values (?, ?, ?, ?, ?)
Hibernate: insert into id_entity (creation_date, created, taken, unique_id, id) values (?, ?, ?, ?, ?)
Hibernate: insert into id_entity (creation_date, created, taken, unique_id, id) values (?, ?, ?, ?, ?)
Hibernate: insert into id_entity (creation_date, created, taken, unique_id, id) values (?, ?, ?, ?, ?)
Hibernate: insert into id_entity (creation_date, created, taken, unique_id, id) values (?, ?, ?, ?, ?)
Hibernate: insert into id_entity (creation_date, created, taken, unique_id, id) values (?, ?, ?, ?, ?)
Hibernate: insert into id_entity (creation_date, created, taken, unique_id, id) values (?, ?, ?, ?, ?)
Hibernate: insert into id_entity (creation_date, created, taken, unique_id, id) values (?, ?, ?, ?, ?)
Hibernate: insert into id_entity (creation_date, created, taken, unique_id, id) values (?, ?, ?, ?, ?)
Hibernate: insert into id_entity (creation_date, created, taken, unique_id, id) values (?, ?, ?, ?, ?)
Hibernate: insert into id_entity (creation_date, created, taken, unique_id, id) values (?, ?, ?, ?, ?)
Hibernate: insert into id_entity (creation_date, created, taken, unique_id, id) values (?, ?, ?, ?, ?)
Hibernate: insert into id_entity (creation_date, created, taken, unique_id, id) values (?, ?, ?, ?, ?)
Hibernate: insert into id_entity (creation_date, created, taken, unique_id, id) values (?, ?, ?, ?, ?)
Hibernate: insert into id_entity (creation_date, created, taken, unique_id, id) values (?, ?, ?, ?, ?)
Hibernate: insert into id_entity (creation_date, created, taken, unique_id, id) values (?, ?, ?, ?, ?)
Hibernate: insert into id_entity (creation_date, created, taken, unique_id, id) values (?, ?, ?, ?, ?)
Hibernate: insert into id_entity (creation_date, created, taken, unique_id, id) values (?, ?, ?, ?, ?)
Hibernate: insert into id_entity (creation_date, created, taken, unique_id, id) values (?, ?, ?, ?, ?)
Hibernate: insert into id_entity (creation_date, created, taken, unique_id, id) values (?, ?, ?, ?, ?)
Hibernate: insert into id_entity (creation_date, created, taken, unique_id, id) values (?, ?, ?, ?, ?)
Hibernate: insert into id_entity (creation_date, created, taken, unique_id, id) values (?, ?, ?, ?, ?)
Hibernate: insert into id_entity (creation_date, created, taken, unique_id, id) values (?, ?, ?, ?, ?)
Hibernate: insert into id_entity (creation_date, created, taken, unique_id, id) values (?, ?, ?, ?, ?)
Hibernate: insert into id_entity (creation_date, created, taken, unique_id, id) values (?, ?, ?, ?, ?)
Hibernate: insert into id_entity (creation_date, created, taken, unique_id, id) values (?, ?, ?, ?, ?)
Hibernate: insert into id_entity (creation_date, created, taken, unique_id, id) values (?, ?, ?, ?, ?)
Hibernate: insert into id_entity (creation_date, created, taken, unique_id, id) values (?, ?, ?, ?, ?)
Hibernate: insert into id_entity (creation_date, created, taken, unique_id, id) values (?, ?, ?, ?, ?)
Hibernate: insert into id_entity (creation_date, created, taken, unique_id, id) values (?, ?, ?, ?, ?)
Hibernate: insert into id_entity (creation_date, created, taken, unique_id, id) values (?, ?, ?, ?, ?)
Hibernate: insert into id_entity (creation_date, created, taken, unique_id, id) values (?, ?, ?, ?, ?)
Hibernate: update id_entity set creation_date=?, created=?, taken=?, unique_id=? where id=?
]]></system-out>
  <system-err><![CDATA[]]></system-err>
</testsuite>
