<?xml version="1.0" encoding="UTF-8"?>
<testsuite name="com.neeraj.tinyurl.controller.TinnyURLDynamicControllerTest" tests="121" skipped="0" failures="0" errors="0" timestamp="2019-11-09T20:36:38" hostname="LAPTOP-TMHEIUI3" time="1.417">
  <properties/>
  <testcase name="perform_a_recursive_test()[1]" classname="com.neeraj.tinyurl.controller.TinnyURLDynamicControllerTest" time="0.047"/>
  <testcase name="perform_a_recursive_test()[2]" classname="com.neeraj.tinyurl.controller.TinnyURLDynamicControllerTest" time="0.03"/>
  <testcase name="perform_a_recursive_test()[3]" classname="com.neeraj.tinyurl.controller.TinnyURLDynamicControllerTest" time="0.034"/>
  <testcase name="perform_a_recursive_test()[4]" classname="com.neeraj.tinyurl.controller.TinnyURLDynamicControllerTest" time="0.032"/>
  <testcase name="perform_a_recursive_test()[5]" classname="com.neeraj.tinyurl.controller.TinnyURLDynamicControllerTest" time="0.065"/>
  <testcase name="perform_a_recursive_test()[6]" classname="com.neeraj.tinyurl.controller.TinnyURLDynamicControllerTest" time="0.048"/>
  <testcase name="perform_a_recursive_test()[7]" classname="com.neeraj.tinyurl.controller.TinnyURLDynamicControllerTest" time="0.043"/>
  <testcase name="perform_a_recursive_test()[8]" classname="com.neeraj.tinyurl.controller.TinnyURLDynamicControllerTest" time="0.009"/>
  <testcase name="perform_a_recursive_test()[9]" classname="com.neeraj.tinyurl.controller.TinnyURLDynamicControllerTest" time="0.009"/>
  <testcase name="perform_a_recursive_test()[10]" classname="com.neeraj.tinyurl.controller.TinnyURLDynamicControllerTest" time="0.019"/>
  <testcase name="perform_a_recursive_test()[11]" classname="com.neeraj.tinyurl.controller.TinnyURLDynamicControllerTest" time="0.01"/>
  <testcase name="perform_a_recursive_test()[12]" classname="com.neeraj.tinyurl.controller.TinnyURLDynamicControllerTest" time="0.009"/>
  <testcase name="perform_a_recursive_test()[13]" classname="com.neeraj.tinyurl.controller.TinnyURLDynamicControllerTest" time="0.009"/>
  <testcase name="perform_a_recursive_test()[14]" classname="com.neeraj.tinyurl.controller.TinnyURLDynamicControllerTest" time="0.008"/>
  <testcase name="perform_a_recursive_test()[15]" classname="com.neeraj.tinyurl.controller.TinnyURLDynamicControllerTest" time="0.011"/>
  <testcase name="perform_a_recursive_test()[16]" classname="com.neeraj.tinyurl.controller.TinnyURLDynamicControllerTest" time="0.012"/>
  <testcase name="perform_a_recursive_test()[17]" classname="com.neeraj.tinyurl.controller.TinnyURLDynamicControllerTest" time="0.008"/>
  <testcase name="perform_a_recursive_test()[18]" classname="com.neeraj.tinyurl.controller.TinnyURLDynamicControllerTest" time="0.007"/>
  <testcase name="perform_a_recursive_test()[19]" classname="com.neeraj.tinyurl.controller.TinnyURLDynamicControllerTest" time="0.036"/>
  <testcase name="perform_a_recursive_test()[20]" classname="com.neeraj.tinyurl.controller.TinnyURLDynamicControllerTest" time="0.011"/>
  <testcase name="perform_a_recursive_test()[21]" classname="com.neeraj.tinyurl.controller.TinnyURLDynamicControllerTest" time="0.008"/>
  <testcase name="perform_a_recursive_test()[22]" classname="com.neeraj.tinyurl.controller.TinnyURLDynamicControllerTest" time="0.006"/>
  <testcase name="perform_a_recursive_test()[23]" classname="com.neeraj.tinyurl.controller.TinnyURLDynamicControllerTest" time="0.016"/>
  <testcase name="perform_a_recursive_test()[24]" classname="com.neeraj.tinyurl.controller.TinnyURLDynamicControllerTest" time="0.011"/>
  <testcase name="perform_a_recursive_test()[25]" classname="com.neeraj.tinyurl.controller.TinnyURLDynamicControllerTest" time="0.011"/>
  <testcase name="perform_a_recursive_test()[26]" classname="com.neeraj.tinyurl.controller.TinnyURLDynamicControllerTest" time="0.008"/>
  <testcase name="perform_a_recursive_test()[27]" classname="com.neeraj.tinyurl.controller.TinnyURLDynamicControllerTest" time="0.008"/>
  <testcase name="perform_a_recursive_test()[28]" classname="com.neeraj.tinyurl.controller.TinnyURLDynamicControllerTest" time="0.018"/>
  <testcase name="perform_a_recursive_test()[29]" classname="com.neeraj.tinyurl.controller.TinnyURLDynamicControllerTest" time="0.012"/>
  <testcase name="perform_a_recursive_test()[30]" classname="com.neeraj.tinyurl.controller.TinnyURLDynamicControllerTest" time="0.009"/>
  <testcase name="perform_a_recursive_test()[31]" classname="com.neeraj.tinyurl.controller.TinnyURLDynamicControllerTest" time="0.008"/>
  <testcase name="perform_a_recursive_test()[32]" classname="com.neeraj.tinyurl.controller.TinnyURLDynamicControllerTest" time="0.015"/>
  <testcase name="perform_a_recursive_test()[33]" classname="com.neeraj.tinyurl.controller.TinnyURLDynamicControllerTest" time="0.009"/>
  <testcase name="perform_a_recursive_test()[34]" classname="com.neeraj.tinyurl.controller.TinnyURLDynamicControllerTest" time="0.008"/>
  <testcase name="perform_a_recursive_test()[35]" classname="com.neeraj.tinyurl.controller.TinnyURLDynamicControllerTest" time="0.008"/>
  <testcase name="perform_a_recursive_test()[36]" classname="com.neeraj.tinyurl.controller.TinnyURLDynamicControllerTest" time="0.006"/>
  <testcase name="perform_a_recursive_test()[37]" classname="com.neeraj.tinyurl.controller.TinnyURLDynamicControllerTest" time="0.008"/>
  <testcase name="perform_a_recursive_test()[38]" classname="com.neeraj.tinyurl.controller.TinnyURLDynamicControllerTest" time="0.007"/>
  <testcase name="perform_a_recursive_test()[39]" classname="com.neeraj.tinyurl.controller.TinnyURLDynamicControllerTest" time="0.006"/>
  <testcase name="perform_a_recursive_test()[40]" classname="com.neeraj.tinyurl.controller.TinnyURLDynamicControllerTest" time="0.006"/>
  <testcase name="perform_a_recursive_test()[41]" classname="com.neeraj.tinyurl.controller.TinnyURLDynamicControllerTest" time="0.007"/>
  <testcase name="perform_a_recursive_test()[42]" classname="com.neeraj.tinyurl.controller.TinnyURLDynamicControllerTest" time="0.007"/>
  <testcase name="perform_a_recursive_test()[43]" classname="com.neeraj.tinyurl.controller.TinnyURLDynamicControllerTest" time="0.009"/>
  <testcase name="perform_a_recursive_test()[44]" classname="com.neeraj.tinyurl.controller.TinnyURLDynamicControllerTest" time="0.008"/>
  <testcase name="perform_a_recursive_test()[45]" classname="com.neeraj.tinyurl.controller.TinnyURLDynamicControllerTest" time="0.017"/>
  <testcase name="perform_a_recursive_test()[46]" classname="com.neeraj.tinyurl.controller.TinnyURLDynamicControllerTest" time="0.015"/>
  <testcase name="perform_a_recursive_test()[47]" classname="com.neeraj.tinyurl.controller.TinnyURLDynamicControllerTest" time="0.021"/>
  <testcase name="perform_a_recursive_test()[48]" classname="com.neeraj.tinyurl.controller.TinnyURLDynamicControllerTest" time="0.007"/>
  <testcase name="perform_a_recursive_test()[49]" classname="com.neeraj.tinyurl.controller.TinnyURLDynamicControllerTest" time="0.012"/>
  <testcase name="perform_a_recursive_test()[50]" classname="com.neeraj.tinyurl.controller.TinnyURLDynamicControllerTest" time="0.008"/>
  <testcase name="perform_a_recursive_test()[51]" classname="com.neeraj.tinyurl.controller.TinnyURLDynamicControllerTest" time="0.013"/>
  <testcase name="perform_a_recursive_test()[52]" classname="com.neeraj.tinyurl.controller.TinnyURLDynamicControllerTest" time="0.042"/>
  <testcase name="perform_a_recursive_test()[53]" classname="com.neeraj.tinyurl.controller.TinnyURLDynamicControllerTest" time="0.01"/>
  <testcase name="perform_a_recursive_test()[54]" classname="com.neeraj.tinyurl.controller.TinnyURLDynamicControllerTest" time="0.007"/>
  <testcase name="perform_a_recursive_test()[55]" classname="com.neeraj.tinyurl.controller.TinnyURLDynamicControllerTest" time="0.011"/>
  <testcase name="perform_a_recursive_test()[56]" classname="com.neeraj.tinyurl.controller.TinnyURLDynamicControllerTest" time="0.05"/>
  <testcase name="perform_a_recursive_test()[57]" classname="com.neeraj.tinyurl.controller.TinnyURLDynamicControllerTest" time="0.011"/>
  <testcase name="perform_a_recursive_test()[58]" classname="com.neeraj.tinyurl.controller.TinnyURLDynamicControllerTest" time="0.018"/>
  <testcase name="perform_a_recursive_test()[59]" classname="com.neeraj.tinyurl.controller.TinnyURLDynamicControllerTest" time="0.006"/>
  <testcase name="perform_a_recursive_test()[60]" classname="com.neeraj.tinyurl.controller.TinnyURLDynamicControllerTest" time="0.006"/>
  <testcase name="perform_a_recursive_test()[61]" classname="com.neeraj.tinyurl.controller.TinnyURLDynamicControllerTest" time="0.009"/>
  <testcase name="perform_a_recursive_test()[62]" classname="com.neeraj.tinyurl.controller.TinnyURLDynamicControllerTest" time="0.01"/>
  <testcase name="perform_a_recursive_test()[63]" classname="com.neeraj.tinyurl.controller.TinnyURLDynamicControllerTest" time="0.009"/>
  <testcase name="perform_a_recursive_test()[64]" classname="com.neeraj.tinyurl.controller.TinnyURLDynamicControllerTest" time="0.013"/>
  <testcase name="perform_a_recursive_test()[65]" classname="com.neeraj.tinyurl.controller.TinnyURLDynamicControllerTest" time="0.008"/>
  <testcase name="perform_a_recursive_test()[66]" classname="com.neeraj.tinyurl.controller.TinnyURLDynamicControllerTest" time="0.007"/>
  <testcase name="perform_a_recursive_test()[67]" classname="com.neeraj.tinyurl.controller.TinnyURLDynamicControllerTest" time="0.005"/>
  <testcase name="perform_a_recursive_test()[68]" classname="com.neeraj.tinyurl.controller.TinnyURLDynamicControllerTest" time="0.007"/>
  <testcase name="perform_a_recursive_test()[69]" classname="com.neeraj.tinyurl.controller.TinnyURLDynamicControllerTest" time="0.006"/>
  <testcase name="perform_a_recursive_test()[70]" classname="com.neeraj.tinyurl.controller.TinnyURLDynamicControllerTest" time="0.006"/>
  <testcase name="perform_a_recursive_test()[71]" classname="com.neeraj.tinyurl.controller.TinnyURLDynamicControllerTest" time="0.009"/>
  <testcase name="perform_a_recursive_test()[72]" classname="com.neeraj.tinyurl.controller.TinnyURLDynamicControllerTest" time="0.009"/>
  <testcase name="perform_a_recursive_test()[73]" classname="com.neeraj.tinyurl.controller.TinnyURLDynamicControllerTest" time="0.01"/>
  <testcase name="perform_a_recursive_test()[74]" classname="com.neeraj.tinyurl.controller.TinnyURLDynamicControllerTest" time="0.007"/>
  <testcase name="perform_a_recursive_test()[75]" classname="com.neeraj.tinyurl.controller.TinnyURLDynamicControllerTest" time="0.006"/>
  <testcase name="perform_a_recursive_test()[76]" classname="com.neeraj.tinyurl.controller.TinnyURLDynamicControllerTest" time="0.006"/>
  <testcase name="perform_a_recursive_test()[77]" classname="com.neeraj.tinyurl.controller.TinnyURLDynamicControllerTest" time="0.006"/>
  <testcase name="perform_a_recursive_test()[78]" classname="com.neeraj.tinyurl.controller.TinnyURLDynamicControllerTest" time="0.021"/>
  <testcase name="perform_a_recursive_test()[79]" classname="com.neeraj.tinyurl.controller.TinnyURLDynamicControllerTest" time="0.005"/>
  <testcase name="perform_a_recursive_test()[80]" classname="com.neeraj.tinyurl.controller.TinnyURLDynamicControllerTest" time="0.005"/>
  <testcase name="perform_a_recursive_test()[81]" classname="com.neeraj.tinyurl.controller.TinnyURLDynamicControllerTest" time="0.007"/>
  <testcase name="perform_a_recursive_test()[82]" classname="com.neeraj.tinyurl.controller.TinnyURLDynamicControllerTest" time="0.005"/>
  <testcase name="perform_a_recursive_test()[83]" classname="com.neeraj.tinyurl.controller.TinnyURLDynamicControllerTest" time="0.005"/>
  <testcase name="perform_a_recursive_test()[84]" classname="com.neeraj.tinyurl.controller.TinnyURLDynamicControllerTest" time="0.006"/>
  <testcase name="perform_a_recursive_test()[85]" classname="com.neeraj.tinyurl.controller.TinnyURLDynamicControllerTest" time="0.006"/>
  <testcase name="perform_a_recursive_test()[86]" classname="com.neeraj.tinyurl.controller.TinnyURLDynamicControllerTest" time="0.006"/>
  <testcase name="perform_a_recursive_test()[87]" classname="com.neeraj.tinyurl.controller.TinnyURLDynamicControllerTest" time="0.006"/>
  <testcase name="perform_a_recursive_test()[88]" classname="com.neeraj.tinyurl.controller.TinnyURLDynamicControllerTest" time="0.006"/>
  <testcase name="perform_a_recursive_test()[89]" classname="com.neeraj.tinyurl.controller.TinnyURLDynamicControllerTest" time="0.005"/>
  <testcase name="perform_a_recursive_test()[90]" classname="com.neeraj.tinyurl.controller.TinnyURLDynamicControllerTest" time="0.009"/>
  <testcase name="perform_a_recursive_test()[91]" classname="com.neeraj.tinyurl.controller.TinnyURLDynamicControllerTest" time="0.006"/>
  <testcase name="perform_a_recursive_test()[92]" classname="com.neeraj.tinyurl.controller.TinnyURLDynamicControllerTest" time="0.006"/>
  <testcase name="perform_a_recursive_test()[93]" classname="com.neeraj.tinyurl.controller.TinnyURLDynamicControllerTest" time="0.008"/>
  <testcase name="perform_a_recursive_test()[94]" classname="com.neeraj.tinyurl.controller.TinnyURLDynamicControllerTest" time="0.005"/>
  <testcase name="perform_a_recursive_test()[95]" classname="com.neeraj.tinyurl.controller.TinnyURLDynamicControllerTest" time="0.005"/>
  <testcase name="perform_a_recursive_test()[96]" classname="com.neeraj.tinyurl.controller.TinnyURLDynamicControllerTest" time="0.009"/>
  <testcase name="perform_a_recursive_test()[97]" classname="com.neeraj.tinyurl.controller.TinnyURLDynamicControllerTest" time="0.005"/>
  <testcase name="perform_a_recursive_test()[98]" classname="com.neeraj.tinyurl.controller.TinnyURLDynamicControllerTest" time="0.006"/>
  <testcase name="perform_a_recursive_test()[99]" classname="com.neeraj.tinyurl.controller.TinnyURLDynamicControllerTest" time="0.005"/>
  <testcase name="perform_a_recursive_test()[100]" classname="com.neeraj.tinyurl.controller.TinnyURLDynamicControllerTest" time="0.007"/>
  <testcase name="perform_a_recursive_test()[101]" classname="com.neeraj.tinyurl.controller.TinnyURLDynamicControllerTest" time="0.007"/>
  <testcase name="perform_a_recursive_test()[102]" classname="com.neeraj.tinyurl.controller.TinnyURLDynamicControllerTest" time="0.005"/>
  <testcase name="perform_a_recursive_test()[103]" classname="com.neeraj.tinyurl.controller.TinnyURLDynamicControllerTest" time="0.006"/>
  <testcase name="perform_a_recursive_test()[104]" classname="com.neeraj.tinyurl.controller.TinnyURLDynamicControllerTest" time="0.007"/>
  <testcase name="perform_a_recursive_test()[105]" classname="com.neeraj.tinyurl.controller.TinnyURLDynamicControllerTest" time="0.005"/>
  <testcase name="perform_a_recursive_test()[106]" classname="com.neeraj.tinyurl.controller.TinnyURLDynamicControllerTest" time="0.005"/>
  <testcase name="perform_a_recursive_test()[107]" classname="com.neeraj.tinyurl.controller.TinnyURLDynamicControllerTest" time="0.005"/>
  <testcase name="perform_a_recursive_test()[108]" classname="com.neeraj.tinyurl.controller.TinnyURLDynamicControllerTest" time="0.007"/>
  <testcase name="perform_a_recursive_test()[109]" classname="com.neeraj.tinyurl.controller.TinnyURLDynamicControllerTest" time="0.006"/>
  <testcase name="perform_a_recursive_test()[110]" classname="com.neeraj.tinyurl.controller.TinnyURLDynamicControllerTest" time="0.005"/>
  <testcase name="perform_a_recursive_test()[111]" classname="com.neeraj.tinyurl.controller.TinnyURLDynamicControllerTest" time="0.009"/>
  <testcase name="perform_a_recursive_test()[112]" classname="com.neeraj.tinyurl.controller.TinnyURLDynamicControllerTest" time="0.006"/>
  <testcase name="perform_a_recursive_test()[113]" classname="com.neeraj.tinyurl.controller.TinnyURLDynamicControllerTest" time="0.005"/>
  <testcase name="perform_a_recursive_test()[114]" classname="com.neeraj.tinyurl.controller.TinnyURLDynamicControllerTest" time="0.005"/>
  <testcase name="perform_a_recursive_test()[115]" classname="com.neeraj.tinyurl.controller.TinnyURLDynamicControllerTest" time="0.007"/>
  <testcase name="perform_a_recursive_test()[116]" classname="com.neeraj.tinyurl.controller.TinnyURLDynamicControllerTest" time="0.007"/>
  <testcase name="perform_a_recursive_test()[117]" classname="com.neeraj.tinyurl.controller.TinnyURLDynamicControllerTest" time="0.007"/>
  <testcase name="perform_a_recursive_test()[118]" classname="com.neeraj.tinyurl.controller.TinnyURLDynamicControllerTest" time="0.006"/>
  <testcase name="perform_a_recursive_test()[119]" classname="com.neeraj.tinyurl.controller.TinnyURLDynamicControllerTest" time="0.007"/>
  <testcase name="perform_a_recursive_test()[120]" classname="com.neeraj.tinyurl.controller.TinnyURLDynamicControllerTest" time="0.006"/>
  <testcase name="perform_a_recursive_test()[121]" classname="com.neeraj.tinyurl.controller.TinnyURLDynamicControllerTest" time="0.006"/>
  <system-out><![CDATA[2019-11-09 15:36:38.145  INFO 21456 --- [    Test worker] .b.t.c.SpringBootTestContextBootstrapper : Neither @ContextConfiguration nor @ContextHierarchy found for test class [com.neeraj.tinyurl.controller.TinnyURLDynamicControllerTest], using SpringBootContextLoader
2019-11-09 15:36:38.146  INFO 21456 --- [    Test worker] o.s.t.c.support.AbstractContextLoader    : Could not detect default resource locations for test class [com.neeraj.tinyurl.controller.TinnyURLDynamicControllerTest]: no resource found for suffixes {-context.xml, Context.groovy}.
2019-11-09 15:36:38.146  INFO 21456 --- [    Test worker] t.c.s.AnnotationConfigContextLoaderUtils : Could not detect default configuration classes for test class [com.neeraj.tinyurl.controller.TinnyURLDynamicControllerTest]: TinnyURLDynamicControllerTest does not declare any static, non-private, non-final, nested classes annotated with @Configuration.
2019-11-09 15:36:38.150  INFO 21456 --- [    Test worker] .b.t.c.SpringBootTestContextBootstrapper : Found @SpringBootConfiguration com.neeraj.tinyurl.TinyurlApplication for test class com.neeraj.tinyurl.controller.TinnyURLDynamicControllerTest
2019-11-09 15:36:38.153  INFO 21456 --- [    Test worker] .b.t.c.SpringBootTestContextBootstrapper : Loaded default TestExecutionListener class names from location [META-INF/spring.factories]: [org.springframework.boot.test.autoconfigure.restdocs.RestDocsTestExecutionListener, org.springframework.boot.test.autoconfigure.web.client.MockRestServiceServerResetTestExecutionListener, org.springframework.boot.test.autoconfigure.web.servlet.MockMvcPrintOnlyOnFailureTestExecutionListener, org.springframework.boot.test.autoconfigure.web.servlet.WebDriverTestExecutionListener, org.springframework.boot.test.mock.mockito.MockitoTestExecutionListener, org.springframework.boot.test.mock.mockito.ResetMocksTestExecutionListener, org.springframework.test.context.web.ServletTestExecutionListener, org.springframework.test.context.support.DirtiesContextBeforeModesTestExecutionListener, org.springframework.test.context.support.DependencyInjectionTestExecutionListener, org.springframework.test.context.support.DirtiesContextTestExecutionListener, org.springframework.test.context.transaction.TransactionalTestExecutionListener, org.springframework.test.context.jdbc.SqlScriptsTestExecutionListener, org.springframework.test.context.event.EventPublishingTestExecutionListener]
2019-11-09 15:36:38.154  INFO 21456 --- [    Test worker] .b.t.c.SpringBootTestContextBootstrapper : Using TestExecutionListeners: [org.springframework.test.context.web.ServletTestExecutionListener@3f6f66b0, org.springframework.test.context.support.DirtiesContextBeforeModesTestExecutionListener@6d6348b1, org.springframework.boot.test.mock.mockito.MockitoTestExecutionListener@165137a9, org.springframework.boot.test.autoconfigure.SpringBootDependencyInjectionTestExecutionListener@215198f0, org.springframework.test.context.support.DirtiesContextTestExecutionListener@65cf308c, org.springframework.test.context.transaction.TransactionalTestExecutionListener@121eda44, org.springframework.test.context.jdbc.SqlScriptsTestExecutionListener@ded5bd1, org.springframework.test.context.event.EventPublishingTestExecutionListener@2056c484, org.springframework.boot.test.autoconfigure.restdocs.RestDocsTestExecutionListener@3c01cb52, org.springframework.boot.test.autoconfigure.web.client.MockRestServiceServerResetTestExecutionListener@58a9ea6c, org.springframework.boot.test.autoconfigure.web.servlet.MockMvcPrintOnlyOnFailureTestExecutionListener@3f7d117b, org.springframework.boot.test.autoconfigure.web.servlet.WebDriverTestExecutionListener@291980f4, org.springframework.boot.test.mock.mockito.ResetMocksTestExecutionListener@1bf085de]
shortURL = SignUpRequestDto(userID=abc568, usagePlan=PREMIUM)
shortURL = SignUpRequestDto(userID=abc234, usagePlan=PREMIUM)
shortURL = SignUpRequestDto(userID=Abc1, usagePlan=PREMIUM)
shortURL = SignUpRequestDto(userID=abc1, usagePlan=PREMIUM)
Hibernate: select count(userdetail0_.id) as col_0_0_ from user_details_entity userdetail0_ where userdetail0_.user_name=?
Hibernate: select count(userdetail0_.id) as col_0_0_ from user_details_entity userdetail0_ where userdetail0_.user_name=?
Hibernate: select count(userdetail0_.id) as col_0_0_ from user_details_entity userdetail0_ where userdetail0_.user_name=?
Hibernate: select count(userdetail0_.id) as col_0_0_ from user_details_entity userdetail0_ where userdetail0_.user_name=?
Hibernate: call next value for hibernate_sequence
Hibernate: insert into user_details_entity (access_token, no_of_requests_per_day, usage_plan, user_name, id) values (?, ?, ?, ?, ?)
Hibernate: call next value for hibernate_sequence
Hibernate: insert into user_details_entity (access_token, no_of_requests_per_day, usage_plan, user_name, id) values (?, ?, ?, ?, ?)
Hibernate: call next value for hibernate_sequence
Hibernate: insert into user_details_entity (access_token, no_of_requests_per_day, usage_plan, user_name, id) values (?, ?, ?, ?, ?)
Hibernate: call next value for hibernate_sequence
Hibernate: insert into user_details_entity (access_token, no_of_requests_per_day, usage_plan, user_name, id) values (?, ?, ?, ?, ?)
shortURL = SignUpRequestDto(userID=test3, usagePlan=PREMIUM)
shortURL = SignUpRequestDto(userID=abc123, usagePlan=PREMIUM)
Hibernate: select count(userdetail0_.id) as col_0_0_ from user_details_entity userdetail0_ where userdetail0_.user_name=?
Hibernate: select count(userdetail0_.id) as col_0_0_ from user_details_entity userdetail0_ where userdetail0_.user_name=?
Hibernate: call next value for hibernate_sequence
Hibernate: call next value for hibernate_sequence
Hibernate: insert into user_details_entity (access_token, no_of_requests_per_day, usage_plan, user_name, id) values (?, ?, ?, ?, ?)
shortURL = SignUpRequestDto(userID=Test3, usagePlan=PREMIUM)
Hibernate: insert into user_details_entity (access_token, no_of_requests_per_day, usage_plan, user_name, id) values (?, ?, ?, ?, ?)
Hibernate: select count(userdetail0_.id) as col_0_0_ from user_details_entity userdetail0_ where userdetail0_.user_name=?
Hibernate: call next value for hibernate_sequence
Hibernate: insert into user_details_entity (access_token, no_of_requests_per_day, usage_plan, user_name, id) values (?, ?, ?, ?, ?)
longURL = https://www.Abc1.com/search?q=map+initialization+java+11&rlz=1C1SQJL_enUS807US807&oq=map+initialization+java+&aqs=chrome.2.69i57j0l5.5614j0j7&sourceid=chrome&ie=UTF-8, userID = Abc1
longURL = https://www.google.com/search?q=map+initialization+java+11&rlz=1C1SQJL_enUS807US807&oq=map+initialization+java+&aqs=chrome.2.69i57j0l5.5614j0j7&sourceid=chrome&ie=UTF-8, userID = abc234
longURL = https://www.google.com/search?q=junit+5+dynamic+tests+examples&safe=active&rlz=1C1SQJL_enUS807US807&sxsrf=ACYBGNQrwYwyQkGyeiAk-ntGDjR4M8mCwg:1571491152998&source=lnms&tbm=vid&sa=X&ved=0ahUKEwi-qMTftKjlAhUHh-AKHZAPClIQ_AUIEygC&biw=1536&bih=754, userID = abc568
Hibernate: select userdetail0_.id as id1_2_, userdetail0_.access_token as access_t2_2_, userdetail0_.no_of_requests_per_day as no_of_re3_2_, userdetail0_.usage_plan as usage_pl4_2_, userdetail0_.user_name as user_nam5_2_ from user_details_entity userdetail0_ where userdetail0_.access_token=?
Hibernate: select lastaccess0_.user_name as user_nam4_1_0_, lastaccess0_.id as id1_1_0_, lastaccess0_.id as id1_1_1_, lastaccess0_.accessed_date as accessed2_1_1_, lastaccess0_.no_of_times_accessed as no_of_ti3_1_1_ from user_details_accessed_entity lastaccess0_ where lastaccess0_.user_name=?
Hibernate: select userdetail0_.id as id1_2_1_, userdetail0_.access_token as access_t2_2_1_, userdetail0_.no_of_requests_per_day as no_of_re3_2_1_, userdetail0_.usage_plan as usage_pl4_2_1_, userdetail0_.user_name as user_nam5_2_1_, lastaccess1_.user_name as user_nam4_1_3_, lastaccess1_.id as id1_1_3_, lastaccess1_.id as id1_1_0_, lastaccess1_.accessed_date as accessed2_1_0_, lastaccess1_.no_of_times_accessed as no_of_ti3_1_0_ from user_details_entity userdetail0_ left outer join user_details_accessed_entity lastaccess1_ on userdetail0_.user_name=lastaccess1_.user_name where userdetail0_.id=?
Hibernate: call next value for hibernate_sequence
Hibernate: insert into user_details_accessed_entity (accessed_date, no_of_times_accessed, id) values (?, ?, ?)
Hibernate: select userdetail0_.id as id1_2_, userdetail0_.access_token as access_t2_2_, userdetail0_.no_of_requests_per_day as no_of_re3_2_, userdetail0_.usage_plan as usage_pl4_2_, userdetail0_.user_name as user_nam5_2_ from user_details_entity userdetail0_ where userdetail0_.access_token=?
Hibernate: select userdetail0_.id as id1_2_, userdetail0_.access_token as access_t2_2_, userdetail0_.no_of_requests_per_day as no_of_re3_2_, userdetail0_.usage_plan as usage_pl4_2_, userdetail0_.user_name as user_nam5_2_ from user_details_entity userdetail0_ where userdetail0_.access_token=?
Hibernate: select lastaccess0_.user_name as user_nam4_1_0_, lastaccess0_.id as id1_1_0_, lastaccess0_.id as id1_1_1_, lastaccess0_.accessed_date as accessed2_1_1_, lastaccess0_.no_of_times_accessed as no_of_ti3_1_1_ from user_details_accessed_entity lastaccess0_ where lastaccess0_.user_name=?
Hibernate: select userdetail0_.id as id1_2_1_, userdetail0_.access_token as access_t2_2_1_, userdetail0_.no_of_requests_per_day as no_of_re3_2_1_, userdetail0_.usage_plan as usage_pl4_2_1_, userdetail0_.user_name as user_nam5_2_1_, lastaccess1_.user_name as user_nam4_1_3_, lastaccess1_.id as id1_1_3_, lastaccess1_.id as id1_1_0_, lastaccess1_.accessed_date as accessed2_1_0_, lastaccess1_.no_of_times_accessed as no_of_ti3_1_0_ from user_details_entity userdetail0_ left outer join user_details_accessed_entity lastaccess1_ on userdetail0_.user_name=lastaccess1_.user_name where userdetail0_.id=?
Hibernate: call next value for hibernate_sequence
Hibernate: select lastaccess0_.user_name as user_nam4_1_0_, lastaccess0_.id as id1_1_0_, lastaccess0_.id as id1_1_1_, lastaccess0_.accessed_date as accessed2_1_1_, lastaccess0_.no_of_times_accessed as no_of_ti3_1_1_ from user_details_accessed_entity lastaccess0_ where lastaccess0_.user_name=?
Hibernate: insert into user_details_accessed_entity (accessed_date, no_of_times_accessed, id) values (?, ?, ?)
Hibernate: update user_details_accessed_entity set user_name=? where id=?
Hibernate: select userdetail0_.id as id1_2_1_, userdetail0_.access_token as access_t2_2_1_, userdetail0_.no_of_requests_per_day as no_of_re3_2_1_, userdetail0_.usage_plan as usage_pl4_2_1_, userdetail0_.user_name as user_nam5_2_1_, lastaccess1_.user_name as user_nam4_1_3_, lastaccess1_.id as id1_1_3_, lastaccess1_.id as id1_1_0_, lastaccess1_.accessed_date as accessed2_1_0_, lastaccess1_.no_of_times_accessed as no_of_ti3_1_0_ from user_details_entity userdetail0_ left outer join user_details_accessed_entity lastaccess1_ on userdetail0_.user_name=lastaccess1_.user_name where userdetail0_.id=?
Hibernate: call next value for hibernate_sequence
Hibernate: insert into user_details_accessed_entity (accessed_date, no_of_times_accessed, id) values (?, ?, ?)
Hibernate: update user_details_accessed_entity set user_name=? where id=?
Hibernate: update user_details_accessed_entity set user_name=? where id=?
Hibernate: select userdetail0_.id as id1_2_, userdetail0_.access_token as access_t2_2_, userdetail0_.no_of_requests_per_day as no_of_re3_2_, userdetail0_.usage_plan as usage_pl4_2_, userdetail0_.user_name as user_nam5_2_ from user_details_entity userdetail0_ where userdetail0_.access_token=?
Hibernate: select lastaccess0_.user_name as user_nam4_1_0_, lastaccess0_.id as id1_1_0_, lastaccess0_.id as id1_1_1_, lastaccess0_.accessed_date as accessed2_1_1_, lastaccess0_.no_of_times_accessed as no_of_ti3_1_1_ from user_details_accessed_entity lastaccess0_ where lastaccess0_.user_name=?
Hibernate: select userdetail0_.id as id1_2_1_, userdetail0_.access_token as access_t2_2_1_, userdetail0_.no_of_requests_per_day as no_of_re3_2_1_, userdetail0_.usage_plan as usage_pl4_2_1_, userdetail0_.user_name as user_nam5_2_1_, lastaccess1_.user_name as user_nam4_1_3_, lastaccess1_.id as id1_1_3_, lastaccess1_.id as id1_1_0_, lastaccess1_.accessed_date as accessed2_1_0_, lastaccess1_.no_of_times_accessed as no_of_ti3_1_0_ from user_details_entity userdetail0_ left outer join user_details_accessed_entity lastaccess1_ on userdetail0_.user_name=lastaccess1_.user_name where userdetail0_.id=?
Hibernate: select userdetail0_.id as id1_2_, userdetail0_.access_token as access_t2_2_, userdetail0_.no_of_requests_per_day as no_of_re3_2_, userdetail0_.usage_plan as usage_pl4_2_, userdetail0_.user_name as user_nam5_2_ from user_details_entity userdetail0_ where userdetail0_.access_token=?
Hibernate: call next value for hibernate_sequence
Hibernate: insert into user_details_accessed_entity (accessed_date, no_of_times_accessed, id) values (?, ?, ?)
Hibernate: update user_details_accessed_entity set user_name=? where id=?
Hibernate: select userdetail0_.id as id1_2_, userdetail0_.access_token as access_t2_2_, userdetail0_.no_of_requests_per_day as no_of_re3_2_, userdetail0_.usage_plan as usage_pl4_2_, userdetail0_.user_name as user_nam5_2_ from user_details_entity userdetail0_ where userdetail0_.access_token=?
Hibernate: select lastaccess0_.user_name as user_nam4_1_0_, lastaccess0_.id as id1_1_0_, lastaccess0_.id as id1_1_1_, lastaccess0_.accessed_date as accessed2_1_1_, lastaccess0_.no_of_times_accessed as no_of_ti3_1_1_ from user_details_accessed_entity lastaccess0_ where lastaccess0_.user_name=?
Hibernate: select userdetail0_.id as id1_2_1_, userdetail0_.access_token as access_t2_2_1_, userdetail0_.no_of_requests_per_day as no_of_re3_2_1_, userdetail0_.usage_plan as usage_pl4_2_1_, userdetail0_.user_name as user_nam5_2_1_, lastaccess1_.user_name as user_nam4_1_3_, lastaccess1_.id as id1_1_3_, lastaccess1_.id as id1_1_0_, lastaccess1_.accessed_date as accessed2_1_0_, lastaccess1_.no_of_times_accessed as no_of_ti3_1_0_ from user_details_entity userdetail0_ left outer join user_details_accessed_entity lastaccess1_ on userdetail0_.user_name=lastaccess1_.user_name where userdetail0_.id=?
Hibernate: call next value for hibernate_sequence
Hibernate: insert into user_details_accessed_entity (accessed_date, no_of_times_accessed, id) values (?, ?, ?)
Hibernate: update user_details_accessed_entity set user_name=? where id=?
Hibernate: select tinyurlent0_.id as id1_0_, tinyurlent0_.created_at as created_2_0_, tinyurlent0_.expiring_on as expiring3_0_, tinyurlent0_.longurl as longurl4_0_, tinyurlent0_.no_of_times_accessed as no_of_ti5_0_, tinyurlent0_.shorturl as shorturl6_0_, tinyurlent0_.userid as userid7_0_ from tinyurlentity tinyurlent0_ where tinyurlent0_.shorturl=?
Hibernate: select tinyurlent0_.id as id1_0_, tinyurlent0_.created_at as created_2_0_, tinyurlent0_.expiring_on as expiring3_0_, tinyurlent0_.longurl as longurl4_0_, tinyurlent0_.no_of_times_accessed as no_of_ti5_0_, tinyurlent0_.shorturl as shorturl6_0_, tinyurlent0_.userid as userid7_0_ from tinyurlentity tinyurlent0_ where tinyurlent0_.shorturl=?
Hibernate: call next value for hibernate_sequence
Hibernate: insert into tinyurlentity (created_at, expiring_on, longurl, no_of_times_accessed, shorturl, userid, id) values (?, ?, ?, ?, ?, ?, ?)
Hibernate: call next value for hibernate_sequence
Hibernate: insert into tinyurlentity (created_at, expiring_on, longurl, no_of_times_accessed, shorturl, userid, id) values (?, ?, ?, ?, ?, ?, ?)
Hibernate: select lastaccess0_.user_name as user_nam4_1_0_, lastaccess0_.id as id1_1_0_, lastaccess0_.id as id1_1_1_, lastaccess0_.accessed_date as accessed2_1_1_, lastaccess0_.no_of_times_accessed as no_of_ti3_1_1_ from user_details_accessed_entity lastaccess0_ where lastaccess0_.user_name=?
Hibernate: select userdetail0_.id as id1_2_1_, userdetail0_.access_token as access_t2_2_1_, userdetail0_.no_of_requests_per_day as no_of_re3_2_1_, userdetail0_.usage_plan as usage_pl4_2_1_, userdetail0_.user_name as user_nam5_2_1_, lastaccess1_.user_name as user_nam4_1_3_, lastaccess1_.id as id1_1_3_, lastaccess1_.id as id1_1_0_, lastaccess1_.accessed_date as accessed2_1_0_, lastaccess1_.no_of_times_accessed as no_of_ti3_1_0_ from user_details_entity userdetail0_ left outer join user_details_accessed_entity lastaccess1_ on userdetail0_.user_name=lastaccess1_.user_name where userdetail0_.id=?
Hibernate: call next value for hibernate_sequence
Hibernate: insert into user_details_accessed_entity (accessed_date, no_of_times_accessed, id) values (?, ?, ?)
Hibernate: update user_details_accessed_entity set user_name=? where id=?
Hibernate: select tinyurlent0_.id as id1_0_, tinyurlent0_.created_at as created_2_0_, tinyurlent0_.expiring_on as expiring3_0_, tinyurlent0_.longurl as longurl4_0_, tinyurlent0_.no_of_times_accessed as no_of_ti5_0_, tinyurlent0_.shorturl as shorturl6_0_, tinyurlent0_.userid as userid7_0_ from tinyurlentity tinyurlent0_ where tinyurlent0_.shorturl=?
Hibernate: call next value for hibernate_sequence
Hibernate: insert into tinyurlentity (created_at, expiring_on, longurl, no_of_times_accessed, shorturl, userid, id) values (?, ?, ?, ?, ?, ?, ?)
2019-11-09 15:36:38.316  INFO 21456 --- [onPool-worker-5] c.n.t.controller.TinnyURLController      : created a short URL.
2019-11-09 15:36:38.317  INFO 21456 --- [onPool-worker-5] c.n.t.controller.TinnyURLController      : Request : MinifyRequestDto(userId=abc234, longURL=https://www.google.com/search?q=map+initialization+java+11&rlz=1C1SQJL_enUS807US807&oq=map+initialization+java+&aqs=chrome.2.69i57j0l5.5614j0j7&sourceid=chrome&ie=UTF-8, shortURL=null)
2019-11-09 15:36:38.315  INFO 21456 --- [onPool-worker-3] c.n.t.controller.TinnyURLController      : created a short URL.
2019-11-09 15:36:38.317  INFO 21456 --- [onPool-worker-3] c.n.t.controller.TinnyURLController      : Request : MinifyRequestDto(userId=abc568, longURL=https://www.google.com/search?q=junit+5+dynamic+tests+examples&safe=active&rlz=1C1SQJL_enUS807US807&sxsrf=ACYBGNQrwYwyQkGyeiAk-ntGDjR4M8mCwg:1571491152998&source=lnms&tbm=vid&sa=X&ved=0ahUKEwi-qMTftKjlAhUHh-AKHZAPClIQ_AUIEygC&biw=1536&bih=754, shortURL=null)
2019-11-09 15:36:38.317  INFO 21456 --- [onPool-worker-3] c.n.t.controller.TinnyURLController      : Response : MinifyResponseDto(userId=abc568, longURL=https://www.google.com/search?q=junit+5+dynamic+tests+examples&safe=active&rlz=1C1SQJL_enUS807US807&sxsrf=ACYBGNQrwYwyQkGyeiAk-ntGDjR4M8mCwg:1571491152998&source=lnms&tbm=vid&sa=X&ved=0ahUKEwi-qMTftKjlAhUHh-AKHZAPClIQ_AUIEygC&biw=1536&bih=754, shortURL=http://localhost:8080/expand/azRPW2yLrq, expiringOn=2019-11-10T15:36:38.294997600)
2019-11-09 15:36:38.316  INFO 21456 --- [onPool-worker-7] c.n.t.controller.TinnyURLController      : created a short URL.
2019-11-09 15:36:38.320  INFO 21456 --- [onPool-worker-7] c.n.t.controller.TinnyURLController      : Request : MinifyRequestDto(userId=Abc1, longURL=https://www.Abc1.com/search?q=map+initialization+java+11&rlz=1C1SQJL_enUS807US807&oq=map+initialization+java+&aqs=chrome.2.69i57j0l5.5614j0j7&sourceid=chrome&ie=UTF-8, shortURL=null)
2019-11-09 15:36:38.320  INFO 21456 --- [onPool-worker-7] c.n.t.controller.TinnyURLController      : Response : MinifyResponseDto(userId=Abc1, longURL=https://www.Abc1.com/search?q=map+initialization+java+11&rlz=1C1SQJL_enUS807US807&oq=map+initialization+java+&aqs=chrome.2.69i57j0l5.5614j0j7&sourceid=chrome&ie=UTF-8, shortURL=http://localhost:8080/expand/1p1Ua7YfuA, expiringOn=2019-11-10T15:36:38.295972900)
longURL = https://www.test2.com/search?q=map+initialization+java+11&rlz=1C1SQJL_enUS807US807&oq=map+initialization+java+&aqs=chrome.2.69i57j0l5.5614j0j7&sourceid=chrome&ie=UTF-8, userID = abc1
longURL = https://www.test3.com/search?q=map+initialization+java+11&rlz=1C1SQJL_enUS807US807&oq=map+initialization+java+&aqs=chrome.2.69i57j0l5.5614j0j7&sourceid=chrome&ie=UTF-8, userID = test3
Hibernate: select userdetail0_.id as id1_2_, userdetail0_.access_token as access_t2_2_, userdetail0_.no_of_requests_per_day as no_of_re3_2_, userdetail0_.usage_plan as usage_pl4_2_, userdetail0_.user_name as user_nam5_2_ from user_details_entity userdetail0_ where userdetail0_.access_token=?
Hibernate: select lastaccess0_.user_name as user_nam4_1_0_, lastaccess0_.id as id1_1_0_, lastaccess0_.id as id1_1_1_, lastaccess0_.accessed_date as accessed2_1_1_, lastaccess0_.no_of_times_accessed as no_of_ti3_1_1_ from user_details_accessed_entity lastaccess0_ where lastaccess0_.user_name=?
Hibernate: select userdetail0_.id as id1_2_, userdetail0_.access_token as access_t2_2_, userdetail0_.no_of_requests_per_day as no_of_re3_2_, userdetail0_.usage_plan as usage_pl4_2_, userdetail0_.user_name as user_nam5_2_ from user_details_entity userdetail0_ where userdetail0_.access_token=?
Hibernate: select lastaccess0_.user_name as user_nam4_1_0_, lastaccess0_.id as id1_1_0_, lastaccess0_.id as id1_1_1_, lastaccess0_.accessed_date as accessed2_1_1_, lastaccess0_.no_of_times_accessed as no_of_ti3_1_1_ from user_details_accessed_entity lastaccess0_ where lastaccess0_.user_name=?
Hibernate: select userdetail0_.id as id1_2_1_, userdetail0_.access_token as access_t2_2_1_, userdetail0_.no_of_requests_per_day as no_of_re3_2_1_, userdetail0_.usage_plan as usage_pl4_2_1_, userdetail0_.user_name as user_nam5_2_1_, lastaccess1_.user_name as user_nam4_1_3_, lastaccess1_.id as id1_1_3_, lastaccess1_.id as id1_1_0_, lastaccess1_.accessed_date as accessed2_1_0_, lastaccess1_.no_of_times_accessed as no_of_ti3_1_0_ from user_details_entity userdetail0_ left outer join user_details_accessed_entity lastaccess1_ on userdetail0_.user_name=lastaccess1_.user_name where userdetail0_.id=?
Hibernate: call next value for hibernate_sequence
Hibernate: select userdetail0_.id as id1_2_1_, userdetail0_.access_token as access_t2_2_1_, userdetail0_.no_of_requests_per_day as no_of_re3_2_1_, userdetail0_.usage_plan as usage_pl4_2_1_, userdetail0_.user_name as user_nam5_2_1_, lastaccess1_.user_name as user_nam4_1_3_, lastaccess1_.id as id1_1_3_, lastaccess1_.id as id1_1_0_, lastaccess1_.accessed_date as accessed2_1_0_, lastaccess1_.no_of_times_accessed as no_of_ti3_1_0_ from user_details_entity userdetail0_ left outer join user_details_accessed_entity lastaccess1_ on userdetail0_.user_name=lastaccess1_.user_name where userdetail0_.id=?
Hibernate: insert into user_details_accessed_entity (accessed_date, no_of_times_accessed, id) values (?, ?, ?)
Hibernate: call next value for hibernate_sequence
Hibernate: update user_details_accessed_entity set user_name=? where id=?
Hibernate: insert into user_details_accessed_entity (accessed_date, no_of_times_accessed, id) values (?, ?, ?)
Hibernate: update user_details_accessed_entity set user_name=? where id=?
Hibernate: select userdetail0_.id as id1_2_, userdetail0_.access_token as access_t2_2_, userdetail0_.no_of_requests_per_day as no_of_re3_2_, userdetail0_.usage_plan as usage_pl4_2_, userdetail0_.user_name as user_nam5_2_ from user_details_entity userdetail0_ where userdetail0_.access_token=?
Hibernate: select userdetail0_.id as id1_2_, userdetail0_.access_token as access_t2_2_, userdetail0_.no_of_requests_per_day as no_of_re3_2_, userdetail0_.usage_plan as usage_pl4_2_, userdetail0_.user_name as user_nam5_2_ from user_details_entity userdetail0_ where userdetail0_.access_token=?
Hibernate: select lastaccess0_.user_name as user_nam4_1_0_, lastaccess0_.id as id1_1_0_, lastaccess0_.id as id1_1_1_, lastaccess0_.accessed_date as accessed2_1_1_, lastaccess0_.no_of_times_accessed as no_of_ti3_1_1_ from user_details_accessed_entity lastaccess0_ where lastaccess0_.user_name=?
Hibernate: select lastaccess0_.user_name as user_nam4_1_0_, lastaccess0_.id as id1_1_0_, lastaccess0_.id as id1_1_1_, lastaccess0_.accessed_date as accessed2_1_1_, lastaccess0_.no_of_times_accessed as no_of_ti3_1_1_ from user_details_accessed_entity lastaccess0_ where lastaccess0_.user_name=?
Hibernate: select userdetail0_.id as id1_2_1_, userdetail0_.access_token as access_t2_2_1_, userdetail0_.no_of_requests_per_day as no_of_re3_2_1_, userdetail0_.usage_plan as usage_pl4_2_1_, userdetail0_.user_name as user_nam5_2_1_, lastaccess1_.user_name as user_nam4_1_3_, lastaccess1_.id as id1_1_3_, lastaccess1_.id as id1_1_0_, lastaccess1_.accessed_date as accessed2_1_0_, lastaccess1_.no_of_times_accessed as no_of_ti3_1_0_ from user_details_entity userdetail0_ left outer join user_details_accessed_entity lastaccess1_ on userdetail0_.user_name=lastaccess1_.user_name where userdetail0_.id=?
Hibernate: select userdetail0_.id as id1_2_1_, userdetail0_.access_token as access_t2_2_1_, userdetail0_.no_of_requests_per_day as no_of_re3_2_1_, userdetail0_.usage_plan as usage_pl4_2_1_, userdetail0_.user_name as user_nam5_2_1_, lastaccess1_.user_name as user_nam4_1_3_, lastaccess1_.id as id1_1_3_, lastaccess1_.id as id1_1_0_, lastaccess1_.accessed_date as accessed2_1_0_, lastaccess1_.no_of_times_accessed as no_of_ti3_1_0_ from user_details_entity userdetail0_ left outer join user_details_accessed_entity lastaccess1_ on userdetail0_.user_name=lastaccess1_.user_name where userdetail0_.id=?
Hibernate: call next value for hibernate_sequence
Hibernate: insert into user_details_accessed_entity (accessed_date, no_of_times_accessed, id) values (?, ?, ?)
Hibernate: update user_details_accessed_entity set user_name=? where id=?
2019-11-09 15:36:38.317  INFO 21456 --- [onPool-worker-5] c.n.t.controller.TinnyURLController      : Response : MinifyResponseDto(userId=abc234, longURL=https://www.google.com/search?q=map+initialization+java+11&rlz=1C1SQJL_enUS807US807&oq=map+initialization+java+&aqs=chrome.2.69i57j0l5.5614j0j7&sourceid=chrome&ie=UTF-8, shortURL=http://localhost:8080/expand/jrpJQXm6jK, expiringOn=2019-11-10T15:36:38.310626200)
Hibernate: select tinyurlent0_.id as id1_0_, tinyurlent0_.created_at as created_2_0_, tinyurlent0_.expiring_on as expiring3_0_, tinyurlent0_.longurl as longurl4_0_, tinyurlent0_.no_of_times_accessed as no_of_ti5_0_, tinyurlent0_.shorturl as shorturl6_0_, tinyurlent0_.userid as userid7_0_ from tinyurlentity tinyurlent0_ where tinyurlent0_.shorturl=?
Hibernate: call next value for hibernate_sequence
longURL = https://www.google.com/search?safe=active&rlz=1C1SQJL_enUS807US807&sxsrf=ACYBGNRx5ybGi72w6lRU9s_0PUs8iPn-UQ%3A1571455118815&ei=joCqXbmyMe_l_Qbd87uwCA&q=recursive+mockmvc+example&oq=recursive+mockmvc+&gs_l=psy-ab.3.0.33i160.114926.123218..124835...0.1..0.154.1989.1j16......0....1..gws-wiz.......0i71j35i39j0i67j0j0i131j0i20i263j0i70i249j0i22i30j0i13i30j0i13i5i30j0i8i13i30j0i13.nuNl5STQCIk, userID = abc123
Hibernate: select userdetail0_.id as id1_2_, userdetail0_.access_token as access_t2_2_, userdetail0_.no_of_requests_per_day as no_of_re3_2_, userdetail0_.usage_plan as usage_pl4_2_, userdetail0_.user_name as user_nam5_2_ from user_details_entity userdetail0_ where userdetail0_.access_token=?
Hibernate: insert into user_details_accessed_entity (accessed_date, no_of_times_accessed, id) values (?, ?, ?)
Hibernate: update user_details_accessed_entity set user_name=? where id=?
Hibernate: select lastaccess0_.user_name as user_nam4_1_0_, lastaccess0_.id as id1_1_0_, lastaccess0_.id as id1_1_1_, lastaccess0_.accessed_date as accessed2_1_1_, lastaccess0_.no_of_times_accessed as no_of_ti3_1_1_ from user_details_accessed_entity lastaccess0_ where lastaccess0_.user_name=?
Hibernate: select userdetail0_.id as id1_2_1_, userdetail0_.access_token as access_t2_2_1_, userdetail0_.no_of_requests_per_day as no_of_re3_2_1_, userdetail0_.usage_plan as usage_pl4_2_1_, userdetail0_.user_name as user_nam5_2_1_, lastaccess1_.user_name as user_nam4_1_3_, lastaccess1_.id as id1_1_3_, lastaccess1_.id as id1_1_0_, lastaccess1_.accessed_date as accessed2_1_0_, lastaccess1_.no_of_times_accessed as no_of_ti3_1_0_ from user_details_entity userdetail0_ left outer join user_details_accessed_entity lastaccess1_ on userdetail0_.user_name=lastaccess1_.user_name where userdetail0_.id=?
Hibernate: call next value for hibernate_sequence
Hibernate: insert into user_details_accessed_entity (accessed_date, no_of_times_accessed, id) values (?, ?, ?)
Hibernate: select tinyurlent0_.id as id1_0_, tinyurlent0_.created_at as created_2_0_, tinyurlent0_.expiring_on as expiring3_0_, tinyurlent0_.longurl as longurl4_0_, tinyurlent0_.no_of_times_accessed as no_of_ti5_0_, tinyurlent0_.shorturl as shorturl6_0_, tinyurlent0_.userid as userid7_0_ from tinyurlentity tinyurlent0_ where tinyurlent0_.shorturl=?
Hibernate: update user_details_accessed_entity set user_name=? where id=?
Hibernate: call next value for hibernate_sequence
Hibernate: select userdetail0_.id as id1_2_, userdetail0_.access_token as access_t2_2_, userdetail0_.no_of_requests_per_day as no_of_re3_2_, userdetail0_.usage_plan as usage_pl4_2_, userdetail0_.user_name as user_nam5_2_ from user_details_entity userdetail0_ where userdetail0_.access_token=?
Hibernate: select lastaccess0_.user_name as user_nam4_1_0_, lastaccess0_.id as id1_1_0_, lastaccess0_.id as id1_1_1_, lastaccess0_.accessed_date as accessed2_1_1_, lastaccess0_.no_of_times_accessed as no_of_ti3_1_1_ from user_details_accessed_entity lastaccess0_ where lastaccess0_.user_name=?
Hibernate: insert into tinyurlentity (created_at, expiring_on, longurl, no_of_times_accessed, shorturl, userid, id) values (?, ?, ?, ?, ?, ?, ?)
Hibernate: select userdetail0_.id as id1_2_1_, userdetail0_.access_token as access_t2_2_1_, userdetail0_.no_of_requests_per_day as no_of_re3_2_1_, userdetail0_.usage_plan as usage_pl4_2_1_, userdetail0_.user_name as user_nam5_2_1_, lastaccess1_.user_name as user_nam4_1_3_, lastaccess1_.id as id1_1_3_, lastaccess1_.id as id1_1_0_, lastaccess1_.accessed_date as accessed2_1_0_, lastaccess1_.no_of_times_accessed as no_of_ti3_1_0_ from user_details_entity userdetail0_ left outer join user_details_accessed_entity lastaccess1_ on userdetail0_.user_name=lastaccess1_.user_name where userdetail0_.id=?
2019-11-09 15:36:38.363  INFO 21456 --- [onPool-worker-3] c.n.t.controller.TinnyURLController      : created a short URL.
2019-11-09 15:36:38.363  INFO 21456 --- [onPool-worker-3] c.n.t.controller.TinnyURLController      : Request : MinifyRequestDto(userId=abc1, longURL=https://www.test2.com/search?q=map+initialization+java+11&rlz=1C1SQJL_enUS807US807&oq=map+initialization+java+&aqs=chrome.2.69i57j0l5.5614j0j7&sourceid=chrome&ie=UTF-8, shortURL=null)
2019-11-09 15:36:38.363  INFO 21456 --- [onPool-worker-3] c.n.t.controller.TinnyURLController      : Response : MinifyResponseDto(userId=abc1, longURL=https://www.test2.com/search?q=map+initialization+java+11&rlz=1C1SQJL_enUS807US807&oq=map+initialization+java+&aqs=chrome.2.69i57j0l5.5614j0j7&sourceid=chrome&ie=UTF-8, shortURL=http://localhost:8080/expand/5CDhqGX6KX, expiringOn=2019-11-10T15:36:38.354532800)
longURL = https://www.Test3.com/search?q=junit+5+dynamic+tests+examples&safe=active&rlz=1C1SQJL_enUS807US807&sxsrf=ACYBGNQrwYwyQkGyeiAk-ntGDjR4M8mCwg:1571491152998&source=lnms&tbm=vid&sa=X&ved=0ahUKEwi-qMTftKjlAhUHh-AKHZAPClIQ_AUIEygC&biw=1536&bih=754, userID = Test3
Hibernate: select userdetail0_.id as id1_2_, userdetail0_.access_token as access_t2_2_, userdetail0_.no_of_requests_per_day as no_of_re3_2_, userdetail0_.usage_plan as usage_pl4_2_, userdetail0_.user_name as user_nam5_2_ from user_details_entity userdetail0_ where userdetail0_.access_token=?
Hibernate: call next value for hibernate_sequence
Hibernate: insert into user_details_accessed_entity (accessed_date, no_of_times_accessed, id) values (?, ?, ?)
Hibernate: update user_details_accessed_entity set user_name=? where id=?
Hibernate: call next value for hibernate_sequence
Hibernate: insert into tinyurlentity (created_at, expiring_on, longurl, no_of_times_accessed, shorturl, userid, id) values (?, ?, ?, ?, ?, ?, ?)
2019-11-09 15:36:38.376  INFO 21456 --- [onPool-worker-7] c.n.t.controller.TinnyURLController      : created a short URL.
2019-11-09 15:36:38.376  INFO 21456 --- [onPool-worker-7] c.n.t.controller.TinnyURLController      : Request : MinifyRequestDto(userId=test3, longURL=https://www.test3.com/search?q=map+initialization+java+11&rlz=1C1SQJL_enUS807US807&oq=map+initialization+java+&aqs=chrome.2.69i57j0l5.5614j0j7&sourceid=chrome&ie=UTF-8, shortURL=null)
2019-11-09 15:36:38.376  INFO 21456 --- [onPool-worker-7] c.n.t.controller.TinnyURLController      : Response : MinifyResponseDto(userId=test3, longURL=https://www.test3.com/search?q=map+initialization+java+11&rlz=1C1SQJL_enUS807US807&oq=map+initialization+java+&aqs=chrome.2.69i57j0l5.5614j0j7&sourceid=chrome&ie=UTF-8, shortURL=http://localhost:8080/expand/RPmgheIrfg, expiringOn=2019-11-10T15:36:38.340870100)
Hibernate: select lastaccess0_.user_name as user_nam4_1_0_, lastaccess0_.id as id1_1_0_, lastaccess0_.id as id1_1_1_, lastaccess0_.accessed_date as accessed2_1_1_, lastaccess0_.no_of_times_accessed as no_of_ti3_1_1_ from user_details_accessed_entity lastaccess0_ where lastaccess0_.user_name=?
Hibernate: select userdetail0_.id as id1_2_1_, userdetail0_.access_token as access_t2_2_1_, userdetail0_.no_of_requests_per_day as no_of_re3_2_1_, userdetail0_.usage_plan as usage_pl4_2_1_, userdetail0_.user_name as user_nam5_2_1_, lastaccess1_.user_name as user_nam4_1_3_, lastaccess1_.id as id1_1_3_, lastaccess1_.id as id1_1_0_, lastaccess1_.accessed_date as accessed2_1_0_, lastaccess1_.no_of_times_accessed as no_of_ti3_1_0_ from user_details_entity userdetail0_ left outer join user_details_accessed_entity lastaccess1_ on userdetail0_.user_name=lastaccess1_.user_name where userdetail0_.id=?
Hibernate: call next value for hibernate_sequence
Hibernate: insert into user_details_accessed_entity (accessed_date, no_of_times_accessed, id) values (?, ?, ?)
Hibernate: update user_details_accessed_entity set user_name=? where id=?
Hibernate: select userdetail0_.id as id1_2_, userdetail0_.access_token as access_t2_2_, userdetail0_.no_of_requests_per_day as no_of_re3_2_, userdetail0_.usage_plan as usage_pl4_2_, userdetail0_.user_name as user_nam5_2_ from user_details_entity userdetail0_ where userdetail0_.access_token=?
Hibernate: select lastaccess0_.user_name as user_nam4_1_0_, lastaccess0_.id as id1_1_0_, lastaccess0_.id as id1_1_1_, lastaccess0_.accessed_date as accessed2_1_1_, lastaccess0_.no_of_times_accessed as no_of_ti3_1_1_ from user_details_accessed_entity lastaccess0_ where lastaccess0_.user_name=?
Hibernate: select userdetail0_.id as id1_2_1_, userdetail0_.access_token as access_t2_2_1_, userdetail0_.no_of_requests_per_day as no_of_re3_2_1_, userdetail0_.usage_plan as usage_pl4_2_1_, userdetail0_.user_name as user_nam5_2_1_, lastaccess1_.user_name as user_nam4_1_3_, lastaccess1_.id as id1_1_3_, lastaccess1_.id as id1_1_0_, lastaccess1_.accessed_date as accessed2_1_0_, lastaccess1_.no_of_times_accessed as no_of_ti3_1_0_ from user_details_entity userdetail0_ left outer join user_details_accessed_entity lastaccess1_ on userdetail0_.user_name=lastaccess1_.user_name where userdetail0_.id=?
Hibernate: call next value for hibernate_sequence
Hibernate: insert into user_details_accessed_entity (accessed_date, no_of_times_accessed, id) values (?, ?, ?)
Hibernate: update user_details_accessed_entity set user_name=? where id=?
Hibernate: select tinyurlent0_.id as id1_0_, tinyurlent0_.created_at as created_2_0_, tinyurlent0_.expiring_on as expiring3_0_, tinyurlent0_.longurl as longurl4_0_, tinyurlent0_.no_of_times_accessed as no_of_ti5_0_, tinyurlent0_.shorturl as shorturl6_0_, tinyurlent0_.userid as userid7_0_ from tinyurlentity tinyurlent0_ where tinyurlent0_.shorturl=?
Hibernate: call next value for hibernate_sequence
Hibernate: insert into tinyurlentity (created_at, expiring_on, longurl, no_of_times_accessed, shorturl, userid, id) values (?, ?, ?, ?, ?, ?, ?)
2019-11-09 15:36:38.416  INFO 21456 --- [onPool-worker-3] c.n.t.controller.TinnyURLController      : created a short URL.
2019-11-09 15:36:38.417  INFO 21456 --- [onPool-worker-3] c.n.t.controller.TinnyURLController      : Request : MinifyRequestDto(userId=Test3, longURL=https://www.Test3.com/search?q=junit+5+dynamic+tests+examples&safe=active&rlz=1C1SQJL_enUS807US807&sxsrf=ACYBGNQrwYwyQkGyeiAk-ntGDjR4M8mCwg:1571491152998&source=lnms&tbm=vid&sa=X&ved=0ahUKEwi-qMTftKjlAhUHh-AKHZAPClIQ_AUIEygC&biw=1536&bih=754, shortURL=null)
2019-11-09 15:36:38.417  INFO 21456 --- [onPool-worker-3] c.n.t.controller.TinnyURLController      : Response : MinifyResponseDto(userId=Test3, longURL=https://www.Test3.com/search?q=junit+5+dynamic+tests+examples&safe=active&rlz=1C1SQJL_enUS807US807&sxsrf=ACYBGNQrwYwyQkGyeiAk-ntGDjR4M8mCwg:1571491152998&source=lnms&tbm=vid&sa=X&ved=0ahUKEwi-qMTftKjlAhUHh-AKHZAPClIQ_AUIEygC&biw=1536&bih=754, shortURL=http://localhost:8080/expand/s91JriPlNi, expiringOn=2019-11-10T15:36:38.413092500)
Hibernate: select tinyurlent0_.id as id1_0_, tinyurlent0_.created_at as created_2_0_, tinyurlent0_.expiring_on as expiring3_0_, tinyurlent0_.longurl as longurl4_0_, tinyurlent0_.no_of_times_accessed as no_of_ti5_0_, tinyurlent0_.shorturl as shorturl6_0_, tinyurlent0_.userid as userid7_0_ from tinyurlentity tinyurlent0_ where tinyurlent0_.shorturl=?
Hibernate: call next value for hibernate_sequence
Hibernate: insert into tinyurlentity (created_at, expiring_on, longurl, no_of_times_accessed, shorturl, userid, id) values (?, ?, ?, ?, ?, ?, ?)
2019-11-09 15:36:38.433  INFO 21456 --- [onPool-worker-5] c.n.t.controller.TinnyURLController      : created a short URL.
2019-11-09 15:36:38.434  INFO 21456 --- [onPool-worker-5] c.n.t.controller.TinnyURLController      : Request : MinifyRequestDto(userId=abc123, longURL=https://www.google.com/search?safe=active&rlz=1C1SQJL_enUS807US807&sxsrf=ACYBGNRx5ybGi72w6lRU9s_0PUs8iPn-UQ%3A1571455118815&ei=joCqXbmyMe_l_Qbd87uwCA&q=recursive+mockmvc+example&oq=recursive+mockmvc+&gs_l=psy-ab.3.0.33i160.114926.123218..124835...0.1..0.154.1989.1j16......0....1..gws-wiz.......0i71j35i39j0i67j0j0i131j0i20i263j0i70i249j0i22i30j0i13i30j0i13i5i30j0i8i13i30j0i13.nuNl5STQCIk, shortURL=null)
2019-11-09 15:36:38.443  INFO 21456 --- [onPool-worker-5] c.n.t.controller.TinnyURLController      : Response : MinifyResponseDto(userId=abc123, longURL=https://www.google.com/search?safe=active&rlz=1C1SQJL_enUS807US807&sxsrf=ACYBGNRx5ybGi72w6lRU9s_0PUs8iPn-UQ%3A1571455118815&ei=joCqXbmyMe_l_Qbd87uwCA&q=recursive+mockmvc+example&oq=recursive+mockmvc+&gs_l=psy-ab.3.0.33i160.114926.123218..124835...0.1..0.154.1989.1j16......0....1..gws-wiz.......0i71j35i39j0i67j0j0i131j0i20i263j0i70i249j0i22i30j0i13i30j0i13i5i30j0i8i13i30j0i13.nuNl5STQCIk, shortURL=http://localhost:8080/expand/7pobq8Rx8b, expiringOn=2019-11-10T15:36:38.428709100)
longURL = https://www.google.com/search?q=map+initialization+java+11&rlz=1C1SQJL_enUS807US807&oq=map+initialization+java+&aqs=chrome.2.69i57j0l5.5614j0j7&sourceid=chrome&ie=UTF-8, userID = abc234
Hibernate: select userdetail0_.id as id1_2_, userdetail0_.access_token as access_t2_2_, userdetail0_.no_of_requests_per_day as no_of_re3_2_, userdetail0_.usage_plan as usage_pl4_2_, userdetail0_.user_name as user_nam5_2_ from user_details_entity userdetail0_ where userdetail0_.access_token=?
Hibernate: select lastaccess0_.user_name as user_nam4_1_0_, lastaccess0_.id as id1_1_0_, lastaccess0_.id as id1_1_1_, lastaccess0_.accessed_date as accessed2_1_1_, lastaccess0_.no_of_times_accessed as no_of_ti3_1_1_ from user_details_accessed_entity lastaccess0_ where lastaccess0_.user_name=?
Hibernate: select userdetail0_.id as id1_2_1_, userdetail0_.access_token as access_t2_2_1_, userdetail0_.no_of_requests_per_day as no_of_re3_2_1_, userdetail0_.usage_plan as usage_pl4_2_1_, userdetail0_.user_name as user_nam5_2_1_, lastaccess1_.user_name as user_nam4_1_3_, lastaccess1_.id as id1_1_3_, lastaccess1_.id as id1_1_0_, lastaccess1_.accessed_date as accessed2_1_0_, lastaccess1_.no_of_times_accessed as no_of_ti3_1_0_ from user_details_entity userdetail0_ left outer join user_details_accessed_entity lastaccess1_ on userdetail0_.user_name=lastaccess1_.user_name where userdetail0_.id=?
Hibernate: call next value for hibernate_sequence
Hibernate: insert into user_details_accessed_entity (accessed_date, no_of_times_accessed, id) values (?, ?, ?)
Hibernate: update user_details_accessed_entity set user_name=? where id=?
Hibernate: select userdetail0_.id as id1_2_, userdetail0_.access_token as access_t2_2_, userdetail0_.no_of_requests_per_day as no_of_re3_2_, userdetail0_.usage_plan as usage_pl4_2_, userdetail0_.user_name as user_nam5_2_ from user_details_entity userdetail0_ where userdetail0_.access_token=?
Hibernate: select lastaccess0_.user_name as user_nam4_1_0_, lastaccess0_.id as id1_1_0_, lastaccess0_.id as id1_1_1_, lastaccess0_.accessed_date as accessed2_1_1_, lastaccess0_.no_of_times_accessed as no_of_ti3_1_1_ from user_details_accessed_entity lastaccess0_ where lastaccess0_.user_name=?
Hibernate: select userdetail0_.id as id1_2_1_, userdetail0_.access_token as access_t2_2_1_, userdetail0_.no_of_requests_per_day as no_of_re3_2_1_, userdetail0_.usage_plan as usage_pl4_2_1_, userdetail0_.user_name as user_nam5_2_1_, lastaccess1_.user_name as user_nam4_1_3_, lastaccess1_.id as id1_1_3_, lastaccess1_.id as id1_1_0_, lastaccess1_.accessed_date as accessed2_1_0_, lastaccess1_.no_of_times_accessed as no_of_ti3_1_0_ from user_details_entity userdetail0_ left outer join user_details_accessed_entity lastaccess1_ on userdetail0_.user_name=lastaccess1_.user_name where userdetail0_.id=?
Hibernate: call next value for hibernate_sequence
Hibernate: insert into user_details_accessed_entity (accessed_date, no_of_times_accessed, id) values (?, ?, ?)
Hibernate: update user_details_accessed_entity set user_name=? where id=?
Hibernate: select tinyurlent0_.id as id1_0_, tinyurlent0_.created_at as created_2_0_, tinyurlent0_.expiring_on as expiring3_0_, tinyurlent0_.longurl as longurl4_0_, tinyurlent0_.no_of_times_accessed as no_of_ti5_0_, tinyurlent0_.shorturl as shorturl6_0_, tinyurlent0_.userid as userid7_0_ from tinyurlentity tinyurlent0_ where tinyurlent0_.shorturl=?
Hibernate: call next value for hibernate_sequence
Hibernate: insert into tinyurlentity (created_at, expiring_on, longurl, no_of_times_accessed, shorturl, userid, id) values (?, ?, ?, ?, ?, ?, ?)
2019-11-09 15:36:38.498  INFO 21456 --- [    Test worker] c.n.t.controller.TinnyURLController      : created a short URL.
2019-11-09 15:36:38.498  INFO 21456 --- [    Test worker] c.n.t.controller.TinnyURLController      : Request : MinifyRequestDto(userId=abc234, longURL=https://www.google.com/search?q=map+initialization+java+11&rlz=1C1SQJL_enUS807US807&oq=map+initialization+java+&aqs=chrome.2.69i57j0l5.5614j0j7&sourceid=chrome&ie=UTF-8, shortURL=null)
2019-11-09 15:36:38.498  INFO 21456 --- [    Test worker] c.n.t.controller.TinnyURLController      : Response : MinifyResponseDto(userId=abc234, longURL=https://www.google.com/search?q=map+initialization+java+11&rlz=1C1SQJL_enUS807US807&oq=map+initialization+java+&aqs=chrome.2.69i57j0l5.5614j0j7&sourceid=chrome&ie=UTF-8, shortURL=http://localhost:8080/expand/51XQNYAFmq, expiringOn=2019-11-10T15:36:38.492148100)
longURL = https://www.google.com/search?q=junit+5+dynamic+tests+examples&safe=active&rlz=1C1SQJL_enUS807US807&sxsrf=ACYBGNQrwYwyQkGyeiAk-ntGDjR4M8mCwg:1571491152998&source=lnms&tbm=vid&sa=X&ved=0ahUKEwi-qMTftKjlAhUHh-AKHZAPClIQ_AUIEygC&biw=1536&bih=754, userID = abc568
Hibernate: select userdetail0_.id as id1_2_, userdetail0_.access_token as access_t2_2_, userdetail0_.no_of_requests_per_day as no_of_re3_2_, userdetail0_.usage_plan as usage_pl4_2_, userdetail0_.user_name as user_nam5_2_ from user_details_entity userdetail0_ where userdetail0_.access_token=?
Hibernate: select lastaccess0_.user_name as user_nam4_1_0_, lastaccess0_.id as id1_1_0_, lastaccess0_.id as id1_1_1_, lastaccess0_.accessed_date as accessed2_1_1_, lastaccess0_.no_of_times_accessed as no_of_ti3_1_1_ from user_details_accessed_entity lastaccess0_ where lastaccess0_.user_name=?
Hibernate: select userdetail0_.id as id1_2_1_, userdetail0_.access_token as access_t2_2_1_, userdetail0_.no_of_requests_per_day as no_of_re3_2_1_, userdetail0_.usage_plan as usage_pl4_2_1_, userdetail0_.user_name as user_nam5_2_1_, lastaccess1_.user_name as user_nam4_1_3_, lastaccess1_.id as id1_1_3_, lastaccess1_.id as id1_1_0_, lastaccess1_.accessed_date as accessed2_1_0_, lastaccess1_.no_of_times_accessed as no_of_ti3_1_0_ from user_details_entity userdetail0_ left outer join user_details_accessed_entity lastaccess1_ on userdetail0_.user_name=lastaccess1_.user_name where userdetail0_.id=?
Hibernate: call next value for hibernate_sequence
Hibernate: insert into user_details_accessed_entity (accessed_date, no_of_times_accessed, id) values (?, ?, ?)
Hibernate: update user_details_accessed_entity set user_name=? where id=?
Hibernate: select userdetail0_.id as id1_2_, userdetail0_.access_token as access_t2_2_, userdetail0_.no_of_requests_per_day as no_of_re3_2_, userdetail0_.usage_plan as usage_pl4_2_, userdetail0_.user_name as user_nam5_2_ from user_details_entity userdetail0_ where userdetail0_.access_token=?
Hibernate: select lastaccess0_.user_name as user_nam4_1_0_, lastaccess0_.id as id1_1_0_, lastaccess0_.id as id1_1_1_, lastaccess0_.accessed_date as accessed2_1_1_, lastaccess0_.no_of_times_accessed as no_of_ti3_1_1_ from user_details_accessed_entity lastaccess0_ where lastaccess0_.user_name=?
Hibernate: select userdetail0_.id as id1_2_1_, userdetail0_.access_token as access_t2_2_1_, userdetail0_.no_of_requests_per_day as no_of_re3_2_1_, userdetail0_.usage_plan as usage_pl4_2_1_, userdetail0_.user_name as user_nam5_2_1_, lastaccess1_.user_name as user_nam4_1_3_, lastaccess1_.id as id1_1_3_, lastaccess1_.id as id1_1_0_, lastaccess1_.accessed_date as accessed2_1_0_, lastaccess1_.no_of_times_accessed as no_of_ti3_1_0_ from user_details_entity userdetail0_ left outer join user_details_accessed_entity lastaccess1_ on userdetail0_.user_name=lastaccess1_.user_name where userdetail0_.id=?
Hibernate: call next value for hibernate_sequence
Hibernate: insert into user_details_accessed_entity (accessed_date, no_of_times_accessed, id) values (?, ?, ?)
Hibernate: update user_details_accessed_entity set user_name=? where id=?
Hibernate: select tinyurlent0_.id as id1_0_, tinyurlent0_.created_at as created_2_0_, tinyurlent0_.expiring_on as expiring3_0_, tinyurlent0_.longurl as longurl4_0_, tinyurlent0_.no_of_times_accessed as no_of_ti5_0_, tinyurlent0_.shorturl as shorturl6_0_, tinyurlent0_.userid as userid7_0_ from tinyurlentity tinyurlent0_ where tinyurlent0_.shorturl=?
Hibernate: call next value for hibernate_sequence
Hibernate: insert into tinyurlentity (created_at, expiring_on, longurl, no_of_times_accessed, shorturl, userid, id) values (?, ?, ?, ?, ?, ?, ?)
2019-11-09 15:36:38.528  INFO 21456 --- [    Test worker] c.n.t.controller.TinnyURLController      : created a short URL.
2019-11-09 15:36:38.528  INFO 21456 --- [    Test worker] c.n.t.controller.TinnyURLController      : Request : MinifyRequestDto(userId=abc568, longURL=https://www.google.com/search?q=junit+5+dynamic+tests+examples&safe=active&rlz=1C1SQJL_enUS807US807&sxsrf=ACYBGNQrwYwyQkGyeiAk-ntGDjR4M8mCwg:1571491152998&source=lnms&tbm=vid&sa=X&ved=0ahUKEwi-qMTftKjlAhUHh-AKHZAPClIQ_AUIEygC&biw=1536&bih=754, shortURL=null)
2019-11-09 15:36:38.528  INFO 21456 --- [    Test worker] c.n.t.controller.TinnyURLController      : Response : MinifyResponseDto(userId=abc568, longURL=https://www.google.com/search?q=junit+5+dynamic+tests+examples&safe=active&rlz=1C1SQJL_enUS807US807&sxsrf=ACYBGNQrwYwyQkGyeiAk-ntGDjR4M8mCwg:1571491152998&source=lnms&tbm=vid&sa=X&ved=0ahUKEwi-qMTftKjlAhUHh-AKHZAPClIQ_AUIEygC&biw=1536&bih=754, shortURL=http://localhost:8080/expand/dnPiAJYfQF, expiringOn=2019-11-10T15:36:38.524357300)
longURL = https://www.test2.com/search?q=map+initialization+java+11&rlz=1C1SQJL_enUS807US807&oq=map+initialization+java+&aqs=chrome.2.69i57j0l5.5614j0j7&sourceid=chrome&ie=UTF-8, userID = abc1
Hibernate: select userdetail0_.id as id1_2_, userdetail0_.access_token as access_t2_2_, userdetail0_.no_of_requests_per_day as no_of_re3_2_, userdetail0_.usage_plan as usage_pl4_2_, userdetail0_.user_name as user_nam5_2_ from user_details_entity userdetail0_ where userdetail0_.access_token=?
Hibernate: select lastaccess0_.user_name as user_nam4_1_0_, lastaccess0_.id as id1_1_0_, lastaccess0_.id as id1_1_1_, lastaccess0_.accessed_date as accessed2_1_1_, lastaccess0_.no_of_times_accessed as no_of_ti3_1_1_ from user_details_accessed_entity lastaccess0_ where lastaccess0_.user_name=?
Hibernate: select userdetail0_.id as id1_2_1_, userdetail0_.access_token as access_t2_2_1_, userdetail0_.no_of_requests_per_day as no_of_re3_2_1_, userdetail0_.usage_plan as usage_pl4_2_1_, userdetail0_.user_name as user_nam5_2_1_, lastaccess1_.user_name as user_nam4_1_3_, lastaccess1_.id as id1_1_3_, lastaccess1_.id as id1_1_0_, lastaccess1_.accessed_date as accessed2_1_0_, lastaccess1_.no_of_times_accessed as no_of_ti3_1_0_ from user_details_entity userdetail0_ left outer join user_details_accessed_entity lastaccess1_ on userdetail0_.user_name=lastaccess1_.user_name where userdetail0_.id=?
Hibernate: call next value for hibernate_sequence
Hibernate: insert into user_details_accessed_entity (accessed_date, no_of_times_accessed, id) values (?, ?, ?)
Hibernate: update user_details_accessed_entity set user_name=? where id=?
Hibernate: select userdetail0_.id as id1_2_, userdetail0_.access_token as access_t2_2_, userdetail0_.no_of_requests_per_day as no_of_re3_2_, userdetail0_.usage_plan as usage_pl4_2_, userdetail0_.user_name as user_nam5_2_ from user_details_entity userdetail0_ where userdetail0_.access_token=?
Hibernate: select lastaccess0_.user_name as user_nam4_1_0_, lastaccess0_.id as id1_1_0_, lastaccess0_.id as id1_1_1_, lastaccess0_.accessed_date as accessed2_1_1_, lastaccess0_.no_of_times_accessed as no_of_ti3_1_1_ from user_details_accessed_entity lastaccess0_ where lastaccess0_.user_name=?
Hibernate: select userdetail0_.id as id1_2_1_, userdetail0_.access_token as access_t2_2_1_, userdetail0_.no_of_requests_per_day as no_of_re3_2_1_, userdetail0_.usage_plan as usage_pl4_2_1_, userdetail0_.user_name as user_nam5_2_1_, lastaccess1_.user_name as user_nam4_1_3_, lastaccess1_.id as id1_1_3_, lastaccess1_.id as id1_1_0_, lastaccess1_.accessed_date as accessed2_1_0_, lastaccess1_.no_of_times_accessed as no_of_ti3_1_0_ from user_details_entity userdetail0_ left outer join user_details_accessed_entity lastaccess1_ on userdetail0_.user_name=lastaccess1_.user_name where userdetail0_.id=?
Hibernate: call next value for hibernate_sequence
Hibernate: insert into user_details_accessed_entity (accessed_date, no_of_times_accessed, id) values (?, ?, ?)
Hibernate: update user_details_accessed_entity set user_name=? where id=?
Hibernate: select tinyurlent0_.id as id1_0_, tinyurlent0_.created_at as created_2_0_, tinyurlent0_.expiring_on as expiring3_0_, tinyurlent0_.longurl as longurl4_0_, tinyurlent0_.no_of_times_accessed as no_of_ti5_0_, tinyurlent0_.shorturl as shorturl6_0_, tinyurlent0_.userid as userid7_0_ from tinyurlentity tinyurlent0_ where tinyurlent0_.shorturl=?
Hibernate: call next value for hibernate_sequence
Hibernate: insert into tinyurlentity (created_at, expiring_on, longurl, no_of_times_accessed, shorturl, userid, id) values (?, ?, ?, ?, ?, ?, ?)
2019-11-09 15:36:38.565  INFO 21456 --- [    Test worker] c.n.t.controller.TinnyURLController      : created a short URL.
2019-11-09 15:36:38.565  INFO 21456 --- [    Test worker] c.n.t.controller.TinnyURLController      : Request : MinifyRequestDto(userId=abc1, longURL=https://www.test2.com/search?q=map+initialization+java+11&rlz=1C1SQJL_enUS807US807&oq=map+initialization+java+&aqs=chrome.2.69i57j0l5.5614j0j7&sourceid=chrome&ie=UTF-8, shortURL=null)
2019-11-09 15:36:38.565  INFO 21456 --- [    Test worker] c.n.t.controller.TinnyURLController      : Response : MinifyResponseDto(userId=abc1, longURL=https://www.test2.com/search?q=map+initialization+java+11&rlz=1C1SQJL_enUS807US807&oq=map+initialization+java+&aqs=chrome.2.69i57j0l5.5614j0j7&sourceid=chrome&ie=UTF-8, shortURL=http://localhost:8080/expand/S7J5L3AHvS, expiringOn=2019-11-10T15:36:38.563396800)
longURL = https://www.test3.com/search?q=map+initialization+java+11&rlz=1C1SQJL_enUS807US807&oq=map+initialization+java+&aqs=chrome.2.69i57j0l5.5614j0j7&sourceid=chrome&ie=UTF-8, userID = test3
Hibernate: select userdetail0_.id as id1_2_, userdetail0_.access_token as access_t2_2_, userdetail0_.no_of_requests_per_day as no_of_re3_2_, userdetail0_.usage_plan as usage_pl4_2_, userdetail0_.user_name as user_nam5_2_ from user_details_entity userdetail0_ where userdetail0_.access_token=?
Hibernate: select lastaccess0_.user_name as user_nam4_1_0_, lastaccess0_.id as id1_1_0_, lastaccess0_.id as id1_1_1_, lastaccess0_.accessed_date as accessed2_1_1_, lastaccess0_.no_of_times_accessed as no_of_ti3_1_1_ from user_details_accessed_entity lastaccess0_ where lastaccess0_.user_name=?
Hibernate: select userdetail0_.id as id1_2_1_, userdetail0_.access_token as access_t2_2_1_, userdetail0_.no_of_requests_per_day as no_of_re3_2_1_, userdetail0_.usage_plan as usage_pl4_2_1_, userdetail0_.user_name as user_nam5_2_1_, lastaccess1_.user_name as user_nam4_1_3_, lastaccess1_.id as id1_1_3_, lastaccess1_.id as id1_1_0_, lastaccess1_.accessed_date as accessed2_1_0_, lastaccess1_.no_of_times_accessed as no_of_ti3_1_0_ from user_details_entity userdetail0_ left outer join user_details_accessed_entity lastaccess1_ on userdetail0_.user_name=lastaccess1_.user_name where userdetail0_.id=?
Hibernate: call next value for hibernate_sequence
Hibernate: insert into user_details_accessed_entity (accessed_date, no_of_times_accessed, id) values (?, ?, ?)
Hibernate: update user_details_accessed_entity set user_name=? where id=?
Hibernate: select userdetail0_.id as id1_2_, userdetail0_.access_token as access_t2_2_, userdetail0_.no_of_requests_per_day as no_of_re3_2_, userdetail0_.usage_plan as usage_pl4_2_, userdetail0_.user_name as user_nam5_2_ from user_details_entity userdetail0_ where userdetail0_.access_token=?
Hibernate: select lastaccess0_.user_name as user_nam4_1_0_, lastaccess0_.id as id1_1_0_, lastaccess0_.id as id1_1_1_, lastaccess0_.accessed_date as accessed2_1_1_, lastaccess0_.no_of_times_accessed as no_of_ti3_1_1_ from user_details_accessed_entity lastaccess0_ where lastaccess0_.user_name=?
Hibernate: select userdetail0_.id as id1_2_1_, userdetail0_.access_token as access_t2_2_1_, userdetail0_.no_of_requests_per_day as no_of_re3_2_1_, userdetail0_.usage_plan as usage_pl4_2_1_, userdetail0_.user_name as user_nam5_2_1_, lastaccess1_.user_name as user_nam4_1_3_, lastaccess1_.id as id1_1_3_, lastaccess1_.id as id1_1_0_, lastaccess1_.accessed_date as accessed2_1_0_, lastaccess1_.no_of_times_accessed as no_of_ti3_1_0_ from user_details_entity userdetail0_ left outer join user_details_accessed_entity lastaccess1_ on userdetail0_.user_name=lastaccess1_.user_name where userdetail0_.id=?
Hibernate: call next value for hibernate_sequence
Hibernate: insert into user_details_accessed_entity (accessed_date, no_of_times_accessed, id) values (?, ?, ?)
Hibernate: update user_details_accessed_entity set user_name=? where id=?
Hibernate: select tinyurlent0_.id as id1_0_, tinyurlent0_.created_at as created_2_0_, tinyurlent0_.expiring_on as expiring3_0_, tinyurlent0_.longurl as longurl4_0_, tinyurlent0_.no_of_times_accessed as no_of_ti5_0_, tinyurlent0_.shorturl as shorturl6_0_, tinyurlent0_.userid as userid7_0_ from tinyurlentity tinyurlent0_ where tinyurlent0_.shorturl=?
Hibernate: call next value for hibernate_sequence
Hibernate: insert into tinyurlentity (created_at, expiring_on, longurl, no_of_times_accessed, shorturl, userid, id) values (?, ?, ?, ?, ?, ?, ?)
2019-11-09 15:36:38.596  INFO 21456 --- [    Test worker] c.n.t.controller.TinnyURLController      : created a short URL.
2019-11-09 15:36:38.597  INFO 21456 --- [    Test worker] c.n.t.controller.TinnyURLController      : Request : MinifyRequestDto(userId=test3, longURL=https://www.test3.com/search?q=map+initialization+java+11&rlz=1C1SQJL_enUS807US807&oq=map+initialization+java+&aqs=chrome.2.69i57j0l5.5614j0j7&sourceid=chrome&ie=UTF-8, shortURL=null)
2019-11-09 15:36:38.597  INFO 21456 --- [    Test worker] c.n.t.controller.TinnyURLController      : Response : MinifyResponseDto(userId=test3, longURL=https://www.test3.com/search?q=map+initialization+java+11&rlz=1C1SQJL_enUS807US807&oq=map+initialization+java+&aqs=chrome.2.69i57j0l5.5614j0j7&sourceid=chrome&ie=UTF-8, shortURL=http://localhost:8080/expand/Ml43OB5zRa, expiringOn=2019-11-10T15:36:38.593652500)
longURL = https://www.Abc1.com/search?q=map+initialization+java+11&rlz=1C1SQJL_enUS807US807&oq=map+initialization+java+&aqs=chrome.2.69i57j0l5.5614j0j7&sourceid=chrome&ie=UTF-8, userID = Abc1
Hibernate: select userdetail0_.id as id1_2_, userdetail0_.access_token as access_t2_2_, userdetail0_.no_of_requests_per_day as no_of_re3_2_, userdetail0_.usage_plan as usage_pl4_2_, userdetail0_.user_name as user_nam5_2_ from user_details_entity userdetail0_ where userdetail0_.access_token=?
Hibernate: select lastaccess0_.user_name as user_nam4_1_0_, lastaccess0_.id as id1_1_0_, lastaccess0_.id as id1_1_1_, lastaccess0_.accessed_date as accessed2_1_1_, lastaccess0_.no_of_times_accessed as no_of_ti3_1_1_ from user_details_accessed_entity lastaccess0_ where lastaccess0_.user_name=?
Hibernate: select userdetail0_.id as id1_2_1_, userdetail0_.access_token as access_t2_2_1_, userdetail0_.no_of_requests_per_day as no_of_re3_2_1_, userdetail0_.usage_plan as usage_pl4_2_1_, userdetail0_.user_name as user_nam5_2_1_, lastaccess1_.user_name as user_nam4_1_3_, lastaccess1_.id as id1_1_3_, lastaccess1_.id as id1_1_0_, lastaccess1_.accessed_date as accessed2_1_0_, lastaccess1_.no_of_times_accessed as no_of_ti3_1_0_ from user_details_entity userdetail0_ left outer join user_details_accessed_entity lastaccess1_ on userdetail0_.user_name=lastaccess1_.user_name where userdetail0_.id=?
Hibernate: call next value for hibernate_sequence
Hibernate: insert into user_details_accessed_entity (accessed_date, no_of_times_accessed, id) values (?, ?, ?)
Hibernate: update user_details_accessed_entity set user_name=? where id=?
Hibernate: select userdetail0_.id as id1_2_, userdetail0_.access_token as access_t2_2_, userdetail0_.no_of_requests_per_day as no_of_re3_2_, userdetail0_.usage_plan as usage_pl4_2_, userdetail0_.user_name as user_nam5_2_ from user_details_entity userdetail0_ where userdetail0_.access_token=?
Hibernate: select lastaccess0_.user_name as user_nam4_1_0_, lastaccess0_.id as id1_1_0_, lastaccess0_.id as id1_1_1_, lastaccess0_.accessed_date as accessed2_1_1_, lastaccess0_.no_of_times_accessed as no_of_ti3_1_1_ from user_details_accessed_entity lastaccess0_ where lastaccess0_.user_name=?
Hibernate: select userdetail0_.id as id1_2_1_, userdetail0_.access_token as access_t2_2_1_, userdetail0_.no_of_requests_per_day as no_of_re3_2_1_, userdetail0_.usage_plan as usage_pl4_2_1_, userdetail0_.user_name as user_nam5_2_1_, lastaccess1_.user_name as user_nam4_1_3_, lastaccess1_.id as id1_1_3_, lastaccess1_.id as id1_1_0_, lastaccess1_.accessed_date as accessed2_1_0_, lastaccess1_.no_of_times_accessed as no_of_ti3_1_0_ from user_details_entity userdetail0_ left outer join user_details_accessed_entity lastaccess1_ on userdetail0_.user_name=lastaccess1_.user_name where userdetail0_.id=?
Hibernate: call next value for hibernate_sequence
Hibernate: insert into user_details_accessed_entity (accessed_date, no_of_times_accessed, id) values (?, ?, ?)
Hibernate: update user_details_accessed_entity set user_name=? where id=?
Hibernate: select tinyurlent0_.id as id1_0_, tinyurlent0_.created_at as created_2_0_, tinyurlent0_.expiring_on as expiring3_0_, tinyurlent0_.longurl as longurl4_0_, tinyurlent0_.no_of_times_accessed as no_of_ti5_0_, tinyurlent0_.shorturl as shorturl6_0_, tinyurlent0_.userid as userid7_0_ from tinyurlentity tinyurlent0_ where tinyurlent0_.shorturl=?
Hibernate: call next value for hibernate_sequence
Hibernate: insert into tinyurlentity (created_at, expiring_on, longurl, no_of_times_accessed, shorturl, userid, id) values (?, ?, ?, ?, ?, ?, ?)
2019-11-09 15:36:38.660  INFO 21456 --- [    Test worker] c.n.t.controller.TinnyURLController      : created a short URL.
2019-11-09 15:36:38.660  INFO 21456 --- [    Test worker] c.n.t.controller.TinnyURLController      : Request : MinifyRequestDto(userId=Abc1, longURL=https://www.Abc1.com/search?q=map+initialization+java+11&rlz=1C1SQJL_enUS807US807&oq=map+initialization+java+&aqs=chrome.2.69i57j0l5.5614j0j7&sourceid=chrome&ie=UTF-8, shortURL=null)
2019-11-09 15:36:38.661  INFO 21456 --- [    Test worker] c.n.t.controller.TinnyURLController      : Response : MinifyResponseDto(userId=Abc1, longURL=https://www.Abc1.com/search?q=map+initialization+java+11&rlz=1C1SQJL_enUS807US807&oq=map+initialization+java+&aqs=chrome.2.69i57j0l5.5614j0j7&sourceid=chrome&ie=UTF-8, shortURL=http://localhost:8080/expand/LZbFkrPrrC, expiringOn=2019-11-10T15:36:38.658069400)
longURL = https://www.Test3.com/search?q=junit+5+dynamic+tests+examples&safe=active&rlz=1C1SQJL_enUS807US807&sxsrf=ACYBGNQrwYwyQkGyeiAk-ntGDjR4M8mCwg:1571491152998&source=lnms&tbm=vid&sa=X&ved=0ahUKEwi-qMTftKjlAhUHh-AKHZAPClIQ_AUIEygC&biw=1536&bih=754, userID = Test3
Hibernate: select userdetail0_.id as id1_2_, userdetail0_.access_token as access_t2_2_, userdetail0_.no_of_requests_per_day as no_of_re3_2_, userdetail0_.usage_plan as usage_pl4_2_, userdetail0_.user_name as user_nam5_2_ from user_details_entity userdetail0_ where userdetail0_.access_token=?
Hibernate: select lastaccess0_.user_name as user_nam4_1_0_, lastaccess0_.id as id1_1_0_, lastaccess0_.id as id1_1_1_, lastaccess0_.accessed_date as accessed2_1_1_, lastaccess0_.no_of_times_accessed as no_of_ti3_1_1_ from user_details_accessed_entity lastaccess0_ where lastaccess0_.user_name=?
Hibernate: select userdetail0_.id as id1_2_1_, userdetail0_.access_token as access_t2_2_1_, userdetail0_.no_of_requests_per_day as no_of_re3_2_1_, userdetail0_.usage_plan as usage_pl4_2_1_, userdetail0_.user_name as user_nam5_2_1_, lastaccess1_.user_name as user_nam4_1_3_, lastaccess1_.id as id1_1_3_, lastaccess1_.id as id1_1_0_, lastaccess1_.accessed_date as accessed2_1_0_, lastaccess1_.no_of_times_accessed as no_of_ti3_1_0_ from user_details_entity userdetail0_ left outer join user_details_accessed_entity lastaccess1_ on userdetail0_.user_name=lastaccess1_.user_name where userdetail0_.id=?
Hibernate: call next value for hibernate_sequence
Hibernate: insert into user_details_accessed_entity (accessed_date, no_of_times_accessed, id) values (?, ?, ?)
Hibernate: update user_details_accessed_entity set user_name=? where id=?
Hibernate: select userdetail0_.id as id1_2_, userdetail0_.access_token as access_t2_2_, userdetail0_.no_of_requests_per_day as no_of_re3_2_, userdetail0_.usage_plan as usage_pl4_2_, userdetail0_.user_name as user_nam5_2_ from user_details_entity userdetail0_ where userdetail0_.access_token=?
[...]
Hibernate: select tinyurlent0_.id as id1_0_, tinyurlent0_.created_at as created_2_0_, tinyurlent0_.expiring_on as expiring3_0_, tinyurlent0_.longurl as longurl4_0_, tinyurlent0_.no_of_times_accessed as no_of_ti5_0_, tinyurlent0_.shorturl as shorturl6_0_, tinyurlent0_.userid as userid7_0_ from tinyurlentity tinyurlent0_ where tinyurlent0_.shorturl=?
Hibernate: update tinyurlentity set created_at=?, expiring_on=?, longurl=?, no_of_times_accessed=?, shorturl=?, userid=? where id=?
2019-11-09 15:36:39.736  INFO 21456 --- [    Test worker] c.n.tinyurl.service.TinnyURLService      : Found Short URL.
2019-11-09 15:36:39.736  INFO 21456 --- [    Test worker] c.n.tinyurl.service.TinnyURLService      : TinyURLEntity : TinyURLEntity(id=28, userID=test3, longURL=https://www.test3.com/search?q=map+initialization+java+11&rlz=1C1SQJL_enUS807US807&oq=map+initialization+java+&aqs=chrome.2.69i57j0l5.5614j0j7&sourceid=chrome&ie=UTF-8, shortURL=http://localhost:8080/expand/RPmgheIrfg, createdAt=2019-11-09T15:36:38.340870, expiringOn=2019-11-10T15:36:38.340870, noOfTimesAccessed=21)
shortURL = http://localhost:8080/expand/jrpJQXm6jK
Hibernate: select tinyurlent0_.id as id1_0_, tinyurlent0_.created_at as created_2_0_, tinyurlent0_.expiring_on as expiring3_0_, tinyurlent0_.longurl as longurl4_0_, tinyurlent0_.no_of_times_accessed as no_of_ti5_0_, tinyurlent0_.shorturl as shorturl6_0_, tinyurlent0_.userid as userid7_0_ from tinyurlentity tinyurlent0_ where tinyurlent0_.shorturl=?
Hibernate: update tinyurlentity set created_at=?, expiring_on=?, longurl=?, no_of_times_accessed=?, shorturl=?, userid=? where id=?
2019-11-09 15:36:39.744  INFO 21456 --- [    Test worker] c.n.tinyurl.service.TinnyURLService      : Found Short URL.
2019-11-09 15:36:39.744  INFO 21456 --- [    Test worker] c.n.tinyurl.service.TinnyURLService      : TinyURLEntity : TinyURLEntity(id=20, userID=abc234, longURL=https://www.google.com/search?q=map+initialization+java+11&rlz=1C1SQJL_enUS807US807&oq=map+initialization+java+&aqs=chrome.2.69i57j0l5.5614j0j7&sourceid=chrome&ie=UTF-8, shortURL=http://localhost:8080/expand/jrpJQXm6jK, createdAt=2019-11-09T15:36:38.310626, expiringOn=2019-11-10T15:36:38.310626, noOfTimesAccessed=14)
shortURL = http://localhost:8080/expand/jrpJQXm6jK
Hibernate: select tinyurlent0_.id as id1_0_, tinyurlent0_.created_at as created_2_0_, tinyurlent0_.expiring_on as expiring3_0_, tinyurlent0_.longurl as longurl4_0_, tinyurlent0_.no_of_times_accessed as no_of_ti5_0_, tinyurlent0_.shorturl as shorturl6_0_, tinyurlent0_.userid as userid7_0_ from tinyurlentity tinyurlent0_ where tinyurlent0_.shorturl=?
Hibernate: update tinyurlentity set created_at=?, expiring_on=?, longurl=?, no_of_times_accessed=?, shorturl=?, userid=? where id=?
2019-11-09 15:36:39.750  INFO 21456 --- [    Test worker] c.n.tinyurl.service.TinnyURLService      : Found Short URL.
2019-11-09 15:36:39.751  INFO 21456 --- [    Test worker] c.n.tinyurl.service.TinnyURLService      : TinyURLEntity : TinyURLEntity(id=20, userID=abc234, longURL=https://www.google.com/search?q=map+initialization+java+11&rlz=1C1SQJL_enUS807US807&oq=map+initialization+java+&aqs=chrome.2.69i57j0l5.5614j0j7&sourceid=chrome&ie=UTF-8, shortURL=http://localhost:8080/expand/jrpJQXm6jK, createdAt=2019-11-09T15:36:38.310626, expiringOn=2019-11-10T15:36:38.310626, noOfTimesAccessed=15)
shortURL = http://localhost:8080/expand/1p1Ua7YfuA
Hibernate: select tinyurlent0_.id as id1_0_, tinyurlent0_.created_at as created_2_0_, tinyurlent0_.expiring_on as expiring3_0_, tinyurlent0_.longurl as longurl4_0_, tinyurlent0_.no_of_times_accessed as no_of_ti5_0_, tinyurlent0_.shorturl as shorturl6_0_, tinyurlent0_.userid as userid7_0_ from tinyurlentity tinyurlent0_ where tinyurlent0_.shorturl=?
Hibernate: update tinyurlentity set created_at=?, expiring_on=?, longurl=?, no_of_times_accessed=?, shorturl=?, userid=? where id=?
2019-11-09 15:36:39.757  INFO 21456 --- [    Test worker] c.n.tinyurl.service.TinnyURLService      : Found Short URL.
2019-11-09 15:36:39.757  INFO 21456 --- [    Test worker] c.n.tinyurl.service.TinnyURLService      : TinyURLEntity : TinyURLEntity(id=18, userID=Abc1, longURL=https://www.Abc1.com/search?q=map+initialization+java+11&rlz=1C1SQJL_enUS807US807&oq=map+initialization+java+&aqs=chrome.2.69i57j0l5.5614j0j7&sourceid=chrome&ie=UTF-8, shortURL=http://localhost:8080/expand/1p1Ua7YfuA, createdAt=2019-11-09T15:36:38.295973, expiringOn=2019-11-10T15:36:38.295973, noOfTimesAccessed=18)
shortURL = http://localhost:8080/expand/5CDhqGX6KX
Hibernate: select tinyurlent0_.id as id1_0_, tinyurlent0_.created_at as created_2_0_, tinyurlent0_.expiring_on as expiring3_0_, tinyurlent0_.longurl as longurl4_0_, tinyurlent0_.no_of_times_accessed as no_of_ti5_0_, tinyurlent0_.shorturl as shorturl6_0_, tinyurlent0_.userid as userid7_0_ from tinyurlentity tinyurlent0_ where tinyurlent0_.shorturl=?
Hibernate: update tinyurlentity set created_at=?, expiring_on=?, longurl=?, no_of_times_accessed=?, shorturl=?, userid=? where id=?
2019-11-09 15:36:39.762  INFO 21456 --- [    Test worker] c.n.tinyurl.service.TinnyURLService      : Found Short URL.
2019-11-09 15:36:39.763  INFO 21456 --- [    Test worker] c.n.tinyurl.service.TinnyURLService      : TinyURLEntity : TinyURLEntity(id=26, userID=abc1, longURL=https://www.test2.com/search?q=map+initialization+java+11&rlz=1C1SQJL_enUS807US807&oq=map+initialization+java+&aqs=chrome.2.69i57j0l5.5614j0j7&sourceid=chrome&ie=UTF-8, shortURL=http://localhost:8080/expand/5CDhqGX6KX, createdAt=2019-11-09T15:36:38.354533, expiringOn=2019-11-10T15:36:38.354533, noOfTimesAccessed=11)
shortURL = http://localhost:8080/expand/azRPW2yLrq
Hibernate: select tinyurlent0_.id as id1_0_, tinyurlent0_.created_at as created_2_0_, tinyurlent0_.expiring_on as expiring3_0_, tinyurlent0_.longurl as longurl4_0_, tinyurlent0_.no_of_times_accessed as no_of_ti5_0_, tinyurlent0_.shorturl as shorturl6_0_, tinyurlent0_.userid as userid7_0_ from tinyurlentity tinyurlent0_ where tinyurlent0_.shorturl=?
Hibernate: update tinyurlentity set created_at=?, expiring_on=?, longurl=?, no_of_times_accessed=?, shorturl=?, userid=? where id=?
2019-11-09 15:36:39.768  INFO 21456 --- [    Test worker] c.n.tinyurl.service.TinnyURLService      : Found Short URL.
2019-11-09 15:36:39.769  INFO 21456 --- [    Test worker] c.n.tinyurl.service.TinnyURLService      : TinyURLEntity : TinyURLEntity(id=17, userID=abc568, longURL=https://www.google.com/search?q=junit+5+dynamic+tests+examples&safe=active&rlz=1C1SQJL_enUS807US807&sxsrf=ACYBGNQrwYwyQkGyeiAk-ntGDjR4M8mCwg:1571491152998&source=lnms&tbm=vid&sa=X&ved=0ahUKEwi-qMTftKjlAhUHh-AKHZAPClIQ_AUIEygC&biw=1536&bih=754, shortURL=http://localhost:8080/expand/azRPW2yLrq, createdAt=2019-11-09T15:36:38.294998, expiringOn=2019-11-10T15:36:38.294998, noOfTimesAccessed=10)
shortURL = http://localhost:8080/expand/1p1Ua7YfuA
Hibernate: select tinyurlent0_.id as id1_0_, tinyurlent0_.created_at as created_2_0_, tinyurlent0_.expiring_on as expiring3_0_, tinyurlent0_.longurl as longurl4_0_, tinyurlent0_.no_of_times_accessed as no_of_ti5_0_, tinyurlent0_.shorturl as shorturl6_0_, tinyurlent0_.userid as userid7_0_ from tinyurlentity tinyurlent0_ where tinyurlent0_.shorturl=?
Hibernate: update tinyurlentity set created_at=?, expiring_on=?, longurl=?, no_of_times_accessed=?, shorturl=?, userid=? where id=?
2019-11-09 15:36:39.774  INFO 21456 --- [    Test worker] c.n.tinyurl.service.TinnyURLService      : Found Short URL.
2019-11-09 15:36:39.774  INFO 21456 --- [    Test worker] c.n.tinyurl.service.TinnyURLService      : TinyURLEntity : TinyURLEntity(id=18, userID=Abc1, longURL=https://www.Abc1.com/search?q=map+initialization+java+11&rlz=1C1SQJL_enUS807US807&oq=map+initialization+java+&aqs=chrome.2.69i57j0l5.5614j0j7&sourceid=chrome&ie=UTF-8, shortURL=http://localhost:8080/expand/1p1Ua7YfuA, createdAt=2019-11-09T15:36:38.295973, expiringOn=2019-11-10T15:36:38.295973, noOfTimesAccessed=19)
shortURL = http://localhost:8080/expand/jrpJQXm6jK
Hibernate: select tinyurlent0_.id as id1_0_, tinyurlent0_.created_at as created_2_0_, tinyurlent0_.expiring_on as expiring3_0_, tinyurlent0_.longurl as longurl4_0_, tinyurlent0_.no_of_times_accessed as no_of_ti5_0_, tinyurlent0_.shorturl as shorturl6_0_, tinyurlent0_.userid as userid7_0_ from tinyurlentity tinyurlent0_ where tinyurlent0_.shorturl=?
Hibernate: update tinyurlentity set created_at=?, expiring_on=?, longurl=?, no_of_times_accessed=?, shorturl=?, userid=? where id=?
2019-11-09 15:36:39.780  INFO 21456 --- [    Test worker] c.n.tinyurl.service.TinnyURLService      : Found Short URL.
2019-11-09 15:36:39.780  INFO 21456 --- [    Test worker] c.n.tinyurl.service.TinnyURLService      : TinyURLEntity : TinyURLEntity(id=20, userID=abc234, longURL=https://www.google.com/search?q=map+initialization+java+11&rlz=1C1SQJL_enUS807US807&oq=map+initialization+java+&aqs=chrome.2.69i57j0l5.5614j0j7&sourceid=chrome&ie=UTF-8, shortURL=http://localhost:8080/expand/jrpJQXm6jK, createdAt=2019-11-09T15:36:38.310626, expiringOn=2019-11-10T15:36:38.310626, noOfTimesAccessed=16)
shortURL = http://localhost:8080/expand/5CDhqGX6KX
Hibernate: select tinyurlent0_.id as id1_0_, tinyurlent0_.created_at as created_2_0_, tinyurlent0_.expiring_on as expiring3_0_, tinyurlent0_.longurl as longurl4_0_, tinyurlent0_.no_of_times_accessed as no_of_ti5_0_, tinyurlent0_.shorturl as shorturl6_0_, tinyurlent0_.userid as userid7_0_ from tinyurlentity tinyurlent0_ where tinyurlent0_.shorturl=?
Hibernate: update tinyurlentity set created_at=?, expiring_on=?, longurl=?, no_of_times_accessed=?, shorturl=?, userid=? where id=?
2019-11-09 15:36:39.786  INFO 21456 --- [    Test worker] c.n.tinyurl.service.TinnyURLService      : Found Short URL.
2019-11-09 15:36:39.786  INFO 21456 --- [    Test worker] c.n.tinyurl.service.TinnyURLService      : TinyURLEntity : TinyURLEntity(id=26, userID=abc1, longURL=https://www.test2.com/search?q=map+initialization+java+11&rlz=1C1SQJL_enUS807US807&oq=map+initialization+java+&aqs=chrome.2.69i57j0l5.5614j0j7&sourceid=chrome&ie=UTF-8, shortURL=http://localhost:8080/expand/5CDhqGX6KX, createdAt=2019-11-09T15:36:38.354533, expiringOn=2019-11-10T15:36:38.354533, noOfTimesAccessed=12)
shortURL = http://localhost:8080/expand/jrpJQXm6jK
Hibernate: select tinyurlent0_.id as id1_0_, tinyurlent0_.created_at as created_2_0_, tinyurlent0_.expiring_on as expiring3_0_, tinyurlent0_.longurl as longurl4_0_, tinyurlent0_.no_of_times_accessed as no_of_ti5_0_, tinyurlent0_.shorturl as shorturl6_0_, tinyurlent0_.userid as userid7_0_ from tinyurlentity tinyurlent0_ where tinyurlent0_.shorturl=?
Hibernate: update tinyurlentity set created_at=?, expiring_on=?, longurl=?, no_of_times_accessed=?, shorturl=?, userid=? where id=?
2019-11-09 15:36:39.793  INFO 21456 --- [    Test worker] c.n.tinyurl.service.TinnyURLService      : Found Short URL.
2019-11-09 15:36:39.793  INFO 21456 --- [    Test worker] c.n.tinyurl.service.TinnyURLService      : TinyURLEntity : TinyURLEntity(id=20, userID=abc234, longURL=https://www.google.com/search?q=map+initialization+java+11&rlz=1C1SQJL_enUS807US807&oq=map+initialization+java+&aqs=chrome.2.69i57j0l5.5614j0j7&sourceid=chrome&ie=UTF-8, shortURL=http://localhost:8080/expand/jrpJQXm6jK, createdAt=2019-11-09T15:36:38.310626, expiringOn=2019-11-10T15:36:38.310626, noOfTimesAccessed=17)
shortURL = http://localhost:8080/expand/RPmgheIrfg
Hibernate: select tinyurlent0_.id as id1_0_, tinyurlent0_.created_at as created_2_0_, tinyurlent0_.expiring_on as expiring3_0_, tinyurlent0_.longurl as longurl4_0_, tinyurlent0_.no_of_times_accessed as no_of_ti5_0_, tinyurlent0_.shorturl as shorturl6_0_, tinyurlent0_.userid as userid7_0_ from tinyurlentity tinyurlent0_ where tinyurlent0_.shorturl=?
Hibernate: update tinyurlentity set created_at=?, expiring_on=?, longurl=?, no_of_times_accessed=?, shorturl=?, userid=? where id=?
2019-11-09 15:36:39.798  INFO 21456 --- [    Test worker] c.n.tinyurl.service.TinnyURLService      : Found Short URL.
2019-11-09 15:36:39.798  INFO 21456 --- [    Test worker] c.n.tinyurl.service.TinnyURLService      : TinyURLEntity : TinyURLEntity(id=28, userID=test3, longURL=https://www.test3.com/search?q=map+initialization+java+11&rlz=1C1SQJL_enUS807US807&oq=map+initialization+java+&aqs=chrome.2.69i57j0l5.5614j0j7&sourceid=chrome&ie=UTF-8, shortURL=http://localhost:8080/expand/RPmgheIrfg, createdAt=2019-11-09T15:36:38.340870, expiringOn=2019-11-10T15:36:38.340870, noOfTimesAccessed=22)
shortURL = http://localhost:8080/expand/s91JriPlNi
Hibernate: select tinyurlent0_.id as id1_0_, tinyurlent0_.created_at as created_2_0_, tinyurlent0_.expiring_on as expiring3_0_, tinyurlent0_.longurl as longurl4_0_, tinyurlent0_.no_of_times_accessed as no_of_ti5_0_, tinyurlent0_.shorturl as shorturl6_0_, tinyurlent0_.userid as userid7_0_ from tinyurlentity tinyurlent0_ where tinyurlent0_.shorturl=?
Hibernate: update tinyurlentity set created_at=?, expiring_on=?, longurl=?, no_of_times_accessed=?, shorturl=?, userid=? where id=?
2019-11-09 15:36:39.805  INFO 21456 --- [    Test worker] c.n.tinyurl.service.TinnyURLService      : Found Short URL.
2019-11-09 15:36:39.805  INFO 21456 --- [    Test worker] c.n.tinyurl.service.TinnyURLService      : TinyURLEntity : TinyURLEntity(id=31, userID=Test3, longURL=https://www.Test3.com/search?q=junit+5+dynamic+tests+examples&safe=active&rlz=1C1SQJL_enUS807US807&sxsrf=ACYBGNQrwYwyQkGyeiAk-ntGDjR4M8mCwg:1571491152998&source=lnms&tbm=vid&sa=X&ved=0ahUKEwi-qMTftKjlAhUHh-AKHZAPClIQ_AUIEygC&biw=1536&bih=754, shortURL=http://localhost:8080/expand/s91JriPlNi, createdAt=2019-11-09T15:36:38.413093, expiringOn=2019-11-10T15:36:38.413093, noOfTimesAccessed=11)
shortURL = http://localhost:8080/expand/s91JriPlNi
Hibernate: select tinyurlent0_.id as id1_0_, tinyurlent0_.created_at as created_2_0_, tinyurlent0_.expiring_on as expiring3_0_, tinyurlent0_.longurl as longurl4_0_, tinyurlent0_.no_of_times_accessed as no_of_ti5_0_, tinyurlent0_.shorturl as shorturl6_0_, tinyurlent0_.userid as userid7_0_ from tinyurlentity tinyurlent0_ where tinyurlent0_.shorturl=?
Hibernate: update tinyurlentity set created_at=?, expiring_on=?, longurl=?, no_of_times_accessed=?, shorturl=?, userid=? where id=?
2019-11-09 15:36:39.812  INFO 21456 --- [    Test worker] c.n.tinyurl.service.TinnyURLService      : Found Short URL.
2019-11-09 15:36:39.812  INFO 21456 --- [    Test worker] c.n.tinyurl.service.TinnyURLService      : TinyURLEntity : TinyURLEntity(id=31, userID=Test3, longURL=https://www.Test3.com/search?q=junit+5+dynamic+tests+examples&safe=active&rlz=1C1SQJL_enUS807US807&sxsrf=ACYBGNQrwYwyQkGyeiAk-ntGDjR4M8mCwg:1571491152998&source=lnms&tbm=vid&sa=X&ved=0ahUKEwi-qMTftKjlAhUHh-AKHZAPClIQ_AUIEygC&biw=1536&bih=754, shortURL=http://localhost:8080/expand/s91JriPlNi, createdAt=2019-11-09T15:36:38.413093, expiringOn=2019-11-10T15:36:38.413093, noOfTimesAccessed=12)
shortURL = http://localhost:8080/expand/7pobq8Rx8b
Hibernate: select tinyurlent0_.id as id1_0_, tinyurlent0_.created_at as created_2_0_, tinyurlent0_.expiring_on as expiring3_0_, tinyurlent0_.longurl as longurl4_0_, tinyurlent0_.no_of_times_accessed as no_of_ti5_0_, tinyurlent0_.shorturl as shorturl6_0_, tinyurlent0_.userid as userid7_0_ from tinyurlentity tinyurlent0_ where tinyurlent0_.shorturl=?
Hibernate: update tinyurlentity set created_at=?, expiring_on=?, longurl=?, no_of_times_accessed=?, shorturl=?, userid=? where id=?
2019-11-09 15:36:39.818  INFO 21456 --- [    Test worker] c.n.tinyurl.service.TinnyURLService      : Found Short URL.
2019-11-09 15:36:39.818  INFO 21456 --- [    Test worker] c.n.tinyurl.service.TinnyURLService      : TinyURLEntity : TinyURLEntity(id=32, userID=abc123, longURL=https://www.google.com/search?safe=active&rlz=1C1SQJL_enUS807US807&sxsrf=ACYBGNRx5ybGi72w6lRU9s_0PUs8iPn-UQ%3A1571455118815&ei=joCqXbmyMe_l_Qbd87uwCA&q=recursive+mockmvc+example&oq=recursive+mockmvc+&gs_l=psy-ab.3.0.33i160.114926.123218..124835...0.1..0.154.1989.1j16......0....1..gws-wiz.......0i71j35i39j0i67j0j0i131j0i20i263j0i70i249j0i22i30j0i13i30j0i13i5i30j0i8i13i30j0i13.nuNl5STQCIk, shortURL=http://localhost:8080/expand/7pobq8Rx8b, createdAt=2019-11-09T15:36:38.428709, expiringOn=2019-11-10T15:36:38.428709, noOfTimesAccessed=14)
shortURL = http://localhost:8080/expand/5CDhqGX6KX
Hibernate: select tinyurlent0_.id as id1_0_, tinyurlent0_.created_at as created_2_0_, tinyurlent0_.expiring_on as expiring3_0_, tinyurlent0_.longurl as longurl4_0_, tinyurlent0_.no_of_times_accessed as no_of_ti5_0_, tinyurlent0_.shorturl as shorturl6_0_, tinyurlent0_.userid as userid7_0_ from tinyurlentity tinyurlent0_ where tinyurlent0_.shorturl=?
Hibernate: update tinyurlentity set created_at=?, expiring_on=?, longurl=?, no_of_times_accessed=?, shorturl=?, userid=? where id=?
2019-11-09 15:36:39.824  INFO 21456 --- [    Test worker] c.n.tinyurl.service.TinnyURLService      : Found Short URL.
2019-11-09 15:36:39.824  INFO 21456 --- [    Test worker] c.n.tinyurl.service.TinnyURLService      : TinyURLEntity : TinyURLEntity(id=26, userID=abc1, longURL=https://www.test2.com/search?q=map+initialization+java+11&rlz=1C1SQJL_enUS807US807&oq=map+initialization+java+&aqs=chrome.2.69i57j0l5.5614j0j7&sourceid=chrome&ie=UTF-8, shortURL=http://localhost:8080/expand/5CDhqGX6KX, createdAt=2019-11-09T15:36:38.354533, expiringOn=2019-11-10T15:36:38.354533, noOfTimesAccessed=13)
shortURL = SignUpRequestDto(userID=abc234T, usagePlan=PREMIUM)
Hibernate: select count(userdetail0_.id) as col_0_0_ from user_details_entity userdetail0_ where userdetail0_.user_name=?
Hibernate: call next value for hibernate_sequence
Hibernate: insert into user_details_entity (access_token, no_of_requests_per_day, usage_plan, user_name, id) values (?, ?, ?, ?, ?)
shortURL = SignUpRequestDto(userID=abc568T, usagePlan=PREMIUM)
Hibernate: select count(userdetail0_.id) as col_0_0_ from user_details_entity userdetail0_ where userdetail0_.user_name=?
Hibernate: call next value for hibernate_sequence
Hibernate: insert into user_details_entity (access_token, no_of_requests_per_day, usage_plan, user_name, id) values (?, ?, ?, ?, ?)
shortURL = SignUpRequestDto(userID=abc1T, usagePlan=PREMIUM)
Hibernate: select count(userdetail0_.id) as col_0_0_ from user_details_entity userdetail0_ where userdetail0_.user_name=?
Hibernate: call next value for hibernate_sequence
Hibernate: insert into user_details_entity (access_token, no_of_requests_per_day, usage_plan, user_name, id) values (?, ?, ?, ?, ?)
shortURL = SignUpRequestDto(userID=test3T, usagePlan=PREMIUM)
Hibernate: select count(userdetail0_.id) as col_0_0_ from user_details_entity userdetail0_ where userdetail0_.user_name=?
Hibernate: call next value for hibernate_sequence
Hibernate: insert into user_details_entity (access_token, no_of_requests_per_day, usage_plan, user_name, id) values (?, ?, ?, ?, ?)
shortURL = SignUpRequestDto(userID=Abc1T, usagePlan=PREMIUM)
Hibernate: select count(userdetail0_.id) as col_0_0_ from user_details_entity userdetail0_ where userdetail0_.user_name=?
Hibernate: call next value for hibernate_sequence
Hibernate: insert into user_details_entity (access_token, no_of_requests_per_day, usage_plan, user_name, id) values (?, ?, ?, ?, ?)
shortURL = SignUpRequestDto(userID=Test3T, usagePlan=PREMIUM)
Hibernate: select count(userdetail0_.id) as col_0_0_ from user_details_entity userdetail0_ where userdetail0_.user_name=?
Hibernate: call next value for hibernate_sequence
Hibernate: insert into user_details_entity (access_token, no_of_requests_per_day, usage_plan, user_name, id) values (?, ?, ?, ?, ?)
shortURL = SignUpRequestDto(userID=abc123T, usagePlan=PREMIUM)
Hibernate: select count(userdetail0_.id) as col_0_0_ from user_details_entity userdetail0_ where userdetail0_.user_name=?
Hibernate: call next value for hibernate_sequence
Hibernate: insert into user_details_entity (access_token, no_of_requests_per_day, usage_plan, user_name, id) values (?, ?, ?, ?, ?)
]]></system-out>
  <system-err><![CDATA[]]></system-err>
</testsuite>
